<?xml version="1.0" encoding="UTF-8"?>
<testsuites name="API Pokedex" time="62.463" tests="82" failures="0" errors="0">
   <testsuite name="API Pokedex" tests="82" failures="0" errors="0" time="62.463" skipped="0" timestamp="27-05-2024T17:14:41" hostname="Admin - DESKTOP-K0UR0QI" id="Test Suites/API Pokedex">
      <properties>
         <property name="deviceName" value=""/>
         <property name="devicePlatform" value=""/>
         <property name="logFolder" value="G:\\Code\\pokedex-katalon\\Reports\\20240527_171436\\API Pokedex\\20240527_171436"/>
         <property name="logFiles" value="G:\\Code\\pokedex-katalon\\Reports\\20240527_171436\\API Pokedex\\20240527_171436\\execution0.log"/>
         <property name="attachments" value=""/>
         <property name="hostName" value="Admin - DESKTOP-K0UR0QI"/>
         <property name="hostAddress" value="192.168.252.59"/>
         <property name="os" value="Windows 11 64bit"/>
         <property name="katalonVersion" value="9.4.0.212"/>
      </properties>
      <testcase name="Test Cases/API/getAbilityById" time="1.766" classname="Test Cases/API/getAbilityById" status="PASSED">
         <system-out><![CDATA[27-05-2024T17:14:42 - [TEST_CASE][PASSED] - Test Cases/API/getAbilityById: Test Cases/API/getAbilityById

27-05-2024T17:14:42 - [TEST_STEP][PASSED] - response = sendRequest(findTestObject("REST/getAbility", ["id":"1"])): Send request successfully

27-05-2024T17:14:43 - [MESSAGE][INFO] - HAR: G:\Code\pokedex-katalon\Reports\20240527_171436\API Pokedex\20240527_171436\requests\main\0.har

27-05-2024T17:14:43 - [MESSAGE][PASSED] - Send request successfully

27-05-2024T17:14:43 - [TEST_STEP][PASSED] - verifyResponseStatusCode(response, 200): Verify response status code successfully

27-05-2024T17:14:43 - [MESSAGE][PASSED] - Verify response status code successfully]]></system-out>
         <system-err><![CDATA[]]></system-err>
      </testcase>
      <testcase name="Test Cases/API/getAbilityByName" time="1.279" classname="Test Cases/API/getAbilityByName" status="PASSED">
         <system-out><![CDATA[27-05-2024T17:14:43 - [TEST_CASE][PASSED] - Test Cases/API/getAbilityByName: Test Cases/API/getAbilityByName

27-05-2024T17:14:43 - [TEST_STEP][PASSED] - response = sendRequest(findTestObject("REST/getAbility", ["id":"stench"])): Send request successfully

27-05-2024T17:14:45 - [MESSAGE][INFO] - HAR: G:\Code\pokedex-katalon\Reports\20240527_171436\API Pokedex\20240527_171436\requests\main\1.har

27-05-2024T17:14:45 - [MESSAGE][PASSED] - Send request successfully

27-05-2024T17:14:45 - [TEST_STEP][PASSED] - verifyResponseStatusCode(response, 200): Verify response status code successfully

27-05-2024T17:14:45 - [MESSAGE][PASSED] - Verify response status code successfully]]></system-out>
         <system-err><![CDATA[]]></system-err>
      </testcase>
      <testcase name="Test Cases/API/getAllPokemon" time="1.195" classname="Test Cases/API/getAllPokemon" status="PASSED">
         <system-out><![CDATA[27-05-2024T17:14:45 - [TEST_CASE][PASSED] - Test Cases/API/getAllPokemon: Test Cases/API/getAllPokemon

27-05-2024T17:14:45 - [TEST_STEP][PASSED] - response = sendRequest(findTestObject("REST/getAllPokemon", ["limit":"100"])): Send request successfully

27-05-2024T17:14:46 - [MESSAGE][INFO] - HAR: G:\Code\pokedex-katalon\Reports\20240527_171436\API Pokedex\20240527_171436\requests\main\2.har

27-05-2024T17:14:46 - [MESSAGE][PASSED] - Send request successfully

27-05-2024T17:14:46 - [TEST_STEP][PASSED] - verifyResponseStatusCode(response, 200): Verify response status code successfully

27-05-2024T17:14:46 - [MESSAGE][PASSED] - Verify response status code successfully]]></system-out>
         <system-err><![CDATA[]]></system-err>
      </testcase>
      <testcase name="Test Cases/API/getAllPokemonLimit100" time="0.303" classname="Test Cases/API/getAllPokemonLimit100" status="PASSED">
         <system-out><![CDATA[27-05-2024T17:14:46 - [TEST_CASE][PASSED] - Test Cases/API/getAllPokemonLimit100: Test Cases/API/getAllPokemonLimit100

27-05-2024T17:14:46 - [TEST_STEP][PASSED] - response = sendRequest(findTestObject("REST/getAllPokemon", ["limit":"10"])): Send request successfully

27-05-2024T17:14:46 - [MESSAGE][INFO] - HAR: G:\Code\pokedex-katalon\Reports\20240527_171436\API Pokedex\20240527_171436\requests\main\3.har

27-05-2024T17:14:46 - [MESSAGE][PASSED] - Send request successfully

27-05-2024T17:14:46 - [TEST_STEP][PASSED] - verifyResponseStatusCode(response, 200): Verify response status code successfully

27-05-2024T17:14:46 - [MESSAGE][PASSED] - Verify response status code successfully]]></system-out>
         <system-err><![CDATA[]]></system-err>
      </testcase>
      <testcase name="Test Cases/API/getBerryById" time="1.231" classname="Test Cases/API/getBerryById" status="PASSED">
         <system-out><![CDATA[27-05-2024T17:14:46 - [TEST_CASE][PASSED] - Test Cases/API/getBerryById: Test Cases/API/getBerryById

27-05-2024T17:14:46 - [TEST_STEP][PASSED] - response = sendRequest(findTestObject("REST/getBerry", ["id":"5"])): Send request successfully

27-05-2024T17:14:47 - [MESSAGE][INFO] - HAR: G:\Code\pokedex-katalon\Reports\20240527_171436\API Pokedex\20240527_171436\requests\main\4.har

27-05-2024T17:14:47 - [MESSAGE][PASSED] - Send request successfully

27-05-2024T17:14:47 - [TEST_STEP][PASSED] - verifyResponseStatusCode(response, 200): Verify response status code successfully

27-05-2024T17:14:47 - [MESSAGE][PASSED] - Verify response status code successfully]]></system-out>
         <system-err><![CDATA[]]></system-err>
      </testcase>
      <testcase name="Test Cases/API/getBerryByName" time="0.771" classname="Test Cases/API/getBerryByName" status="PASSED">
         <system-out><![CDATA[27-05-2024T17:14:47 - [TEST_CASE][PASSED] - Test Cases/API/getBerryByName: Test Cases/API/getBerryByName

27-05-2024T17:14:47 - [TEST_STEP][PASSED] - response = sendRequest(findTestObject("REST/getBerry", ["id":"cheri"])): Send request successfully

27-05-2024T17:14:48 - [MESSAGE][INFO] - HAR: G:\Code\pokedex-katalon\Reports\20240527_171436\API Pokedex\20240527_171436\requests\main\5.har

27-05-2024T17:14:48 - [MESSAGE][PASSED] - Send request successfully

27-05-2024T17:14:48 - [TEST_STEP][PASSED] - verifyResponseStatusCode(response, 200): Verify response status code successfully

27-05-2024T17:14:48 - [MESSAGE][PASSED] - Verify response status code successfully]]></system-out>
         <system-err><![CDATA[]]></system-err>
      </testcase>
      <testcase name="Test Cases/API/getBerryFlavorById" time="0.476" classname="Test Cases/API/getBerryFlavorById" status="PASSED">
         <system-out><![CDATA[27-05-2024T17:14:48 - [TEST_CASE][PASSED] - Test Cases/API/getBerryFlavorById: Test Cases/API/getBerryFlavorById

27-05-2024T17:14:48 - [TEST_STEP][PASSED] - response = sendRequest(findTestObject("REST/getBerryFlavor", ["id":"1"])): Send request successfully

27-05-2024T17:14:49 - [MESSAGE][INFO] - HAR: G:\Code\pokedex-katalon\Reports\20240527_171436\API Pokedex\20240527_171436\requests\main\6.har

27-05-2024T17:14:49 - [MESSAGE][PASSED] - Send request successfully

27-05-2024T17:14:49 - [TEST_STEP][PASSED] - verifyResponseStatusCode(response, 200): Verify response status code successfully

27-05-2024T17:14:49 - [MESSAGE][PASSED] - Verify response status code successfully]]></system-out>
         <system-err><![CDATA[]]></system-err>
      </testcase>
      <testcase name="Test Cases/API/getBerryFlavorByName" time="1.197" classname="Test Cases/API/getBerryFlavorByName" status="PASSED">
         <system-out><![CDATA[27-05-2024T17:14:49 - [TEST_CASE][PASSED] - Test Cases/API/getBerryFlavorByName: Test Cases/API/getBerryFlavorByName

27-05-2024T17:14:49 - [TEST_STEP][PASSED] - response = sendRequest(findTestObject("REST/getBerryFlavor", ["id":"spicy"])): Send request successfully

27-05-2024T17:14:50 - [MESSAGE][INFO] - HAR: G:\Code\pokedex-katalon\Reports\20240527_171436\API Pokedex\20240527_171436\requests\main\7.har

27-05-2024T17:14:50 - [MESSAGE][PASSED] - Send request successfully

27-05-2024T17:14:50 - [TEST_STEP][PASSED] - verifyResponseStatusCode(response, 200): Verify response status code successfully

27-05-2024T17:14:50 - [MESSAGE][PASSED] - Verify response status code successfully]]></system-out>
         <system-err><![CDATA[]]></system-err>
      </testcase>
      <testcase name="Test Cases/API/getCharacteristicById" time="0.424" classname="Test Cases/API/getCharacteristicById" status="PASSED">
         <system-out><![CDATA[27-05-2024T17:14:50 - [TEST_CASE][PASSED] - Test Cases/API/getCharacteristicById: Test Cases/API/getCharacteristicById

27-05-2024T17:14:50 - [TEST_STEP][PASSED] - response = sendRequest(findTestObject("REST/getCharacteristic", ["id":"1"])): Send request successfully

27-05-2024T17:14:50 - [MESSAGE][INFO] - HAR: G:\Code\pokedex-katalon\Reports\20240527_171436\API Pokedex\20240527_171436\requests\main\8.har

27-05-2024T17:14:50 - [MESSAGE][PASSED] - Send request successfully

27-05-2024T17:14:50 - [TEST_STEP][PASSED] - verifyResponseStatusCode(response, 200): Verify response status code successfully

27-05-2024T17:14:50 - [MESSAGE][PASSED] - Verify response status code successfully]]></system-out>
         <system-err><![CDATA[]]></system-err>
      </testcase>
      <testcase name="Test Cases/API/getContestTypesById" time="1.16" classname="Test Cases/API/getContestTypesById" status="PASSED">
         <system-out><![CDATA[27-05-2024T17:14:50 - [TEST_CASE][PASSED] - Test Cases/API/getContestTypesById: Test Cases/API/getContestTypesById

27-05-2024T17:14:50 - [TEST_STEP][PASSED] - response = sendRequest(findTestObject("REST/getContestTypes", ["id":"1"])): Send request successfully

27-05-2024T17:14:51 - [MESSAGE][INFO] - HAR: G:\Code\pokedex-katalon\Reports\20240527_171436\API Pokedex\20240527_171436\requests\main\9.har

27-05-2024T17:14:51 - [MESSAGE][PASSED] - Send request successfully

27-05-2024T17:14:51 - [TEST_STEP][PASSED] - verifyResponseStatusCode(response, 200): Verify response status code successfully

27-05-2024T17:14:51 - [MESSAGE][PASSED] - Verify response status code successfully]]></system-out>
         <system-err><![CDATA[]]></system-err>
      </testcase>
      <testcase name="Test Cases/API/getContestTypesByName" time="1.152" classname="Test Cases/API/getContestTypesByName" status="PASSED">
         <system-out><![CDATA[27-05-2024T17:14:51 - [TEST_CASE][PASSED] - Test Cases/API/getContestTypesByName: Test Cases/API/getContestTypesByName

27-05-2024T17:14:51 - [TEST_STEP][PASSED] - response = sendRequest(findTestObject("REST/getContestTypes", ["id":"cool"])): Send request successfully

27-05-2024T17:14:52 - [MESSAGE][INFO] - HAR: G:\Code\pokedex-katalon\Reports\20240527_171436\API Pokedex\20240527_171436\requests\main\10.har

27-05-2024T17:14:52 - [MESSAGE][PASSED] - Send request successfully

27-05-2024T17:14:52 - [TEST_STEP][PASSED] - verifyResponseStatusCode(response, 200): Verify response status code successfully

27-05-2024T17:14:52 - [MESSAGE][PASSED] - Verify response status code successfully]]></system-out>
         <system-err><![CDATA[]]></system-err>
      </testcase>
      <testcase name="Test Cases/API/getEggsGroupById" time="1.132" classname="Test Cases/API/getEggsGroupById" status="PASSED">
         <system-out><![CDATA[27-05-2024T17:14:52 - [TEST_CASE][PASSED] - Test Cases/API/getEggsGroupById: Test Cases/API/getEggsGroupById

27-05-2024T17:14:53 - [TEST_STEP][PASSED] - response = sendRequest(findTestObject("REST/getEggsGroup", ["id":"monster"])): Send request successfully

27-05-2024T17:14:54 - [MESSAGE][INFO] - HAR: G:\Code\pokedex-katalon\Reports\20240527_171436\API Pokedex\20240527_171436\requests\main\11.har

27-05-2024T17:14:54 - [MESSAGE][PASSED] - Send request successfully

27-05-2024T17:14:54 - [TEST_STEP][PASSED] - verifyResponseStatusCode(response, 200): Verify response status code successfully

27-05-2024T17:14:54 - [MESSAGE][PASSED] - Verify response status code successfully]]></system-out>
         <system-err><![CDATA[]]></system-err>
      </testcase>
      <testcase name="Test Cases/API/getEggsGroupByName" time="0.49" classname="Test Cases/API/getEggsGroupByName" status="PASSED">
         <system-out><![CDATA[27-05-2024T17:14:54 - [TEST_CASE][PASSED] - Test Cases/API/getEggsGroupByName: Test Cases/API/getEggsGroupByName

27-05-2024T17:14:54 - [TEST_STEP][PASSED] - response = sendRequest(findTestObject("REST/getEggsGroup", ["id":"1"])): Send request successfully

27-05-2024T17:14:54 - [MESSAGE][INFO] - HAR: G:\Code\pokedex-katalon\Reports\20240527_171436\API Pokedex\20240527_171436\requests\main\12.har

27-05-2024T17:14:54 - [MESSAGE][PASSED] - Send request successfully

27-05-2024T17:14:54 - [TEST_STEP][PASSED] - verifyResponseStatusCode(response, 200): Verify response status code successfully

27-05-2024T17:14:54 - [MESSAGE][PASSED] - Verify response status code successfully]]></system-out>
         <system-err><![CDATA[]]></system-err>
      </testcase>
      <testcase name="Test Cases/API/getEncounterConditionValuesById" time="0.409" classname="Test Cases/API/getEncounterConditionValuesById" status="PASSED">
         <system-out><![CDATA[27-05-2024T17:14:54 - [TEST_CASE][PASSED] - Test Cases/API/getEncounterConditionValuesById: Test Cases/API/getEncounterConditionValuesById

27-05-2024T17:14:54 - [TEST_STEP][PASSED] - response = sendRequest(findTestObject("REST/getEncouterConditionValue", ["id":"swarm-yes"])): Send request successfully

27-05-2024T17:14:55 - [MESSAGE][INFO] - HAR: G:\Code\pokedex-katalon\Reports\20240527_171436\API Pokedex\20240527_171436\requests\main\13.har

27-05-2024T17:14:55 - [MESSAGE][PASSED] - Send request successfully

27-05-2024T17:14:55 - [TEST_STEP][PASSED] - verifyResponseStatusCode(response, 200): Verify response status code successfully

27-05-2024T17:14:55 - [MESSAGE][PASSED] - Verify response status code successfully]]></system-out>
         <system-err><![CDATA[]]></system-err>
      </testcase>
      <testcase name="Test Cases/API/getEncounterConditionValuesByName" time="0.524" classname="Test Cases/API/getEncounterConditionValuesByName" status="PASSED">
         <system-out><![CDATA[27-05-2024T17:14:55 - [TEST_CASE][PASSED] - Test Cases/API/getEncounterConditionValuesByName: Test Cases/API/getEncounterConditionValuesByName

27-05-2024T17:14:55 - [TEST_STEP][PASSED] - response = sendRequest(findTestObject("REST/getEncouterConditionValue", ["id":"1"])): Send request successfully

27-05-2024T17:14:55 - [MESSAGE][INFO] - HAR: G:\Code\pokedex-katalon\Reports\20240527_171436\API Pokedex\20240527_171436\requests\main\14.har

27-05-2024T17:14:55 - [MESSAGE][PASSED] - Send request successfully

27-05-2024T17:14:55 - [TEST_STEP][PASSED] - verifyResponseStatusCode(response, 200): Verify response status code successfully

27-05-2024T17:14:55 - [MESSAGE][PASSED] - Verify response status code successfully]]></system-out>
         <system-err><![CDATA[]]></system-err>
      </testcase>
      <testcase name="Test Cases/API/getEncouterConditionById" time="0.485" classname="Test Cases/API/getEncouterConditionById" status="PASSED">
         <system-out><![CDATA[27-05-2024T17:14:55 - [TEST_CASE][PASSED] - Test Cases/API/getEncouterConditionById: Test Cases/API/getEncouterConditionById

27-05-2024T17:14:55 - [TEST_STEP][PASSED] - response = sendRequest(findTestObject("REST/getEncounterCondition", ["id":"1"])): Send request successfully

27-05-2024T17:14:56 - [MESSAGE][INFO] - HAR: G:\Code\pokedex-katalon\Reports\20240527_171436\API Pokedex\20240527_171436\requests\main\15.har

27-05-2024T17:14:56 - [MESSAGE][PASSED] - Send request successfully

27-05-2024T17:14:56 - [TEST_STEP][PASSED] - verifyResponseStatusCode(response, 200): Verify response status code successfully

27-05-2024T17:14:56 - [MESSAGE][PASSED] - Verify response status code successfully]]></system-out>
         <system-err><![CDATA[]]></system-err>
      </testcase>
      <testcase name="Test Cases/API/getEncouterConditionByName" time="1.147" classname="Test Cases/API/getEncouterConditionByName" status="PASSED">
         <system-out><![CDATA[27-05-2024T17:14:56 - [TEST_CASE][PASSED] - Test Cases/API/getEncouterConditionByName: Test Cases/API/getEncouterConditionByName

27-05-2024T17:14:56 - [TEST_STEP][PASSED] - response = sendRequest(findTestObject("REST/getEncounterCondition", ["id":"swarm"])): Send request successfully

27-05-2024T17:14:57 - [MESSAGE][INFO] - HAR: G:\Code\pokedex-katalon\Reports\20240527_171436\API Pokedex\20240527_171436\requests\main\16.har

27-05-2024T17:14:57 - [MESSAGE][PASSED] - Send request successfully

27-05-2024T17:14:57 - [TEST_STEP][PASSED] - verifyResponseStatusCode(response, 200): Verify response status code successfully

27-05-2024T17:14:57 - [MESSAGE][PASSED] - Verify response status code successfully]]></system-out>
         <system-err><![CDATA[]]></system-err>
      </testcase>
      <testcase name="Test Cases/API/getEncouterMethodById" time="1.208" classname="Test Cases/API/getEncouterMethodById" status="PASSED">
         <system-out><![CDATA[27-05-2024T17:14:57 - [TEST_CASE][PASSED] - Test Cases/API/getEncouterMethodById: Test Cases/API/getEncouterMethodById

27-05-2024T17:14:57 - [TEST_STEP][PASSED] - response = sendRequest(findTestObject("REST/getEncounterMethod", ["id":"1"])): Send request successfully

27-05-2024T17:14:58 - [MESSAGE][INFO] - HAR: G:\Code\pokedex-katalon\Reports\20240527_171436\API Pokedex\20240527_171436\requests\main\17.har

27-05-2024T17:14:58 - [MESSAGE][PASSED] - Send request successfully

27-05-2024T17:14:58 - [TEST_STEP][PASSED] - verifyResponseStatusCode(response, 200): Verify response status code successfully

27-05-2024T17:14:58 - [MESSAGE][PASSED] - Verify response status code successfully]]></system-out>
         <system-err><![CDATA[]]></system-err>
      </testcase>
      <testcase name="Test Cases/API/getEncouterMethodByName" time="1.336" classname="Test Cases/API/getEncouterMethodByName" status="PASSED">
         <system-out><![CDATA[27-05-2024T17:14:58 - [TEST_CASE][PASSED] - Test Cases/API/getEncouterMethodByName: Test Cases/API/getEncouterMethodByName

27-05-2024T17:14:58 - [TEST_STEP][PASSED] - response = sendRequest(findTestObject("REST/getEncounterMethod", ["id":"walk"])): Send request successfully

27-05-2024T17:14:59 - [MESSAGE][INFO] - HAR: G:\Code\pokedex-katalon\Reports\20240527_171436\API Pokedex\20240527_171436\requests\main\18.har

27-05-2024T17:14:59 - [MESSAGE][PASSED] - Send request successfully

27-05-2024T17:14:59 - [TEST_STEP][PASSED] - verifyResponseStatusCode(response, 200): Verify response status code successfully

27-05-2024T17:14:59 - [MESSAGE][PASSED] - Verify response status code successfully]]></system-out>
         <system-err><![CDATA[]]></system-err>
      </testcase>
      <testcase name="Test Cases/API/getEvolutionTriggerById" time="1.145" classname="Test Cases/API/getEvolutionTriggerById" status="PASSED">
         <system-out><![CDATA[27-05-2024T17:14:59 - [TEST_CASE][PASSED] - Test Cases/API/getEvolutionTriggerById: Test Cases/API/getEvolutionTriggerById

27-05-2024T17:14:59 - [TEST_STEP][PASSED] - response = sendRequest(findTestObject("REST/getEvolutionTrigger", ["id":"1"])): Send request successfully

27-05-2024T17:15:00 - [MESSAGE][INFO] - HAR: G:\Code\pokedex-katalon\Reports\20240527_171436\API Pokedex\20240527_171436\requests\main\19.har

27-05-2024T17:15:00 - [MESSAGE][PASSED] - Send request successfully

27-05-2024T17:15:00 - [TEST_STEP][PASSED] - verifyResponseStatusCode(response, 200): Verify response status code successfully

27-05-2024T17:15:00 - [MESSAGE][PASSED] - Verify response status code successfully]]></system-out>
         <system-err><![CDATA[]]></system-err>
      </testcase>
      <testcase name="Test Cases/API/getEvolutionTriggerByName" time="1.169" classname="Test Cases/API/getEvolutionTriggerByName" status="PASSED">
         <system-out><![CDATA[27-05-2024T17:15:00 - [TEST_CASE][PASSED] - Test Cases/API/getEvolutionTriggerByName: Test Cases/API/getEvolutionTriggerByName

27-05-2024T17:15:00 - [TEST_STEP][PASSED] - response = sendRequest(findTestObject("REST/getEvolutionTrigger", ["id":"level-up"])): Send request successfully

27-05-2024T17:15:02 - [MESSAGE][INFO] - HAR: G:\Code\pokedex-katalon\Reports\20240527_171436\API Pokedex\20240527_171436\requests\main\20.har

27-05-2024T17:15:02 - [MESSAGE][PASSED] - Send request successfully

27-05-2024T17:15:02 - [TEST_STEP][PASSED] - verifyResponseStatusCode(response, 200): Verify response status code successfully

27-05-2024T17:15:02 - [MESSAGE][PASSED] - Verify response status code successfully]]></system-out>
         <system-err><![CDATA[]]></system-err>
      </testcase>
      <testcase name="Test Cases/API/getGenderById" time="0.452" classname="Test Cases/API/getGenderById" status="PASSED">
         <system-out><![CDATA[27-05-2024T17:15:02 - [TEST_CASE][PASSED] - Test Cases/API/getGenderById: Test Cases/API/getGenderById

27-05-2024T17:15:02 - [TEST_STEP][PASSED] - response = sendRequest(findTestObject("REST/getGender", ["id":"1"])): Send request successfully

27-05-2024T17:15:02 - [MESSAGE][INFO] - HAR: G:\Code\pokedex-katalon\Reports\20240527_171436\API Pokedex\20240527_171436\requests\main\21.har

27-05-2024T17:15:02 - [MESSAGE][PASSED] - Send request successfully

27-05-2024T17:15:02 - [TEST_STEP][PASSED] - verifyResponseStatusCode(response, 200): Verify response status code successfully

27-05-2024T17:15:02 - [MESSAGE][PASSED] - Verify response status code successfully]]></system-out>
         <system-err><![CDATA[]]></system-err>
      </testcase>
      <testcase name="Test Cases/API/getGenderByName" time="1.274" classname="Test Cases/API/getGenderByName" status="PASSED">
         <system-out><![CDATA[27-05-2024T17:15:02 - [TEST_CASE][PASSED] - Test Cases/API/getGenderByName: Test Cases/API/getGenderByName

27-05-2024T17:15:02 - [TEST_STEP][PASSED] - response = sendRequest(findTestObject("REST/getGender", ["id":"male"])): Send request successfully

27-05-2024T17:15:03 - [MESSAGE][INFO] - HAR: G:\Code\pokedex-katalon\Reports\20240527_171436\API Pokedex\20240527_171436\requests\main\22.har

27-05-2024T17:15:03 - [MESSAGE][PASSED] - Send request successfully

27-05-2024T17:15:03 - [TEST_STEP][PASSED] - verifyResponseStatusCode(response, 200): Verify response status code successfully

27-05-2024T17:15:03 - [MESSAGE][PASSED] - Verify response status code successfully]]></system-out>
         <system-err><![CDATA[]]></system-err>
      </testcase>
      <testcase name="Test Cases/API/getGenerationById" time="0.471" classname="Test Cases/API/getGenerationById" status="PASSED">
         <system-out><![CDATA[27-05-2024T17:15:03 - [TEST_CASE][PASSED] - Test Cases/API/getGenerationById: Test Cases/API/getGenerationById

27-05-2024T17:15:03 - [TEST_STEP][PASSED] - response = sendRequest(findTestObject("REST/getGeneration", ["id":"1"])): Send request successfully

27-05-2024T17:15:04 - [MESSAGE][INFO] - HAR: G:\Code\pokedex-katalon\Reports\20240527_171436\API Pokedex\20240527_171436\requests\main\23.har

27-05-2024T17:15:04 - [MESSAGE][PASSED] - Send request successfully

27-05-2024T17:15:04 - [TEST_STEP][PASSED] - verifyResponseStatusCode(response, 200): Verify response status code successfully

27-05-2024T17:15:04 - [MESSAGE][PASSED] - Verify response status code successfully]]></system-out>
         <system-err><![CDATA[]]></system-err>
      </testcase>
      <testcase name="Test Cases/API/getGenerationByName" time="1.178" classname="Test Cases/API/getGenerationByName" status="PASSED">
         <system-out><![CDATA[27-05-2024T17:15:04 - [TEST_CASE][PASSED] - Test Cases/API/getGenerationByName: Test Cases/API/getGenerationByName

27-05-2024T17:15:04 - [TEST_STEP][PASSED] - response = sendRequest(findTestObject("REST/getGeneration", ["id":"generation-i"])): Send request successfully

27-05-2024T17:15:05 - [MESSAGE][INFO] - HAR: G:\Code\pokedex-katalon\Reports\20240527_171436\API Pokedex\20240527_171436\requests\main\24.har

27-05-2024T17:15:05 - [MESSAGE][PASSED] - Send request successfully

27-05-2024T17:15:05 - [TEST_STEP][PASSED] - verifyResponseStatusCode(response, 200): Verify response status code successfully

27-05-2024T17:15:05 - [MESSAGE][PASSED] - Verify response status code successfully]]></system-out>
         <system-err><![CDATA[]]></system-err>
      </testcase>
      <testcase name="Test Cases/API/getItemById" time="1.131" classname="Test Cases/API/getItemById" status="PASSED">
         <system-out><![CDATA[27-05-2024T17:15:05 - [TEST_CASE][PASSED] - Test Cases/API/getItemById: Test Cases/API/getItemById

27-05-2024T17:15:05 - [TEST_STEP][PASSED] - response = sendRequest(findTestObject("REST/getItem", ["id":"2"])): Send request successfully

27-05-2024T17:15:06 - [MESSAGE][INFO] - HAR: G:\Code\pokedex-katalon\Reports\20240527_171436\API Pokedex\20240527_171436\requests\main\25.har

27-05-2024T17:15:06 - [MESSAGE][PASSED] - Send request successfully

27-05-2024T17:15:06 - [TEST_STEP][PASSED] - verifyResponseStatusCode(response, 200): Verify response status code successfully

27-05-2024T17:15:06 - [MESSAGE][PASSED] - Verify response status code successfully]]></system-out>
         <system-err><![CDATA[]]></system-err>
      </testcase>
      <testcase name="Test Cases/API/getItemByName" time="1.138" classname="Test Cases/API/getItemByName" status="PASSED">
         <system-out><![CDATA[27-05-2024T17:15:06 - [TEST_CASE][PASSED] - Test Cases/API/getItemByName: Test Cases/API/getItemByName

27-05-2024T17:15:06 - [TEST_STEP][PASSED] - response = sendRequest(findTestObject("REST/getItem", ["id":"safari-ball"])): Send request successfully

27-05-2024T17:15:07 - [MESSAGE][INFO] - HAR: G:\Code\pokedex-katalon\Reports\20240527_171436\API Pokedex\20240527_171436\requests\main\26.har

27-05-2024T17:15:07 - [MESSAGE][PASSED] - Send request successfully

27-05-2024T17:15:07 - [TEST_STEP][PASSED] - verifyResponseStatusCode(response, 200): Verify response status code successfully

27-05-2024T17:15:07 - [MESSAGE][PASSED] - Verify response status code successfully]]></system-out>
         <system-err><![CDATA[]]></system-err>
      </testcase>
      <testcase name="Test Cases/API/getLocationAreaById" time="0.482" classname="Test Cases/API/getLocationAreaById" status="PASSED">
         <system-out><![CDATA[27-05-2024T17:15:07 - [TEST_CASE][PASSED] - Test Cases/API/getLocationAreaById: Test Cases/API/getLocationAreaById

27-05-2024T17:15:07 - [TEST_STEP][PASSED] - response = sendRequest(findTestObject("REST/getLocationArea", ["id":"5"])): Send request successfully

27-05-2024T17:15:08 - [MESSAGE][INFO] - HAR: G:\Code\pokedex-katalon\Reports\20240527_171436\API Pokedex\20240527_171436\requests\main\27.har

27-05-2024T17:15:08 - [MESSAGE][PASSED] - Send request successfully

27-05-2024T17:15:08 - [TEST_STEP][PASSED] - verifyResponseStatusCode(response, 200): Verify response status code successfully

27-05-2024T17:15:08 - [MESSAGE][PASSED] - Verify response status code successfully]]></system-out>
         <system-err><![CDATA[]]></system-err>
      </testcase>
      <testcase name="Test Cases/API/getLocationAreaByName" time="0.409" classname="Test Cases/API/getLocationAreaByName" status="PASSED">
         <system-out><![CDATA[27-05-2024T17:15:08 - [TEST_CASE][PASSED] - Test Cases/API/getLocationAreaByName: Test Cases/API/getLocationAreaByName

27-05-2024T17:15:08 - [TEST_STEP][PASSED] - response = sendRequest(findTestObject("REST/getLocationArea", ["id":"valley-windworks-area"])): Send request successfully

27-05-2024T17:15:08 - [MESSAGE][INFO] - HAR: G:\Code\pokedex-katalon\Reports\20240527_171436\API Pokedex\20240527_171436\requests\main\28.har

27-05-2024T17:15:08 - [MESSAGE][PASSED] - Send request successfully

27-05-2024T17:15:08 - [TEST_STEP][PASSED] - verifyResponseStatusCode(response, 200): Verify response status code successfully

27-05-2024T17:15:08 - [MESSAGE][PASSED] - Verify response status code successfully]]></system-out>
         <system-err><![CDATA[]]></system-err>
      </testcase>
      <testcase name="Test Cases/API/getLocationById" time="1.415" classname="Test Cases/API/getLocationById" status="PASSED">
         <system-out><![CDATA[27-05-2024T17:15:08 - [TEST_CASE][PASSED] - Test Cases/API/getLocationById: Test Cases/API/getLocationById

27-05-2024T17:15:08 - [TEST_STEP][PASSED] - response = sendRequest(findTestObject("REST/getLocation", ["id":"mt-coronet"])): Send request successfully

27-05-2024T17:15:10 - [MESSAGE][INFO] - HAR: G:\Code\pokedex-katalon\Reports\20240527_171436\API Pokedex\20240527_171436\requests\main\29.har

27-05-2024T17:15:10 - [MESSAGE][PASSED] - Send request successfully

27-05-2024T17:15:10 - [TEST_STEP][PASSED] - verifyResponseStatusCode(response, 200): Verify response status code successfully

27-05-2024T17:15:10 - [MESSAGE][PASSED] - Verify response status code successfully]]></system-out>
         <system-err><![CDATA[]]></system-err>
      </testcase>
      <testcase name="Test Cases/API/getLocationByName" time="1.33" classname="Test Cases/API/getLocationByName" status="PASSED">
         <system-out><![CDATA[27-05-2024T17:15:10 - [TEST_CASE][PASSED] - Test Cases/API/getLocationByName: Test Cases/API/getLocationByName

27-05-2024T17:15:10 - [TEST_STEP][PASSED] - response = sendRequest(findTestObject("REST/getLocation", ["id":"6"])): Send request successfully

27-05-2024T17:15:11 - [MESSAGE][INFO] - HAR: G:\Code\pokedex-katalon\Reports\20240527_171436\API Pokedex\20240527_171436\requests\main\30.har

27-05-2024T17:15:11 - [MESSAGE][PASSED] - Send request successfully

27-05-2024T17:15:11 - [TEST_STEP][PASSED] - verifyResponseStatusCode(response, 200): Verify response status code successfully

27-05-2024T17:15:11 - [MESSAGE][PASSED] - Verify response status code successfully]]></system-out>
         <system-err><![CDATA[]]></system-err>
      </testcase>
      <testcase name="Test Cases/API/getMoveById" time="0.432" classname="Test Cases/API/getMoveById" status="PASSED">
         <system-out><![CDATA[27-05-2024T17:15:11 - [TEST_CASE][PASSED] - Test Cases/API/getMoveById: Test Cases/API/getMoveById

27-05-2024T17:15:11 - [TEST_STEP][PASSED] - response = sendRequest(findTestObject("REST/getMoves", ["id":"6"])): Send request successfully

27-05-2024T17:15:11 - [MESSAGE][INFO] - HAR: G:\Code\pokedex-katalon\Reports\20240527_171436\API Pokedex\20240527_171436\requests\main\31.har

27-05-2024T17:15:11 - [MESSAGE][PASSED] - Send request successfully

27-05-2024T17:15:11 - [TEST_STEP][PASSED] - verifyResponseStatusCode(response, 200): Verify response status code successfully

27-05-2024T17:15:11 - [MESSAGE][PASSED] - Verify response status code successfully]]></system-out>
         <system-err><![CDATA[]]></system-err>
      </testcase>
      <testcase name="Test Cases/API/getMoveByName" time="0.517" classname="Test Cases/API/getMoveByName" status="PASSED">
         <system-out><![CDATA[27-05-2024T17:15:11 - [TEST_CASE][PASSED] - Test Cases/API/getMoveByName: Test Cases/API/getMoveByName

27-05-2024T17:15:11 - [TEST_STEP][PASSED] - response = sendRequest(findTestObject("REST/getMoves", ["id":"pound"])): Send request successfully

27-05-2024T17:15:12 - [MESSAGE][INFO] - HAR: G:\Code\pokedex-katalon\Reports\20240527_171436\API Pokedex\20240527_171436\requests\main\32.har

27-05-2024T17:15:12 - [MESSAGE][PASSED] - Send request successfully

27-05-2024T17:15:12 - [TEST_STEP][PASSED] - verifyResponseStatusCode(response, 200): Verify response status code successfully

27-05-2024T17:15:12 - [MESSAGE][PASSED] - Verify response status code successfully]]></system-out>
         <system-err><![CDATA[]]></system-err>
      </testcase>
      <testcase name="Test Cases/API/getPokedexById" time="0.418" classname="Test Cases/API/getPokedexById" status="PASSED">
         <system-out><![CDATA[27-05-2024T17:15:12 - [TEST_CASE][PASSED] - Test Cases/API/getPokedexById: Test Cases/API/getPokedexById

27-05-2024T17:15:12 - [TEST_STEP][PASSED] - response = sendRequest(findTestObject("REST/getPokedex", ["id":"5"])): Send request successfully

27-05-2024T17:15:12 - [MESSAGE][INFO] - HAR: G:\Code\pokedex-katalon\Reports\20240527_171436\API Pokedex\20240527_171436\requests\main\33.har

27-05-2024T17:15:12 - [MESSAGE][PASSED] - Send request successfully

27-05-2024T17:15:12 - [TEST_STEP][PASSED] - verifyResponseStatusCode(response, 200): Verify response status code successfully

27-05-2024T17:15:12 - [MESSAGE][PASSED] - Verify response status code successfully]]></system-out>
         <system-err><![CDATA[]]></system-err>
      </testcase>
      <testcase name="Test Cases/API/getPokedexByName" time="1.105" classname="Test Cases/API/getPokedexByName" status="PASSED">
         <system-out><![CDATA[27-05-2024T17:15:12 - [TEST_CASE][PASSED] - Test Cases/API/getPokedexByName: Test Cases/API/getPokedexByName

27-05-2024T17:15:12 - [TEST_STEP][PASSED] - response = sendRequest(findTestObject("REST/getPokedex", ["id":"kanto"])): Send request successfully

27-05-2024T17:15:13 - [MESSAGE][INFO] - HAR: G:\Code\pokedex-katalon\Reports\20240527_171436\API Pokedex\20240527_171436\requests\main\34.har

27-05-2024T17:15:13 - [MESSAGE][PASSED] - Send request successfully

27-05-2024T17:15:13 - [TEST_STEP][PASSED] - verifyResponseStatusCode(response, 200): Verify response status code successfully

27-05-2024T17:15:13 - [MESSAGE][PASSED] - Verify response status code successfully]]></system-out>
         <system-err><![CDATA[]]></system-err>
      </testcase>
      <testcase name="Test Cases/API/getRegionById" time="1.098" classname="Test Cases/API/getRegionById" status="PASSED">
         <system-out><![CDATA[27-05-2024T17:15:13 - [TEST_CASE][PASSED] - Test Cases/API/getRegionById: Test Cases/API/getRegionById

27-05-2024T17:15:13 - [TEST_STEP][PASSED] - response = sendRequest(findTestObject("REST/getRegion", ["id":"kanto"])): Send request successfully

27-05-2024T17:15:14 - [MESSAGE][INFO] - HAR: G:\Code\pokedex-katalon\Reports\20240527_171436\API Pokedex\20240527_171436\requests\main\35.har

27-05-2024T17:15:14 - [MESSAGE][PASSED] - Send request successfully

27-05-2024T17:15:14 - [TEST_STEP][PASSED] - verifyResponseStatusCode(response, 200): Verify response status code successfully

27-05-2024T17:15:14 - [MESSAGE][PASSED] - Verify response status code successfully]]></system-out>
         <system-err><![CDATA[]]></system-err>
      </testcase>
      <testcase name="Test Cases/API/getRegionByName" time="0.467" classname="Test Cases/API/getRegionByName" status="PASSED">
         <system-out><![CDATA[27-05-2024T17:15:14 - [TEST_CASE][PASSED] - Test Cases/API/getRegionByName: Test Cases/API/getRegionByName

27-05-2024T17:15:14 - [TEST_STEP][PASSED] - response = sendRequest(findTestObject("REST/getRegion", ["id":"1"])): Send request successfully

27-05-2024T17:15:15 - [MESSAGE][INFO] - HAR: G:\Code\pokedex-katalon\Reports\20240527_171436\API Pokedex\20240527_171436\requests\main\36.har

27-05-2024T17:15:15 - [MESSAGE][PASSED] - Send request successfully

27-05-2024T17:15:15 - [TEST_STEP][PASSED] - verifyResponseStatusCode(response, 200): Verify response status code successfully

27-05-2024T17:15:15 - [MESSAGE][PASSED] - Verify response status code successfully]]></system-out>
         <system-err><![CDATA[]]></system-err>
      </testcase>
      <testcase name="Test Cases/API/getSinglePokemon" time="0.245" classname="Test Cases/API/getSinglePokemon" status="PASSED">
         <system-out><![CDATA[27-05-2024T17:15:15 - [TEST_CASE][PASSED] - Test Cases/API/getSinglePokemon: Test Cases/API/getSinglePokemon

27-05-2024T17:15:15 - [TEST_STEP][PASSED] - response = sendRequest(findTestObject("REST/getSinglePokemon", ["id":"1"])): Send request successfully

27-05-2024T17:15:15 - [MESSAGE][INFO] - HAR: G:\Code\pokedex-katalon\Reports\20240527_171436\API Pokedex\20240527_171436\requests\main\37.har

27-05-2024T17:15:15 - [MESSAGE][PASSED] - Send request successfully

27-05-2024T17:15:15 - [TEST_STEP][PASSED] - verifyResponseStatusCode(response, 200): Verify response status code successfully

27-05-2024T17:15:15 - [MESSAGE][PASSED] - Verify response status code successfully]]></system-out>
         <system-err><![CDATA[]]></system-err>
      </testcase>
      <testcase name="Test Cases/API/getSinglePokemonById" time="0.427" classname="Test Cases/API/getSinglePokemonById" status="PASSED">
         <system-out><![CDATA[27-05-2024T17:15:15 - [TEST_CASE][PASSED] - Test Cases/API/getSinglePokemonById: Test Cases/API/getSinglePokemonById

27-05-2024T17:15:15 - [TEST_STEP][PASSED] - response = sendRequest(findTestObject("REST/getSinglePokemon", ["id":"2"])): Send request successfully

27-05-2024T17:15:16 - [MESSAGE][INFO] - HAR: G:\Code\pokedex-katalon\Reports\20240527_171436\API Pokedex\20240527_171436\requests\main\38.har

27-05-2024T17:15:16 - [MESSAGE][PASSED] - Send request successfully

27-05-2024T17:15:16 - [TEST_STEP][PASSED] - verifyResponseStatusCode(response, 200): Verify response status code successfully

27-05-2024T17:15:16 - [MESSAGE][PASSED] - Verify response status code successfully]]></system-out>
         <system-err><![CDATA[]]></system-err>
      </testcase>
      <testcase name="Test Cases/API/getSinglePokemonByName" time="0.235" classname="Test Cases/API/getSinglePokemonByName" status="PASSED">
         <system-out><![CDATA[27-05-2024T17:15:16 - [TEST_CASE][PASSED] - Test Cases/API/getSinglePokemonByName: Test Cases/API/getSinglePokemonByName

27-05-2024T17:15:16 - [TEST_STEP][PASSED] - response = sendRequest(findTestObject("REST/getSinglePokemon", ["id":"pikachu"])): Send request successfully

27-05-2024T17:15:16 - [MESSAGE][INFO] - HAR: G:\Code\pokedex-katalon\Reports\20240527_171436\API Pokedex\20240527_171436\requests\main\39.har

27-05-2024T17:15:16 - [MESSAGE][PASSED] - Send request successfully

27-05-2024T17:15:16 - [TEST_STEP][PASSED] - verifyResponseStatusCode(response, 200): Verify response status code successfully

27-05-2024T17:15:16 - [MESSAGE][PASSED] - Verify response status code successfully]]></system-out>
         <system-err><![CDATA[]]></system-err>
      </testcase>
      <testcase name="Test Cases/API/getAbilityById" time="1.082" classname="Test Cases/API/getAbilityById" status="PASSED">
         <system-out><![CDATA[27-05-2024T17:15:16 - [TEST_CASE][PASSED] - Test Cases/API/getAbilityById: Test Cases/API/getAbilityById

27-05-2024T17:15:16 - [TEST_STEP][PASSED] - response = sendRequest(findTestObject("REST/getAbility", ["id":"1"])): Send request successfully

27-05-2024T17:15:17 - [MESSAGE][INFO] - HAR: G:\Code\pokedex-katalon\Reports\20240527_171436\API Pokedex\20240527_171436\requests\main\40.har

27-05-2024T17:15:17 - [MESSAGE][PASSED] - Send request successfully

27-05-2024T17:15:17 - [TEST_STEP][PASSED] - verifyResponseStatusCode(response, 200): Verify response status code successfully

27-05-2024T17:15:17 - [MESSAGE][PASSED] - Verify response status code successfully]]></system-out>
         <system-err><![CDATA[]]></system-err>
      </testcase>
      <testcase name="Test Cases/API/getAbilityByName" time="0.463" classname="Test Cases/API/getAbilityByName" status="PASSED">
         <system-out><![CDATA[27-05-2024T17:15:17 - [TEST_CASE][PASSED] - Test Cases/API/getAbilityByName: Test Cases/API/getAbilityByName

27-05-2024T17:15:17 - [TEST_STEP][PASSED] - response = sendRequest(findTestObject("REST/getAbility", ["id":"stench"])): Send request successfully

27-05-2024T17:15:17 - [MESSAGE][INFO] - HAR: G:\Code\pokedex-katalon\Reports\20240527_171436\API Pokedex\20240527_171436\requests\main\41.har

27-05-2024T17:15:17 - [MESSAGE][PASSED] - Send request successfully

27-05-2024T17:15:17 - [TEST_STEP][PASSED] - verifyResponseStatusCode(response, 200): Verify response status code successfully

27-05-2024T17:15:17 - [MESSAGE][PASSED] - Verify response status code successfully]]></system-out>
         <system-err><![CDATA[]]></system-err>
      </testcase>
      <testcase name="Test Cases/API/getAllPokemon" time="1.155" classname="Test Cases/API/getAllPokemon" status="PASSED">
         <system-out><![CDATA[27-05-2024T17:15:17 - [TEST_CASE][PASSED] - Test Cases/API/getAllPokemon: Test Cases/API/getAllPokemon

27-05-2024T17:15:17 - [TEST_STEP][PASSED] - response = sendRequest(findTestObject("REST/getAllPokemon", ["limit":"100"])): Send request successfully

27-05-2024T17:15:19 - [MESSAGE][INFO] - HAR: G:\Code\pokedex-katalon\Reports\20240527_171436\API Pokedex\20240527_171436\requests\main\42.har

27-05-2024T17:15:19 - [MESSAGE][PASSED] - Send request successfully

27-05-2024T17:15:19 - [TEST_STEP][PASSED] - verifyResponseStatusCode(response, 200): Verify response status code successfully

27-05-2024T17:15:19 - [MESSAGE][PASSED] - Verify response status code successfully]]></system-out>
         <system-err><![CDATA[]]></system-err>
      </testcase>
      <testcase name="Test Cases/API/getAllPokemonLimit100" time="0.195" classname="Test Cases/API/getAllPokemonLimit100" status="PASSED">
         <system-out><![CDATA[27-05-2024T17:15:19 - [TEST_CASE][PASSED] - Test Cases/API/getAllPokemonLimit100: Test Cases/API/getAllPokemonLimit100

27-05-2024T17:15:19 - [TEST_STEP][PASSED] - response = sendRequest(findTestObject("REST/getAllPokemon", ["limit":"10"])): Send request successfully

27-05-2024T17:15:19 - [MESSAGE][INFO] - HAR: G:\Code\pokedex-katalon\Reports\20240527_171436\API Pokedex\20240527_171436\requests\main\43.har

27-05-2024T17:15:19 - [MESSAGE][PASSED] - Send request successfully

27-05-2024T17:15:19 - [TEST_STEP][PASSED] - verifyResponseStatusCode(response, 200): Verify response status code successfully

27-05-2024T17:15:19 - [MESSAGE][PASSED] - Verify response status code successfully]]></system-out>
         <system-err><![CDATA[]]></system-err>
      </testcase>
      <testcase name="Test Cases/API/getBerryById" time="0.203" classname="Test Cases/API/getBerryById" status="PASSED">
         <system-out><![CDATA[27-05-2024T17:15:19 - [TEST_CASE][PASSED] - Test Cases/API/getBerryById: Test Cases/API/getBerryById

27-05-2024T17:15:19 - [TEST_STEP][PASSED] - response = sendRequest(findTestObject("REST/getBerry", ["id":"5"])): Send request successfully

27-05-2024T17:15:19 - [MESSAGE][INFO] - HAR: G:\Code\pokedex-katalon\Reports\20240527_171436\API Pokedex\20240527_171436\requests\main\44.har

27-05-2024T17:15:19 - [MESSAGE][PASSED] - Send request successfully

27-05-2024T17:15:19 - [TEST_STEP][PASSED] - verifyResponseStatusCode(response, 200): Verify response status code successfully

27-05-2024T17:15:19 - [MESSAGE][PASSED] - Verify response status code successfully]]></system-out>
         <system-err><![CDATA[]]></system-err>
      </testcase>
      <testcase name="Test Cases/API/getBerryByName" time="1.125" classname="Test Cases/API/getBerryByName" status="PASSED">
         <system-out><![CDATA[27-05-2024T17:15:19 - [TEST_CASE][PASSED] - Test Cases/API/getBerryByName: Test Cases/API/getBerryByName

27-05-2024T17:15:19 - [TEST_STEP][PASSED] - response = sendRequest(findTestObject("REST/getBerry", ["id":"cheri"])): Send request successfully

27-05-2024T17:15:20 - [MESSAGE][INFO] - HAR: G:\Code\pokedex-katalon\Reports\20240527_171436\API Pokedex\20240527_171436\requests\main\45.har

27-05-2024T17:15:20 - [MESSAGE][PASSED] - Send request successfully

27-05-2024T17:15:20 - [TEST_STEP][PASSED] - verifyResponseStatusCode(response, 200): Verify response status code successfully

27-05-2024T17:15:20 - [MESSAGE][PASSED] - Verify response status code successfully]]></system-out>
         <system-err><![CDATA[]]></system-err>
      </testcase>
      <testcase name="Test Cases/API/getBerryFlavorById" time="1.191" classname="Test Cases/API/getBerryFlavorById" status="PASSED">
         <system-out><![CDATA[27-05-2024T17:15:20 - [TEST_CASE][PASSED] - Test Cases/API/getBerryFlavorById: Test Cases/API/getBerryFlavorById

27-05-2024T17:15:20 - [TEST_STEP][PASSED] - response = sendRequest(findTestObject("REST/getBerryFlavor", ["id":"1"])): Send request successfully

27-05-2024T17:15:21 - [MESSAGE][INFO] - HAR: G:\Code\pokedex-katalon\Reports\20240527_171436\API Pokedex\20240527_171436\requests\main\46.har

27-05-2024T17:15:21 - [MESSAGE][PASSED] - Send request successfully

27-05-2024T17:15:21 - [TEST_STEP][PASSED] - verifyResponseStatusCode(response, 200): Verify response status code successfully

27-05-2024T17:15:21 - [MESSAGE][PASSED] - Verify response status code successfully]]></system-out>
         <system-err><![CDATA[]]></system-err>
      </testcase>
      <testcase name="Test Cases/API/getBerryFlavorByName" time="1.217" classname="Test Cases/API/getBerryFlavorByName" status="PASSED">
         <system-out><![CDATA[27-05-2024T17:15:21 - [TEST_CASE][PASSED] - Test Cases/API/getBerryFlavorByName: Test Cases/API/getBerryFlavorByName

27-05-2024T17:15:21 - [TEST_STEP][PASSED] - response = sendRequest(findTestObject("REST/getBerryFlavor", ["id":"spicy"])): Send request successfully

27-05-2024T17:15:22 - [MESSAGE][INFO] - HAR: G:\Code\pokedex-katalon\Reports\20240527_171436\API Pokedex\20240527_171436\requests\main\47.har

27-05-2024T17:15:22 - [MESSAGE][PASSED] - Send request successfully

27-05-2024T17:15:22 - [TEST_STEP][PASSED] - verifyResponseStatusCode(response, 200): Verify response status code successfully

27-05-2024T17:15:22 - [MESSAGE][PASSED] - Verify response status code successfully]]></system-out>
         <system-err><![CDATA[]]></system-err>
      </testcase>
      <testcase name="Test Cases/API/getCharacteristicById" time="0.197" classname="Test Cases/API/getCharacteristicById" status="PASSED">
         <system-out><![CDATA[27-05-2024T17:15:22 - [TEST_CASE][PASSED] - Test Cases/API/getCharacteristicById: Test Cases/API/getCharacteristicById

27-05-2024T17:15:22 - [TEST_STEP][PASSED] - response = sendRequest(findTestObject("REST/getCharacteristic", ["id":"1"])): Send request successfully

27-05-2024T17:15:23 - [MESSAGE][INFO] - HAR: G:\Code\pokedex-katalon\Reports\20240527_171436\API Pokedex\20240527_171436\requests\main\48.har

27-05-2024T17:15:23 - [MESSAGE][PASSED] - Send request successfully

27-05-2024T17:15:23 - [TEST_STEP][PASSED] - verifyResponseStatusCode(response, 200): Verify response status code successfully

27-05-2024T17:15:23 - [MESSAGE][PASSED] - Verify response status code successfully]]></system-out>
         <system-err><![CDATA[]]></system-err>
      </testcase>
      <testcase name="Test Cases/API/getContestTypesById" time="0.16" classname="Test Cases/API/getContestTypesById" status="PASSED">
         <system-out><![CDATA[27-05-2024T17:15:23 - [TEST_CASE][PASSED] - Test Cases/API/getContestTypesById: Test Cases/API/getContestTypesById

27-05-2024T17:15:23 - [TEST_STEP][PASSED] - response = sendRequest(findTestObject("REST/getContestTypes", ["id":"1"])): Send request successfully

27-05-2024T17:15:23 - [MESSAGE][INFO] - HAR: G:\Code\pokedex-katalon\Reports\20240527_171436\API Pokedex\20240527_171436\requests\main\49.har

27-05-2024T17:15:23 - [MESSAGE][PASSED] - Send request successfully

27-05-2024T17:15:23 - [TEST_STEP][PASSED] - verifyResponseStatusCode(response, 200): Verify response status code successfully

27-05-2024T17:15:23 - [MESSAGE][PASSED] - Verify response status code successfully]]></system-out>
         <system-err><![CDATA[]]></system-err>
      </testcase>
      <testcase name="Test Cases/API/getContestTypesByName" time="1.106" classname="Test Cases/API/getContestTypesByName" status="PASSED">
         <system-out><![CDATA[27-05-2024T17:15:23 - [TEST_CASE][PASSED] - Test Cases/API/getContestTypesByName: Test Cases/API/getContestTypesByName

27-05-2024T17:15:23 - [TEST_STEP][PASSED] - response = sendRequest(findTestObject("REST/getContestTypes", ["id":"cool"])): Send request successfully

27-05-2024T17:15:24 - [MESSAGE][INFO] - HAR: G:\Code\pokedex-katalon\Reports\20240527_171436\API Pokedex\20240527_171436\requests\main\50.har

27-05-2024T17:15:24 - [MESSAGE][PASSED] - Send request successfully

27-05-2024T17:15:24 - [TEST_STEP][PASSED] - verifyResponseStatusCode(response, 200): Verify response status code successfully

27-05-2024T17:15:24 - [MESSAGE][PASSED] - Verify response status code successfully]]></system-out>
         <system-err><![CDATA[]]></system-err>
      </testcase>
      <testcase name="Test Cases/API/getEggsGroupById" time="0.188" classname="Test Cases/API/getEggsGroupById" status="PASSED">
         <system-out><![CDATA[27-05-2024T17:15:24 - [TEST_CASE][PASSED] - Test Cases/API/getEggsGroupById: Test Cases/API/getEggsGroupById

27-05-2024T17:15:24 - [TEST_STEP][PASSED] - response = sendRequest(findTestObject("REST/getEggsGroup", ["id":"monster"])): Send request successfully

27-05-2024T17:15:24 - [MESSAGE][INFO] - HAR: G:\Code\pokedex-katalon\Reports\20240527_171436\API Pokedex\20240527_171436\requests\main\51.har

27-05-2024T17:15:24 - [MESSAGE][PASSED] - Send request successfully

27-05-2024T17:15:24 - [TEST_STEP][PASSED] - verifyResponseStatusCode(response, 200): Verify response status code successfully

27-05-2024T17:15:24 - [MESSAGE][PASSED] - Verify response status code successfully]]></system-out>
         <system-err><![CDATA[]]></system-err>
      </testcase>
      <testcase name="Test Cases/API/getEggsGroupByName" time="0.483" classname="Test Cases/API/getEggsGroupByName" status="PASSED">
         <system-out><![CDATA[27-05-2024T17:15:24 - [TEST_CASE][PASSED] - Test Cases/API/getEggsGroupByName: Test Cases/API/getEggsGroupByName

27-05-2024T17:15:24 - [TEST_STEP][PASSED] - response = sendRequest(findTestObject("REST/getEggsGroup", ["id":"1"])): Send request successfully

27-05-2024T17:15:25 - [MESSAGE][INFO] - HAR: G:\Code\pokedex-katalon\Reports\20240527_171436\API Pokedex\20240527_171436\requests\main\52.har

27-05-2024T17:15:25 - [MESSAGE][PASSED] - Send request successfully

27-05-2024T17:15:25 - [TEST_STEP][PASSED] - verifyResponseStatusCode(response, 200): Verify response status code successfully

27-05-2024T17:15:25 - [MESSAGE][PASSED] - Verify response status code successfully]]></system-out>
         <system-err><![CDATA[]]></system-err>
      </testcase>
      <testcase name="Test Cases/API/getEncounterConditionValuesById" time="1.212" classname="Test Cases/API/getEncounterConditionValuesById" status="PASSED">
         <system-out><![CDATA[27-05-2024T17:15:25 - [TEST_CASE][PASSED] - Test Cases/API/getEncounterConditionValuesById: Test Cases/API/getEncounterConditionValuesById

27-05-2024T17:15:25 - [TEST_STEP][PASSED] - response = sendRequest(findTestObject("REST/getEncouterConditionValue", ["id":"swarm-yes"])): Send request successfully

27-05-2024T17:15:26 - [MESSAGE][INFO] - HAR: G:\Code\pokedex-katalon\Reports\20240527_171436\API Pokedex\20240527_171436\requests\main\53.har

27-05-2024T17:15:26 - [MESSAGE][PASSED] - Send request successfully

27-05-2024T17:15:26 - [TEST_STEP][PASSED] - verifyResponseStatusCode(response, 200): Verify response status code successfully

27-05-2024T17:15:26 - [MESSAGE][PASSED] - Verify response status code successfully]]></system-out>
         <system-err><![CDATA[]]></system-err>
      </testcase>
      <testcase name="Test Cases/API/getEncounterConditionValuesByName" time="0.227" classname="Test Cases/API/getEncounterConditionValuesByName" status="PASSED">
         <system-out><![CDATA[27-05-2024T17:15:26 - [TEST_CASE][PASSED] - Test Cases/API/getEncounterConditionValuesByName: Test Cases/API/getEncounterConditionValuesByName

27-05-2024T17:15:26 - [TEST_STEP][PASSED] - response = sendRequest(findTestObject("REST/getEncouterConditionValue", ["id":"1"])): Send request successfully

27-05-2024T17:15:26 - [MESSAGE][INFO] - HAR: G:\Code\pokedex-katalon\Reports\20240527_171436\API Pokedex\20240527_171436\requests\main\54.har

27-05-2024T17:15:26 - [MESSAGE][PASSED] - Send request successfully

27-05-2024T17:15:26 - [TEST_STEP][PASSED] - verifyResponseStatusCode(response, 200): Verify response status code successfully

27-05-2024T17:15:26 - [MESSAGE][PASSED] - Verify response status code successfully]]></system-out>
         <system-err><![CDATA[]]></system-err>
      </testcase>
      <testcase name="Test Cases/API/getEncouterConditionById" time="1.223" classname="Test Cases/API/getEncouterConditionById" status="PASSED">
         <system-out><![CDATA[27-05-2024T17:15:26 - [TEST_CASE][PASSED] - Test Cases/API/getEncouterConditionById: Test Cases/API/getEncouterConditionById

27-05-2024T17:15:26 - [TEST_STEP][PASSED] - response = sendRequest(findTestObject("REST/getEncounterCondition", ["id":"1"])): Send request successfully

27-05-2024T17:15:27 - [MESSAGE][INFO] - HAR: G:\Code\pokedex-katalon\Reports\20240527_171436\API Pokedex\20240527_171436\requests\main\55.har

27-05-2024T17:15:27 - [MESSAGE][PASSED] - Send request successfully

27-05-2024T17:15:27 - [TEST_STEP][PASSED] - verifyResponseStatusCode(response, 200): Verify response status code successfully

27-05-2024T17:15:27 - [MESSAGE][PASSED] - Verify response status code successfully]]></system-out>
         <system-err><![CDATA[]]></system-err>
      </testcase>
      <testcase name="Test Cases/API/getEncouterConditionByName" time="0.195" classname="Test Cases/API/getEncouterConditionByName" status="PASSED">
         <system-out><![CDATA[27-05-2024T17:15:27 - [TEST_CASE][PASSED] - Test Cases/API/getEncouterConditionByName: Test Cases/API/getEncouterConditionByName

27-05-2024T17:15:27 - [TEST_STEP][PASSED] - response = sendRequest(findTestObject("REST/getEncounterCondition", ["id":"swarm"])): Send request successfully

27-05-2024T17:15:27 - [MESSAGE][INFO] - HAR: G:\Code\pokedex-katalon\Reports\20240527_171436\API Pokedex\20240527_171436\requests\main\56.har

27-05-2024T17:15:27 - [MESSAGE][PASSED] - Send request successfully

27-05-2024T17:15:27 - [TEST_STEP][PASSED] - verifyResponseStatusCode(response, 200): Verify response status code successfully

27-05-2024T17:15:27 - [MESSAGE][PASSED] - Verify response status code successfully]]></system-out>
         <system-err><![CDATA[]]></system-err>
      </testcase>
      <testcase name="Test Cases/API/getEncouterMethodById" time="1.12" classname="Test Cases/API/getEncouterMethodById" status="PASSED">
         <system-out><![CDATA[27-05-2024T17:15:27 - [TEST_CASE][PASSED] - Test Cases/API/getEncouterMethodById: Test Cases/API/getEncouterMethodById

27-05-2024T17:15:27 - [TEST_STEP][PASSED] - response = sendRequest(findTestObject("REST/getEncounterMethod", ["id":"1"])): Send request successfully

27-05-2024T17:15:29 - [MESSAGE][INFO] - HAR: G:\Code\pokedex-katalon\Reports\20240527_171436\API Pokedex\20240527_171436\requests\main\57.har

27-05-2024T17:15:29 - [MESSAGE][PASSED] - Send request successfully

27-05-2024T17:15:29 - [TEST_STEP][PASSED] - verifyResponseStatusCode(response, 200): Verify response status code successfully

27-05-2024T17:15:29 - [MESSAGE][PASSED] - Verify response status code successfully]]></system-out>
         <system-err><![CDATA[]]></system-err>
      </testcase>
      <testcase name="Test Cases/API/getEncouterMethodByName" time="0.41" classname="Test Cases/API/getEncouterMethodByName" status="PASSED">
         <system-out><![CDATA[27-05-2024T17:15:29 - [TEST_CASE][PASSED] - Test Cases/API/getEncouterMethodByName: Test Cases/API/getEncouterMethodByName

27-05-2024T17:15:29 - [TEST_STEP][PASSED] - response = sendRequest(findTestObject("REST/getEncounterMethod", ["id":"walk"])): Send request successfully

27-05-2024T17:15:29 - [MESSAGE][INFO] - HAR: G:\Code\pokedex-katalon\Reports\20240527_171436\API Pokedex\20240527_171436\requests\main\58.har

27-05-2024T17:15:29 - [MESSAGE][PASSED] - Send request successfully

27-05-2024T17:15:29 - [TEST_STEP][PASSED] - verifyResponseStatusCode(response, 200): Verify response status code successfully

27-05-2024T17:15:29 - [MESSAGE][PASSED] - Verify response status code successfully]]></system-out>
         <system-err><![CDATA[]]></system-err>
      </testcase>
      <testcase name="Test Cases/API/getEvolutionTriggerById" time="0.457" classname="Test Cases/API/getEvolutionTriggerById" status="PASSED">
         <system-out><![CDATA[27-05-2024T17:15:29 - [TEST_CASE][PASSED] - Test Cases/API/getEvolutionTriggerById: Test Cases/API/getEvolutionTriggerById

27-05-2024T17:15:29 - [TEST_STEP][PASSED] - response = sendRequest(findTestObject("REST/getEvolutionTrigger", ["id":"1"])): Send request successfully

27-05-2024T17:15:29 - [MESSAGE][INFO] - HAR: G:\Code\pokedex-katalon\Reports\20240527_171436\API Pokedex\20240527_171436\requests\main\59.har

27-05-2024T17:15:29 - [MESSAGE][PASSED] - Send request successfully

27-05-2024T17:15:29 - [TEST_STEP][PASSED] - verifyResponseStatusCode(response, 200): Verify response status code successfully

27-05-2024T17:15:29 - [MESSAGE][PASSED] - Verify response status code successfully]]></system-out>
         <system-err><![CDATA[]]></system-err>
      </testcase>
      <testcase name="Test Cases/API/getEvolutionTriggerByName" time="1.136" classname="Test Cases/API/getEvolutionTriggerByName" status="PASSED">
         <system-out><![CDATA[27-05-2024T17:15:29 - [TEST_CASE][PASSED] - Test Cases/API/getEvolutionTriggerByName: Test Cases/API/getEvolutionTriggerByName

27-05-2024T17:15:29 - [TEST_STEP][PASSED] - response = sendRequest(findTestObject("REST/getEvolutionTrigger", ["id":"level-up"])): Send request successfully

27-05-2024T17:15:31 - [MESSAGE][INFO] - HAR: G:\Code\pokedex-katalon\Reports\20240527_171436\API Pokedex\20240527_171436\requests\main\60.har

27-05-2024T17:15:31 - [MESSAGE][PASSED] - Send request successfully

27-05-2024T17:15:31 - [TEST_STEP][PASSED] - verifyResponseStatusCode(response, 200): Verify response status code successfully

27-05-2024T17:15:31 - [MESSAGE][PASSED] - Verify response status code successfully]]></system-out>
         <system-err><![CDATA[]]></system-err>
      </testcase>
      <testcase name="Test Cases/API/getGenderById" time="0.233" classname="Test Cases/API/getGenderById" status="PASSED">
         <system-out><![CDATA[27-05-2024T17:15:31 - [TEST_CASE][PASSED] - Test Cases/API/getGenderById: Test Cases/API/getGenderById

27-05-2024T17:15:31 - [TEST_STEP][PASSED] - response = sendRequest(findTestObject("REST/getGender", ["id":"1"])): Send request successfully

27-05-2024T17:15:31 - [MESSAGE][INFO] - HAR: G:\Code\pokedex-katalon\Reports\20240527_171436\API Pokedex\20240527_171436\requests\main\61.har

27-05-2024T17:15:31 - [MESSAGE][PASSED] - Send request successfully

27-05-2024T17:15:31 - [TEST_STEP][PASSED] - verifyResponseStatusCode(response, 200): Verify response status code successfully

27-05-2024T17:15:31 - [MESSAGE][PASSED] - Verify response status code successfully]]></system-out>
         <system-err><![CDATA[]]></system-err>
      </testcase>
      <testcase name="Test Cases/API/getGenderByName" time="1.139" classname="Test Cases/API/getGenderByName" status="PASSED">
         <system-out><![CDATA[27-05-2024T17:15:31 - [TEST_CASE][PASSED] - Test Cases/API/getGenderByName: Test Cases/API/getGenderByName

27-05-2024T17:15:31 - [TEST_STEP][PASSED] - response = sendRequest(findTestObject("REST/getGender", ["id":"male"])): Send request successfully

27-05-2024T17:15:32 - [MESSAGE][INFO] - HAR: G:\Code\pokedex-katalon\Reports\20240527_171436\API Pokedex\20240527_171436\requests\main\62.har

27-05-2024T17:15:32 - [MESSAGE][PASSED] - Send request successfully

27-05-2024T17:15:32 - [TEST_STEP][PASSED] - verifyResponseStatusCode(response, 200): Verify response status code successfully

27-05-2024T17:15:32 - [MESSAGE][PASSED] - Verify response status code successfully]]></system-out>
         <system-err><![CDATA[]]></system-err>
      </testcase>
      <testcase name="Test Cases/API/getGenerationById" time="0.522" classname="Test Cases/API/getGenerationById" status="PASSED">
         <system-out><![CDATA[27-05-2024T17:15:32 - [TEST_CASE][PASSED] - Test Cases/API/getGenerationById: Test Cases/API/getGenerationById

27-05-2024T17:15:32 - [TEST_STEP][PASSED] - response = sendRequest(findTestObject("REST/getGeneration", ["id":"1"])): Send request successfully

27-05-2024T17:15:32 - [MESSAGE][INFO] - HAR: G:\Code\pokedex-katalon\Reports\20240527_171436\API Pokedex\20240527_171436\requests\main\63.har

27-05-2024T17:15:32 - [MESSAGE][PASSED] - Send request successfully

27-05-2024T17:15:32 - [TEST_STEP][PASSED] - verifyResponseStatusCode(response, 200): Verify response status code successfully

27-05-2024T17:15:32 - [MESSAGE][PASSED] - Verify response status code successfully]]></system-out>
         <system-err><![CDATA[]]></system-err>
      </testcase>
      <testcase name="Test Cases/API/getGenerationByName" time="0.399" classname="Test Cases/API/getGenerationByName" status="PASSED">
         <system-out><![CDATA[27-05-2024T17:15:32 - [TEST_CASE][PASSED] - Test Cases/API/getGenerationByName: Test Cases/API/getGenerationByName

27-05-2024T17:15:32 - [TEST_STEP][PASSED] - response = sendRequest(findTestObject("REST/getGeneration", ["id":"generation-i"])): Send request successfully

27-05-2024T17:15:33 - [MESSAGE][INFO] - HAR: G:\Code\pokedex-katalon\Reports\20240527_171436\API Pokedex\20240527_171436\requests\main\64.har

27-05-2024T17:15:33 - [MESSAGE][PASSED] - Send request successfully

27-05-2024T17:15:33 - [TEST_STEP][PASSED] - verifyResponseStatusCode(response, 200): Verify response status code successfully

27-05-2024T17:15:33 - [MESSAGE][PASSED] - Verify response status code successfully]]></system-out>
         <system-err><![CDATA[]]></system-err>
      </testcase>
      <testcase name="Test Cases/API/getItemById" time="1.129" classname="Test Cases/API/getItemById" status="PASSED">
         <system-out><![CDATA[27-05-2024T17:15:33 - [TEST_CASE][PASSED] - Test Cases/API/getItemById: Test Cases/API/getItemById

27-05-2024T17:15:33 - [TEST_STEP][PASSED] - response = sendRequest(findTestObject("REST/getItem", ["id":"2"])): Send request successfully

27-05-2024T17:15:34 - [MESSAGE][INFO] - HAR: G:\Code\pokedex-katalon\Reports\20240527_171436\API Pokedex\20240527_171436\requests\main\65.har

27-05-2024T17:15:34 - [MESSAGE][PASSED] - Send request successfully

27-05-2024T17:15:34 - [TEST_STEP][PASSED] - verifyResponseStatusCode(response, 200): Verify response status code successfully

27-05-2024T17:15:34 - [MESSAGE][PASSED] - Verify response status code successfully]]></system-out>
         <system-err><![CDATA[]]></system-err>
      </testcase>
      <testcase name="Test Cases/API/getItemByName" time="1.179" classname="Test Cases/API/getItemByName" status="PASSED">
         <system-out><![CDATA[27-05-2024T17:15:34 - [TEST_CASE][PASSED] - Test Cases/API/getItemByName: Test Cases/API/getItemByName

27-05-2024T17:15:34 - [TEST_STEP][PASSED] - response = sendRequest(findTestObject("REST/getItem", ["id":"safari-ball"])): Send request successfully

27-05-2024T17:15:35 - [MESSAGE][INFO] - HAR: G:\Code\pokedex-katalon\Reports\20240527_171436\API Pokedex\20240527_171436\requests\main\66.har

27-05-2024T17:15:35 - [MESSAGE][PASSED] - Send request successfully

27-05-2024T17:15:35 - [TEST_STEP][PASSED] - verifyResponseStatusCode(response, 200): Verify response status code successfully

27-05-2024T17:15:35 - [MESSAGE][PASSED] - Verify response status code successfully]]></system-out>
         <system-err><![CDATA[]]></system-err>
      </testcase>
      <testcase name="Test Cases/API/getLocationAreaById" time="0.458" classname="Test Cases/API/getLocationAreaById" status="PASSED">
         <system-out><![CDATA[27-05-2024T17:15:35 - [TEST_CASE][PASSED] - Test Cases/API/getLocationAreaById: Test Cases/API/getLocationAreaById

27-05-2024T17:15:35 - [TEST_STEP][PASSED] - response = sendRequest(findTestObject("REST/getLocationArea", ["id":"5"])): Send request successfully

27-05-2024T17:15:36 - [MESSAGE][INFO] - HAR: G:\Code\pokedex-katalon\Reports\20240527_171436\API Pokedex\20240527_171436\requests\main\67.har

27-05-2024T17:15:36 - [MESSAGE][PASSED] - Send request successfully

27-05-2024T17:15:36 - [TEST_STEP][PASSED] - verifyResponseStatusCode(response, 200): Verify response status code successfully

27-05-2024T17:15:36 - [MESSAGE][PASSED] - Verify response status code successfully]]></system-out>
         <system-err><![CDATA[]]></system-err>
      </testcase>
      <testcase name="Test Cases/API/getLocationAreaByName" time="1.121" classname="Test Cases/API/getLocationAreaByName" status="PASSED">
         <system-out><![CDATA[27-05-2024T17:15:36 - [TEST_CASE][PASSED] - Test Cases/API/getLocationAreaByName: Test Cases/API/getLocationAreaByName

27-05-2024T17:15:36 - [TEST_STEP][PASSED] - response = sendRequest(findTestObject("REST/getLocationArea", ["id":"valley-windworks-area"])): Send request successfully

27-05-2024T17:15:37 - [MESSAGE][INFO] - HAR: G:\Code\pokedex-katalon\Reports\20240527_171436\API Pokedex\20240527_171436\requests\main\68.har

27-05-2024T17:15:37 - [MESSAGE][PASSED] - Send request successfully

27-05-2024T17:15:37 - [TEST_STEP][PASSED] - verifyResponseStatusCode(response, 200): Verify response status code successfully

27-05-2024T17:15:37 - [MESSAGE][PASSED] - Verify response status code successfully]]></system-out>
         <system-err><![CDATA[]]></system-err>
      </testcase>
      <testcase name="Test Cases/API/getLocationById" time="0.286" classname="Test Cases/API/getLocationById" status="PASSED">
         <system-out><![CDATA[27-05-2024T17:15:37 - [TEST_CASE][PASSED] - Test Cases/API/getLocationById: Test Cases/API/getLocationById

27-05-2024T17:15:37 - [TEST_STEP][PASSED] - response = sendRequest(findTestObject("REST/getLocation", ["id":"mt-coronet"])): Send request successfully

27-05-2024T17:15:37 - [MESSAGE][INFO] - HAR: G:\Code\pokedex-katalon\Reports\20240527_171436\API Pokedex\20240527_171436\requests\main\69.har

27-05-2024T17:15:37 - [MESSAGE][PASSED] - Send request successfully

27-05-2024T17:15:37 - [TEST_STEP][PASSED] - verifyResponseStatusCode(response, 200): Verify response status code successfully

27-05-2024T17:15:37 - [MESSAGE][PASSED] - Verify response status code successfully]]></system-out>
         <system-err><![CDATA[]]></system-err>
      </testcase>
      <testcase name="Test Cases/API/getLocationByName" time="0.157" classname="Test Cases/API/getLocationByName" status="PASSED">
         <system-out><![CDATA[27-05-2024T17:15:37 - [TEST_CASE][PASSED] - Test Cases/API/getLocationByName: Test Cases/API/getLocationByName

27-05-2024T17:15:37 - [TEST_STEP][PASSED] - response = sendRequest(findTestObject("REST/getLocation", ["id":"6"])): Send request successfully

27-05-2024T17:15:37 - [MESSAGE][INFO] - HAR: G:\Code\pokedex-katalon\Reports\20240527_171436\API Pokedex\20240527_171436\requests\main\70.har

27-05-2024T17:15:37 - [MESSAGE][PASSED] - Send request successfully

27-05-2024T17:15:37 - [TEST_STEP][PASSED] - verifyResponseStatusCode(response, 200): Verify response status code successfully

27-05-2024T17:15:37 - [MESSAGE][PASSED] - Verify response status code successfully]]></system-out>
         <system-err><![CDATA[]]></system-err>
      </testcase>
      <testcase name="Test Cases/API/getMoveById" time="1.099" classname="Test Cases/API/getMoveById" status="PASSED">
         <system-out><![CDATA[27-05-2024T17:15:37 - [TEST_CASE][PASSED] - Test Cases/API/getMoveById: Test Cases/API/getMoveById

27-05-2024T17:15:37 - [TEST_STEP][PASSED] - response = sendRequest(findTestObject("REST/getMoves", ["id":"6"])): Send request successfully

27-05-2024T17:15:38 - [MESSAGE][INFO] - HAR: G:\Code\pokedex-katalon\Reports\20240527_171436\API Pokedex\20240527_171436\requests\main\71.har

27-05-2024T17:15:38 - [MESSAGE][PASSED] - Send request successfully

27-05-2024T17:15:38 - [TEST_STEP][PASSED] - verifyResponseStatusCode(response, 200): Verify response status code successfully

27-05-2024T17:15:38 - [MESSAGE][PASSED] - Verify response status code successfully]]></system-out>
         <system-err><![CDATA[]]></system-err>
      </testcase>
      <testcase name="Test Cases/API/getMoveByName" time="0.146" classname="Test Cases/API/getMoveByName" status="PASSED">
         <system-out><![CDATA[27-05-2024T17:15:38 - [TEST_CASE][PASSED] - Test Cases/API/getMoveByName: Test Cases/API/getMoveByName

27-05-2024T17:15:38 - [TEST_STEP][PASSED] - response = sendRequest(findTestObject("REST/getMoves", ["id":"pound"])): Send request successfully

27-05-2024T17:15:38 - [MESSAGE][INFO] - HAR: G:\Code\pokedex-katalon\Reports\20240527_171436\API Pokedex\20240527_171436\requests\main\72.har

27-05-2024T17:15:38 - [MESSAGE][PASSED] - Send request successfully

27-05-2024T17:15:38 - [TEST_STEP][PASSED] - verifyResponseStatusCode(response, 200): Verify response status code successfully

27-05-2024T17:15:38 - [MESSAGE][PASSED] - Verify response status code successfully]]></system-out>
         <system-err><![CDATA[]]></system-err>
      </testcase>
      <testcase name="Test Cases/API/getPokedexById" time="0.139" classname="Test Cases/API/getPokedexById" status="PASSED">
         <system-out><![CDATA[27-05-2024T17:15:38 - [TEST_CASE][PASSED] - Test Cases/API/getPokedexById: Test Cases/API/getPokedexById

27-05-2024T17:15:38 - [TEST_STEP][PASSED] - response = sendRequest(findTestObject("REST/getPokedex", ["id":"5"])): Send request successfully

27-05-2024T17:15:39 - [MESSAGE][INFO] - HAR: G:\Code\pokedex-katalon\Reports\20240527_171436\API Pokedex\20240527_171436\requests\main\73.har

27-05-2024T17:15:39 - [MESSAGE][PASSED] - Send request successfully

27-05-2024T17:15:39 - [TEST_STEP][PASSED] - verifyResponseStatusCode(response, 200): Verify response status code successfully

27-05-2024T17:15:39 - [MESSAGE][PASSED] - Verify response status code successfully]]></system-out>
         <system-err><![CDATA[]]></system-err>
      </testcase>
      <testcase name="Test Cases/API/getPokedexByName" time="0.137" classname="Test Cases/API/getPokedexByName" status="PASSED">
         <system-out><![CDATA[27-05-2024T17:15:39 - [TEST_CASE][PASSED] - Test Cases/API/getPokedexByName: Test Cases/API/getPokedexByName

27-05-2024T17:15:39 - [TEST_STEP][PASSED] - response = sendRequest(findTestObject("REST/getPokedex", ["id":"kanto"])): Send request successfully

27-05-2024T17:15:39 - [MESSAGE][INFO] - HAR: G:\Code\pokedex-katalon\Reports\20240527_171436\API Pokedex\20240527_171436\requests\main\74.har

27-05-2024T17:15:39 - [MESSAGE][PASSED] - Send request successfully

27-05-2024T17:15:39 - [TEST_STEP][PASSED] - verifyResponseStatusCode(response, 200): Verify response status code successfully

27-05-2024T17:15:39 - [MESSAGE][PASSED] - Verify response status code successfully]]></system-out>
         <system-err><![CDATA[]]></system-err>
      </testcase>
      <testcase name="Test Cases/API/getRegionById" time="0.199" classname="Test Cases/API/getRegionById" status="PASSED">
         <system-out><![CDATA[27-05-2024T17:15:39 - [TEST_CASE][PASSED] - Test Cases/API/getRegionById: Test Cases/API/getRegionById

27-05-2024T17:15:39 - [TEST_STEP][PASSED] - response = sendRequest(findTestObject("REST/getRegion", ["id":"kanto"])): Send request successfully

27-05-2024T17:15:39 - [MESSAGE][INFO] - HAR: G:\Code\pokedex-katalon\Reports\20240527_171436\API Pokedex\20240527_171436\requests\main\75.har

27-05-2024T17:15:39 - [MESSAGE][PASSED] - Send request successfully

27-05-2024T17:15:39 - [TEST_STEP][PASSED] - verifyResponseStatusCode(response, 200): Verify response status code successfully

27-05-2024T17:15:39 - [MESSAGE][PASSED] - Verify response status code successfully]]></system-out>
         <system-err><![CDATA[]]></system-err>
      </testcase>
      <testcase name="Test Cases/API/getRegionByName" time="1.085" classname="Test Cases/API/getRegionByName" status="PASSED">
         <system-out><![CDATA[27-05-2024T17:15:39 - [TEST_CASE][PASSED] - Test Cases/API/getRegionByName: Test Cases/API/getRegionByName

27-05-2024T17:15:39 - [TEST_STEP][PASSED] - response = sendRequest(findTestObject("REST/getRegion", ["id":"1"])): Send request successfully

27-05-2024T17:15:40 - [MESSAGE][INFO] - HAR: G:\Code\pokedex-katalon\Reports\20240527_171436\API Pokedex\20240527_171436\requests\main\76.har

27-05-2024T17:15:40 - [MESSAGE][PASSED] - Send request successfully

27-05-2024T17:15:40 - [TEST_STEP][PASSED] - verifyResponseStatusCode(response, 200): Verify response status code successfully

27-05-2024T17:15:40 - [MESSAGE][PASSED] - Verify response status code successfully]]></system-out>
         <system-err><![CDATA[]]></system-err>
      </testcase>
      <testcase name="Test Cases/API/getSinglePokemon" time="0.149" classname="Test Cases/API/getSinglePokemon" status="PASSED">
         <system-out><![CDATA[27-05-2024T17:15:40 - [TEST_CASE][PASSED] - Test Cases/API/getSinglePokemon: Test Cases/API/getSinglePokemon

27-05-2024T17:15:40 - [TEST_STEP][PASSED] - response = sendRequest(findTestObject("REST/getSinglePokemon", ["id":"1"])): Send request successfully

27-05-2024T17:15:40 - [MESSAGE][INFO] - HAR: G:\Code\pokedex-katalon\Reports\20240527_171436\API Pokedex\20240527_171436\requests\main\77.har

27-05-2024T17:15:40 - [MESSAGE][PASSED] - Send request successfully

27-05-2024T17:15:40 - [TEST_STEP][PASSED] - verifyResponseStatusCode(response, 200): Verify response status code successfully

27-05-2024T17:15:40 - [MESSAGE][PASSED] - Verify response status code successfully]]></system-out>
         <system-err><![CDATA[]]></system-err>
      </testcase>
      <testcase name="Test Cases/API/getSinglePokemonById" time="1.144" classname="Test Cases/API/getSinglePokemonById" status="PASSED">
         <system-out><![CDATA[27-05-2024T17:15:40 - [TEST_CASE][PASSED] - Test Cases/API/getSinglePokemonById: Test Cases/API/getSinglePokemonById

27-05-2024T17:15:40 - [TEST_STEP][PASSED] - response = sendRequest(findTestObject("REST/getSinglePokemon", ["id":"2"])): Send request successfully

27-05-2024T17:15:41 - [MESSAGE][INFO] - HAR: G:\Code\pokedex-katalon\Reports\20240527_171436\API Pokedex\20240527_171436\requests\main\78.har

27-05-2024T17:15:41 - [MESSAGE][PASSED] - Send request successfully

27-05-2024T17:15:41 - [TEST_STEP][PASSED] - verifyResponseStatusCode(response, 200): Verify response status code successfully

27-05-2024T17:15:41 - [MESSAGE][PASSED] - Verify response status code successfully]]></system-out>
         <system-err><![CDATA[]]></system-err>
      </testcase>
      <testcase name="Test Cases/API/getSinglePokemonByName" time="0.211" classname="Test Cases/API/getSinglePokemonByName" status="PASSED">
         <system-out><![CDATA[27-05-2024T17:15:41 - [TEST_CASE][PASSED] - Test Cases/API/getSinglePokemonByName: Test Cases/API/getSinglePokemonByName

27-05-2024T17:15:41 - [TEST_STEP][PASSED] - response = sendRequest(findTestObject("REST/getSinglePokemon", ["id":"pikachu"])): Send request successfully

27-05-2024T17:15:42 - [MESSAGE][INFO] - HAR: G:\Code\pokedex-katalon\Reports\20240527_171436\API Pokedex\20240527_171436\requests\main\79.har

27-05-2024T17:15:42 - [MESSAGE][PASSED] - Send request successfully

27-05-2024T17:15:42 - [TEST_STEP][PASSED] - verifyResponseStatusCode(response, 200): Verify response status code successfully

27-05-2024T17:15:42 - [MESSAGE][PASSED] - Verify response status code successfully]]></system-out>
         <system-err><![CDATA[]]></system-err>
      </testcase>
      <testcase name="Test Cases/API/getVersionById" time="1.124" classname="Test Cases/API/getVersionById" status="PASSED">
         <system-out><![CDATA[27-05-2024T17:15:42 - [TEST_CASE][PASSED] - Test Cases/API/getVersionById: Test Cases/API/getVersionById

27-05-2024T17:15:42 - [TEST_STEP][PASSED] - response = sendRequest(findTestObject("REST/getVersion", ["id":"1"])): Send request successfully

27-05-2024T17:15:43 - [MESSAGE][INFO] - HAR: G:\Code\pokedex-katalon\Reports\20240527_171436\API Pokedex\20240527_171436\requests\main\80.har

27-05-2024T17:15:43 - [MESSAGE][PASSED] - Send request successfully

27-05-2024T17:15:43 - [TEST_STEP][PASSED] - verifyResponseStatusCode(response, 200): Verify response status code successfully

27-05-2024T17:15:43 - [MESSAGE][PASSED] - Verify response status code successfully]]></system-out>
         <system-err><![CDATA[]]></system-err>
      </testcase>
      <testcase name="Test Cases/API/getVersionByName" time="1.138" classname="Test Cases/API/getVersionByName" status="PASSED">
         <system-out><![CDATA[27-05-2024T17:15:43 - [TEST_CASE][PASSED] - Test Cases/API/getVersionByName: Test Cases/API/getVersionByName

27-05-2024T17:15:43 - [TEST_STEP][PASSED] - response = sendRequest(findTestObject("REST/getVersion", ["id":"red"])): Send request successfully

27-05-2024T17:15:44 - [MESSAGE][INFO] - HAR: G:\Code\pokedex-katalon\Reports\20240527_171436\API Pokedex\20240527_171436\requests\main\81.har

27-05-2024T17:15:44 - [MESSAGE][PASSED] - Send request successfully

27-05-2024T17:15:44 - [TEST_STEP][PASSED] - verifyResponseStatusCode(response, 200): Verify response status code successfully

27-05-2024T17:15:44 - [MESSAGE][PASSED] - Verify response status code successfully]]></system-out>
         <system-err><![CDATA[]]></system-err>
      </testcase>
      <system-out><![CDATA[27-05-2024T17:14:41 - [TEST_SUITE][PASSED] - API Pokedex: Test Cases/API/getVersionByName]]></system-out>
      <system-err><![CDATA[]]></system-err>
   </testsuite>
</testsuites>
