<?xml version="1.0" encoding="UTF-8"?>
<testsuites name="API Pokedex" time="10.208" tests="42" failures="0" errors="0">
   <testsuite name="API Pokedex" tests="42" failures="0" errors="0" time="10.208" skipped="0" timestamp="30-05-2024T23:38:04" hostname="Admin - DESKTOP-K0UR0QI" id="Test Suites/API Pokedex">
      <properties>
         <property name="deviceName" value=""/>
         <property name="devicePlatform" value=""/>
         <property name="logFolder" value="G:\\Code\\pokedex-katalon\\Reports\\20240530_233758\\API Pokedex\\20240530_233758"/>
         <property name="logFiles" value="G:\\Code\\pokedex-katalon\\Reports\\20240530_233758\\API Pokedex\\20240530_233758\\execution0.log"/>
         <property name="attachments" value=""/>
         <property name="hostName" value="Admin - DESKTOP-K0UR0QI"/>
         <property name="hostAddress" value="192.168.0.5"/>
         <property name="os" value="Windows 11 64bit"/>
         <property name="katalonVersion" value="9.4.0.212"/>
      </properties>
      <testcase name="Test Cases/API/getAbilityById" time="1.73" classname="Test Cases/API/getAbilityById" status="PASSED">
         <system-out><![CDATA[30-05-2024T23:38:04 - [TEST_CASE][PASSED] - Test Cases/API/getAbilityById: Test Cases/API/getAbilityById

30-05-2024T23:38:04 - [TEST_STEP][PASSED] - response = sendRequest(findTestObject("REST/getAbility", ["id":"1"])): Send request successfully

30-05-2024T23:38:06 - [MESSAGE][INFO] - HAR: G:\Code\pokedex-katalon\Reports\20240530_233758\API Pokedex\20240530_233758\requests\main\0.har

30-05-2024T23:38:06 - [MESSAGE][PASSED] - Send request successfully

30-05-2024T23:38:06 - [TEST_STEP][PASSED] - verifyResponseStatusCode(response, 200): Verify response status code successfully

30-05-2024T23:38:06 - [MESSAGE][PASSED] - Verify response status code successfully]]></system-out>
         <system-err><![CDATA[]]></system-err>
      </testcase>
      <testcase name="Test Cases/API/getAbilityByName" time="0.281" classname="Test Cases/API/getAbilityByName" status="PASSED">
         <system-out><![CDATA[30-05-2024T23:38:06 - [TEST_CASE][PASSED] - Test Cases/API/getAbilityByName: Test Cases/API/getAbilityByName

30-05-2024T23:38:06 - [TEST_STEP][PASSED] - response = sendRequest(findTestObject("REST/getAbility", ["id":"stench"])): Send request successfully

30-05-2024T23:38:06 - [MESSAGE][INFO] - HAR: G:\Code\pokedex-katalon\Reports\20240530_233758\API Pokedex\20240530_233758\requests\main\1.har

30-05-2024T23:38:06 - [MESSAGE][PASSED] - Send request successfully

30-05-2024T23:38:06 - [TEST_STEP][PASSED] - verifyResponseStatusCode(response, 200): Verify response status code successfully

30-05-2024T23:38:06 - [MESSAGE][PASSED] - Verify response status code successfully]]></system-out>
         <system-err><![CDATA[]]></system-err>
      </testcase>
      <testcase name="Test Cases/API/getAllPokemon" time="0.248" classname="Test Cases/API/getAllPokemon" status="PASSED">
         <system-out><![CDATA[30-05-2024T23:38:06 - [TEST_CASE][PASSED] - Test Cases/API/getAllPokemon: Test Cases/API/getAllPokemon

30-05-2024T23:38:06 - [TEST_STEP][PASSED] - response = sendRequest(findTestObject("REST/getAllPokemon", ["limit":"100"])): Send request successfully

30-05-2024T23:38:06 - [MESSAGE][INFO] - HAR: G:\Code\pokedex-katalon\Reports\20240530_233758\API Pokedex\20240530_233758\requests\main\2.har

30-05-2024T23:38:06 - [MESSAGE][PASSED] - Send request successfully

30-05-2024T23:38:06 - [TEST_STEP][PASSED] - verifyResponseStatusCode(response, 200): Verify response status code successfully

30-05-2024T23:38:06 - [MESSAGE][PASSED] - Verify response status code successfully]]></system-out>
         <system-err><![CDATA[]]></system-err>
      </testcase>
      <testcase name="Test Cases/API/getAllPokemonLimit100" time="0.226" classname="Test Cases/API/getAllPokemonLimit100" status="PASSED">
         <system-out><![CDATA[30-05-2024T23:38:06 - [TEST_CASE][PASSED] - Test Cases/API/getAllPokemonLimit100: Test Cases/API/getAllPokemonLimit100

30-05-2024T23:38:06 - [TEST_STEP][PASSED] - response = sendRequest(findTestObject("REST/getAllPokemon", ["limit":"10"])): Send request successfully

30-05-2024T23:38:07 - [MESSAGE][INFO] - HAR: G:\Code\pokedex-katalon\Reports\20240530_233758\API Pokedex\20240530_233758\requests\main\3.har

30-05-2024T23:38:07 - [MESSAGE][PASSED] - Send request successfully

30-05-2024T23:38:07 - [TEST_STEP][PASSED] - verifyResponseStatusCode(response, 200): Verify response status code successfully

30-05-2024T23:38:07 - [MESSAGE][PASSED] - Verify response status code successfully]]></system-out>
         <system-err><![CDATA[]]></system-err>
      </testcase>
      <testcase name="Test Cases/API/getBerryById" time="0.201" classname="Test Cases/API/getBerryById" status="PASSED">
         <system-out><![CDATA[30-05-2024T23:38:07 - [TEST_CASE][PASSED] - Test Cases/API/getBerryById: Test Cases/API/getBerryById

30-05-2024T23:38:07 - [TEST_STEP][PASSED] - response = sendRequest(findTestObject("REST/getBerry", ["id":"5"])): Send request successfully

30-05-2024T23:38:07 - [MESSAGE][INFO] - HAR: G:\Code\pokedex-katalon\Reports\20240530_233758\API Pokedex\20240530_233758\requests\main\4.har

30-05-2024T23:38:07 - [MESSAGE][PASSED] - Send request successfully

30-05-2024T23:38:07 - [TEST_STEP][PASSED] - verifyResponseStatusCode(response, 200): Verify response status code successfully

30-05-2024T23:38:07 - [MESSAGE][PASSED] - Verify response status code successfully]]></system-out>
         <system-err><![CDATA[]]></system-err>
      </testcase>
      <testcase name="Test Cases/API/getBerryByName" time="0.205" classname="Test Cases/API/getBerryByName" status="PASSED">
         <system-out><![CDATA[30-05-2024T23:38:07 - [TEST_CASE][PASSED] - Test Cases/API/getBerryByName: Test Cases/API/getBerryByName

30-05-2024T23:38:07 - [TEST_STEP][PASSED] - response = sendRequest(findTestObject("REST/getBerry", ["id":"cheri"])): Send request successfully

30-05-2024T23:38:07 - [MESSAGE][INFO] - HAR: G:\Code\pokedex-katalon\Reports\20240530_233758\API Pokedex\20240530_233758\requests\main\5.har

30-05-2024T23:38:07 - [MESSAGE][PASSED] - Send request successfully

30-05-2024T23:38:07 - [TEST_STEP][PASSED] - verifyResponseStatusCode(response, 200): Verify response status code successfully

30-05-2024T23:38:07 - [MESSAGE][PASSED] - Verify response status code successfully]]></system-out>
         <system-err><![CDATA[]]></system-err>
      </testcase>
      <testcase name="Test Cases/API/getBerryFlavorById" time="0.239" classname="Test Cases/API/getBerryFlavorById" status="PASSED">
         <system-out><![CDATA[30-05-2024T23:38:07 - [TEST_CASE][PASSED] - Test Cases/API/getBerryFlavorById: Test Cases/API/getBerryFlavorById

30-05-2024T23:38:07 - [TEST_STEP][PASSED] - response = sendRequest(findTestObject("REST/getBerryFlavor", ["id":"1"])): Send request successfully

30-05-2024T23:38:07 - [MESSAGE][INFO] - HAR: G:\Code\pokedex-katalon\Reports\20240530_233758\API Pokedex\20240530_233758\requests\main\6.har

30-05-2024T23:38:07 - [MESSAGE][PASSED] - Send request successfully

30-05-2024T23:38:07 - [TEST_STEP][PASSED] - verifyResponseStatusCode(response, 200): Verify response status code successfully

30-05-2024T23:38:07 - [MESSAGE][PASSED] - Verify response status code successfully]]></system-out>
         <system-err><![CDATA[]]></system-err>
      </testcase>
      <testcase name="Test Cases/API/getBerryFlavorByName" time="0.223" classname="Test Cases/API/getBerryFlavorByName" status="PASSED">
         <system-out><![CDATA[30-05-2024T23:38:07 - [TEST_CASE][PASSED] - Test Cases/API/getBerryFlavorByName: Test Cases/API/getBerryFlavorByName

30-05-2024T23:38:07 - [TEST_STEP][PASSED] - response = sendRequest(findTestObject("REST/getBerryFlavor", ["id":"spicy"])): Send request successfully

30-05-2024T23:38:07 - [MESSAGE][INFO] - HAR: G:\Code\pokedex-katalon\Reports\20240530_233758\API Pokedex\20240530_233758\requests\main\7.har

30-05-2024T23:38:07 - [MESSAGE][PASSED] - Send request successfully

30-05-2024T23:38:07 - [TEST_STEP][PASSED] - verifyResponseStatusCode(response, 200): Verify response status code successfully

30-05-2024T23:38:07 - [MESSAGE][PASSED] - Verify response status code successfully]]></system-out>
         <system-err><![CDATA[]]></system-err>
      </testcase>
      <testcase name="Test Cases/API/getCharacteristicById" time="0.206" classname="Test Cases/API/getCharacteristicById" status="PASSED">
         <system-out><![CDATA[30-05-2024T23:38:07 - [TEST_CASE][PASSED] - Test Cases/API/getCharacteristicById: Test Cases/API/getCharacteristicById

30-05-2024T23:38:07 - [TEST_STEP][PASSED] - response = sendRequest(findTestObject("REST/getCharacteristic", ["id":"1"])): Send request successfully

30-05-2024T23:38:08 - [MESSAGE][INFO] - HAR: G:\Code\pokedex-katalon\Reports\20240530_233758\API Pokedex\20240530_233758\requests\main\8.har

30-05-2024T23:38:08 - [MESSAGE][PASSED] - Send request successfully

30-05-2024T23:38:08 - [TEST_STEP][PASSED] - verifyResponseStatusCode(response, 200): Verify response status code successfully

30-05-2024T23:38:08 - [MESSAGE][PASSED] - Verify response status code successfully]]></system-out>
         <system-err><![CDATA[]]></system-err>
      </testcase>
      <testcase name="Test Cases/API/getContestTypesById" time="0.187" classname="Test Cases/API/getContestTypesById" status="PASSED">
         <system-out><![CDATA[30-05-2024T23:38:08 - [TEST_CASE][PASSED] - Test Cases/API/getContestTypesById: Test Cases/API/getContestTypesById

30-05-2024T23:38:08 - [TEST_STEP][PASSED] - response = sendRequest(findTestObject("REST/getContestTypes", ["id":"1"])): Send request successfully

30-05-2024T23:38:08 - [MESSAGE][INFO] - HAR: G:\Code\pokedex-katalon\Reports\20240530_233758\API Pokedex\20240530_233758\requests\main\9.har

30-05-2024T23:38:08 - [MESSAGE][PASSED] - Send request successfully

30-05-2024T23:38:08 - [TEST_STEP][PASSED] - verifyResponseStatusCode(response, 200): Verify response status code successfully

30-05-2024T23:38:08 - [MESSAGE][PASSED] - Verify response status code successfully]]></system-out>
         <system-err><![CDATA[]]></system-err>
      </testcase>
      <testcase name="Test Cases/API/getContestTypesByName" time="0.239" classname="Test Cases/API/getContestTypesByName" status="PASSED">
         <system-out><![CDATA[30-05-2024T23:38:08 - [TEST_CASE][PASSED] - Test Cases/API/getContestTypesByName: Test Cases/API/getContestTypesByName

30-05-2024T23:38:08 - [TEST_STEP][PASSED] - response = sendRequest(findTestObject("REST/getContestTypes", ["id":"cool"])): Send request successfully

30-05-2024T23:38:08 - [MESSAGE][INFO] - HAR: G:\Code\pokedex-katalon\Reports\20240530_233758\API Pokedex\20240530_233758\requests\main\10.har

30-05-2024T23:38:08 - [MESSAGE][PASSED] - Send request successfully

30-05-2024T23:38:08 - [TEST_STEP][PASSED] - verifyResponseStatusCode(response, 200): Verify response status code successfully

30-05-2024T23:38:08 - [MESSAGE][PASSED] - Verify response status code successfully]]></system-out>
         <system-err><![CDATA[]]></system-err>
      </testcase>
      <testcase name="Test Cases/API/getEggsGroupById" time="0.19" classname="Test Cases/API/getEggsGroupById" status="PASSED">
         <system-out><![CDATA[30-05-2024T23:38:08 - [TEST_CASE][PASSED] - Test Cases/API/getEggsGroupById: Test Cases/API/getEggsGroupById

30-05-2024T23:38:08 - [TEST_STEP][PASSED] - response = sendRequest(findTestObject("REST/getEggsGroup", ["id":"monster"])): Send request successfully

30-05-2024T23:38:08 - [MESSAGE][INFO] - HAR: G:\Code\pokedex-katalon\Reports\20240530_233758\API Pokedex\20240530_233758\requests\main\11.har

30-05-2024T23:38:08 - [MESSAGE][PASSED] - Send request successfully

30-05-2024T23:38:08 - [TEST_STEP][PASSED] - verifyResponseStatusCode(response, 200): Verify response status code successfully

30-05-2024T23:38:08 - [MESSAGE][PASSED] - Verify response status code successfully]]></system-out>
         <system-err><![CDATA[]]></system-err>
      </testcase>
      <testcase name="Test Cases/API/getEggsGroupByName" time="0.219" classname="Test Cases/API/getEggsGroupByName" status="PASSED">
         <system-out><![CDATA[30-05-2024T23:38:08 - [TEST_CASE][PASSED] - Test Cases/API/getEggsGroupByName: Test Cases/API/getEggsGroupByName

30-05-2024T23:38:08 - [TEST_STEP][PASSED] - response = sendRequest(findTestObject("REST/getEggsGroup", ["id":"1"])): Send request successfully

30-05-2024T23:38:09 - [MESSAGE][INFO] - HAR: G:\Code\pokedex-katalon\Reports\20240530_233758\API Pokedex\20240530_233758\requests\main\12.har

30-05-2024T23:38:09 - [MESSAGE][PASSED] - Send request successfully

30-05-2024T23:38:09 - [TEST_STEP][PASSED] - verifyResponseStatusCode(response, 200): Verify response status code successfully

30-05-2024T23:38:09 - [MESSAGE][PASSED] - Verify response status code successfully]]></system-out>
         <system-err><![CDATA[]]></system-err>
      </testcase>
      <testcase name="Test Cases/API/getEncounterConditionValuesById" time="0.199" classname="Test Cases/API/getEncounterConditionValuesById" status="PASSED">
         <system-out><![CDATA[30-05-2024T23:38:09 - [TEST_CASE][PASSED] - Test Cases/API/getEncounterConditionValuesById: Test Cases/API/getEncounterConditionValuesById

30-05-2024T23:38:09 - [TEST_STEP][PASSED] - response = sendRequest(findTestObject("REST/getEncouterConditionValue", ["id":"swarm-yes"])): Send request successfully

30-05-2024T23:38:09 - [MESSAGE][INFO] - HAR: G:\Code\pokedex-katalon\Reports\20240530_233758\API Pokedex\20240530_233758\requests\main\13.har

30-05-2024T23:38:09 - [MESSAGE][PASSED] - Send request successfully

30-05-2024T23:38:09 - [TEST_STEP][PASSED] - verifyResponseStatusCode(response, 200): Verify response status code successfully

30-05-2024T23:38:09 - [MESSAGE][PASSED] - Verify response status code successfully]]></system-out>
         <system-err><![CDATA[]]></system-err>
      </testcase>
      <testcase name="Test Cases/API/getEncounterConditionValuesByName" time="0.194" classname="Test Cases/API/getEncounterConditionValuesByName" status="PASSED">
         <system-out><![CDATA[30-05-2024T23:38:09 - [TEST_CASE][PASSED] - Test Cases/API/getEncounterConditionValuesByName: Test Cases/API/getEncounterConditionValuesByName

30-05-2024T23:38:09 - [TEST_STEP][PASSED] - response = sendRequest(findTestObject("REST/getEncouterConditionValue", ["id":"1"])): Send request successfully

30-05-2024T23:38:09 - [MESSAGE][INFO] - HAR: G:\Code\pokedex-katalon\Reports\20240530_233758\API Pokedex\20240530_233758\requests\main\14.har

30-05-2024T23:38:09 - [MESSAGE][PASSED] - Send request successfully

30-05-2024T23:38:09 - [TEST_STEP][PASSED] - verifyResponseStatusCode(response, 200): Verify response status code successfully

30-05-2024T23:38:09 - [MESSAGE][PASSED] - Verify response status code successfully]]></system-out>
         <system-err><![CDATA[]]></system-err>
      </testcase>
      <testcase name="Test Cases/API/getEncouterConditionById" time="0.197" classname="Test Cases/API/getEncouterConditionById" status="PASSED">
         <system-out><![CDATA[30-05-2024T23:38:09 - [TEST_CASE][PASSED] - Test Cases/API/getEncouterConditionById: Test Cases/API/getEncouterConditionById

30-05-2024T23:38:09 - [TEST_STEP][PASSED] - response = sendRequest(findTestObject("REST/getEncounterCondition", ["id":"1"])): Send request successfully

30-05-2024T23:38:09 - [MESSAGE][INFO] - HAR: G:\Code\pokedex-katalon\Reports\20240530_233758\API Pokedex\20240530_233758\requests\main\15.har

30-05-2024T23:38:09 - [MESSAGE][PASSED] - Send request successfully

30-05-2024T23:38:09 - [TEST_STEP][PASSED] - verifyResponseStatusCode(response, 200): Verify response status code successfully

30-05-2024T23:38:09 - [MESSAGE][PASSED] - Verify response status code successfully]]></system-out>
         <system-err><![CDATA[]]></system-err>
      </testcase>
      <testcase name="Test Cases/API/getEncouterConditionByName" time="0.182" classname="Test Cases/API/getEncouterConditionByName" status="PASSED">
         <system-out><![CDATA[30-05-2024T23:38:09 - [TEST_CASE][PASSED] - Test Cases/API/getEncouterConditionByName: Test Cases/API/getEncouterConditionByName

30-05-2024T23:38:09 - [TEST_STEP][PASSED] - response = sendRequest(findTestObject("REST/getEncounterCondition", ["id":"swarm"])): Send request successfully

30-05-2024T23:38:09 - [MESSAGE][INFO] - HAR: G:\Code\pokedex-katalon\Reports\20240530_233758\API Pokedex\20240530_233758\requests\main\16.har

30-05-2024T23:38:09 - [MESSAGE][PASSED] - Send request successfully

30-05-2024T23:38:09 - [TEST_STEP][PASSED] - verifyResponseStatusCode(response, 200): Verify response status code successfully

30-05-2024T23:38:09 - [MESSAGE][PASSED] - Verify response status code successfully]]></system-out>
         <system-err><![CDATA[]]></system-err>
      </testcase>
      <testcase name="Test Cases/API/getEncouterMethodById" time="0.199" classname="Test Cases/API/getEncouterMethodById" status="PASSED">
         <system-out><![CDATA[30-05-2024T23:38:09 - [TEST_CASE][PASSED] - Test Cases/API/getEncouterMethodById: Test Cases/API/getEncouterMethodById

30-05-2024T23:38:09 - [TEST_STEP][PASSED] - response = sendRequest(findTestObject("REST/getEncounterMethod", ["id":"1"])): Send request successfully

30-05-2024T23:38:09 - [MESSAGE][INFO] - HAR: G:\Code\pokedex-katalon\Reports\20240530_233758\API Pokedex\20240530_233758\requests\main\17.har

30-05-2024T23:38:09 - [MESSAGE][PASSED] - Send request successfully

30-05-2024T23:38:09 - [TEST_STEP][PASSED] - verifyResponseStatusCode(response, 200): Verify response status code successfully

30-05-2024T23:38:09 - [MESSAGE][PASSED] - Verify response status code successfully]]></system-out>
         <system-err><![CDATA[]]></system-err>
      </testcase>
      <testcase name="Test Cases/API/getEncouterMethodByName" time="0.195" classname="Test Cases/API/getEncouterMethodByName" status="PASSED">
         <system-out><![CDATA[30-05-2024T23:38:09 - [TEST_CASE][PASSED] - Test Cases/API/getEncouterMethodByName: Test Cases/API/getEncouterMethodByName

30-05-2024T23:38:10 - [TEST_STEP][PASSED] - response = sendRequest(findTestObject("REST/getEncounterMethod", ["id":"walk"])): Send request successfully

30-05-2024T23:38:10 - [MESSAGE][INFO] - HAR: G:\Code\pokedex-katalon\Reports\20240530_233758\API Pokedex\20240530_233758\requests\main\18.har

30-05-2024T23:38:10 - [MESSAGE][PASSED] - Send request successfully

30-05-2024T23:38:10 - [TEST_STEP][PASSED] - verifyResponseStatusCode(response, 200): Verify response status code successfully

30-05-2024T23:38:10 - [MESSAGE][PASSED] - Verify response status code successfully]]></system-out>
         <system-err><![CDATA[]]></system-err>
      </testcase>
      <testcase name="Test Cases/API/getEvolutionTriggerById" time="0.19" classname="Test Cases/API/getEvolutionTriggerById" status="PASSED">
         <system-out><![CDATA[30-05-2024T23:38:10 - [TEST_CASE][PASSED] - Test Cases/API/getEvolutionTriggerById: Test Cases/API/getEvolutionTriggerById

30-05-2024T23:38:10 - [TEST_STEP][PASSED] - response = sendRequest(findTestObject("REST/getEvolutionTrigger", ["id":"1"])): Send request successfully

30-05-2024T23:38:10 - [MESSAGE][INFO] - HAR: G:\Code\pokedex-katalon\Reports\20240530_233758\API Pokedex\20240530_233758\requests\main\19.har

30-05-2024T23:38:10 - [MESSAGE][PASSED] - Send request successfully

30-05-2024T23:38:10 - [TEST_STEP][PASSED] - verifyResponseStatusCode(response, 200): Verify response status code successfully

30-05-2024T23:38:10 - [MESSAGE][PASSED] - Verify response status code successfully]]></system-out>
         <system-err><![CDATA[]]></system-err>
      </testcase>
      <testcase name="Test Cases/API/getEvolutionTriggerByName" time="0.233" classname="Test Cases/API/getEvolutionTriggerByName" status="PASSED">
         <system-out><![CDATA[30-05-2024T23:38:10 - [TEST_CASE][PASSED] - Test Cases/API/getEvolutionTriggerByName: Test Cases/API/getEvolutionTriggerByName

30-05-2024T23:38:10 - [TEST_STEP][PASSED] - response = sendRequest(findTestObject("REST/getEvolutionTrigger", ["id":"level-up"])): Send request successfully

30-05-2024T23:38:10 - [MESSAGE][INFO] - HAR: G:\Code\pokedex-katalon\Reports\20240530_233758\API Pokedex\20240530_233758\requests\main\20.har

30-05-2024T23:38:10 - [MESSAGE][PASSED] - Send request successfully

30-05-2024T23:38:10 - [TEST_STEP][PASSED] - verifyResponseStatusCode(response, 200): Verify response status code successfully

30-05-2024T23:38:10 - [MESSAGE][PASSED] - Verify response status code successfully]]></system-out>
         <system-err><![CDATA[]]></system-err>
      </testcase>
      <testcase name="Test Cases/API/getGenderById" time="0.191" classname="Test Cases/API/getGenderById" status="PASSED">
         <system-out><![CDATA[30-05-2024T23:38:10 - [TEST_CASE][PASSED] - Test Cases/API/getGenderById: Test Cases/API/getGenderById

30-05-2024T23:38:10 - [TEST_STEP][PASSED] - response = sendRequest(findTestObject("REST/getGender", ["id":"1"])): Send request successfully

30-05-2024T23:38:10 - [MESSAGE][INFO] - HAR: G:\Code\pokedex-katalon\Reports\20240530_233758\API Pokedex\20240530_233758\requests\main\21.har

30-05-2024T23:38:10 - [MESSAGE][PASSED] - Send request successfully

30-05-2024T23:38:10 - [TEST_STEP][PASSED] - verifyResponseStatusCode(response, 200): Verify response status code successfully

30-05-2024T23:38:10 - [MESSAGE][PASSED] - Verify response status code successfully]]></system-out>
         <system-err><![CDATA[]]></system-err>
      </testcase>
      <testcase name="Test Cases/API/getGenderByName" time="0.191" classname="Test Cases/API/getGenderByName" status="PASSED">
         <system-out><![CDATA[30-05-2024T23:38:10 - [TEST_CASE][PASSED] - Test Cases/API/getGenderByName: Test Cases/API/getGenderByName

30-05-2024T23:38:10 - [TEST_STEP][PASSED] - response = sendRequest(findTestObject("REST/getGender", ["id":"male"])): Send request successfully

30-05-2024T23:38:10 - [MESSAGE][INFO] - HAR: G:\Code\pokedex-katalon\Reports\20240530_233758\API Pokedex\20240530_233758\requests\main\22.har

30-05-2024T23:38:11 - [MESSAGE][PASSED] - Send request successfully

30-05-2024T23:38:11 - [TEST_STEP][PASSED] - verifyResponseStatusCode(response, 200): Verify response status code successfully

30-05-2024T23:38:11 - [MESSAGE][PASSED] - Verify response status code successfully]]></system-out>
         <system-err><![CDATA[]]></system-err>
      </testcase>
      <testcase name="Test Cases/API/getGenerationById" time="0.197" classname="Test Cases/API/getGenerationById" status="PASSED">
         <system-out><![CDATA[30-05-2024T23:38:11 - [TEST_CASE][PASSED] - Test Cases/API/getGenerationById: Test Cases/API/getGenerationById

30-05-2024T23:38:11 - [TEST_STEP][PASSED] - response = sendRequest(findTestObject("REST/getGeneration", ["id":"1"])): Send request successfully

30-05-2024T23:38:11 - [MESSAGE][INFO] - HAR: G:\Code\pokedex-katalon\Reports\20240530_233758\API Pokedex\20240530_233758\requests\main\23.har

30-05-2024T23:38:11 - [MESSAGE][PASSED] - Send request successfully

30-05-2024T23:38:11 - [TEST_STEP][PASSED] - verifyResponseStatusCode(response, 200): Verify response status code successfully

30-05-2024T23:38:11 - [MESSAGE][PASSED] - Verify response status code successfully]]></system-out>
         <system-err><![CDATA[]]></system-err>
      </testcase>
      <testcase name="Test Cases/API/getGenerationByName" time="0.181" classname="Test Cases/API/getGenerationByName" status="PASSED">
         <system-out><![CDATA[30-05-2024T23:38:11 - [TEST_CASE][PASSED] - Test Cases/API/getGenerationByName: Test Cases/API/getGenerationByName

30-05-2024T23:38:11 - [TEST_STEP][PASSED] - response = sendRequest(findTestObject("REST/getGeneration", ["id":"generation-i"])): Send request successfully

30-05-2024T23:38:11 - [MESSAGE][INFO] - HAR: G:\Code\pokedex-katalon\Reports\20240530_233758\API Pokedex\20240530_233758\requests\main\24.har

30-05-2024T23:38:11 - [MESSAGE][PASSED] - Send request successfully

30-05-2024T23:38:11 - [TEST_STEP][PASSED] - verifyResponseStatusCode(response, 200): Verify response status code successfully

30-05-2024T23:38:11 - [MESSAGE][PASSED] - Verify response status code successfully]]></system-out>
         <system-err><![CDATA[]]></system-err>
      </testcase>
      <testcase name="Test Cases/API/getItemById" time="0.221" classname="Test Cases/API/getItemById" status="PASSED">
         <system-out><![CDATA[30-05-2024T23:38:11 - [TEST_CASE][PASSED] - Test Cases/API/getItemById: Test Cases/API/getItemById

30-05-2024T23:38:11 - [TEST_STEP][PASSED] - response = sendRequest(findTestObject("REST/getItem", ["id":"2"])): Send request successfully

30-05-2024T23:38:11 - [MESSAGE][INFO] - HAR: G:\Code\pokedex-katalon\Reports\20240530_233758\API Pokedex\20240530_233758\requests\main\25.har

30-05-2024T23:38:11 - [MESSAGE][PASSED] - Send request successfully

30-05-2024T23:38:11 - [TEST_STEP][PASSED] - verifyResponseStatusCode(response, 200): Verify response status code successfully

30-05-2024T23:38:11 - [MESSAGE][PASSED] - Verify response status code successfully]]></system-out>
         <system-err><![CDATA[]]></system-err>
      </testcase>
      <testcase name="Test Cases/API/getItemByName" time="0.206" classname="Test Cases/API/getItemByName" status="PASSED">
         <system-out><![CDATA[30-05-2024T23:38:11 - [TEST_CASE][PASSED] - Test Cases/API/getItemByName: Test Cases/API/getItemByName

30-05-2024T23:38:11 - [TEST_STEP][PASSED] - response = sendRequest(findTestObject("REST/getItem", ["id":"safari-ball"])): Send request successfully

30-05-2024T23:38:11 - [MESSAGE][INFO] - HAR: G:\Code\pokedex-katalon\Reports\20240530_233758\API Pokedex\20240530_233758\requests\main\26.har

30-05-2024T23:38:11 - [MESSAGE][PASSED] - Send request successfully

30-05-2024T23:38:11 - [TEST_STEP][PASSED] - verifyResponseStatusCode(response, 200): Verify response status code successfully

30-05-2024T23:38:11 - [MESSAGE][PASSED] - Verify response status code successfully]]></system-out>
         <system-err><![CDATA[]]></system-err>
      </testcase>
      <testcase name="Test Cases/API/getLocationAreaById" time="0.177" classname="Test Cases/API/getLocationAreaById" status="PASSED">
         <system-out><![CDATA[30-05-2024T23:38:11 - [TEST_CASE][PASSED] - Test Cases/API/getLocationAreaById: Test Cases/API/getLocationAreaById

30-05-2024T23:38:11 - [TEST_STEP][PASSED] - response = sendRequest(findTestObject("REST/getLocationArea", ["id":"5"])): Send request successfully

30-05-2024T23:38:11 - [MESSAGE][INFO] - HAR: G:\Code\pokedex-katalon\Reports\20240530_233758\API Pokedex\20240530_233758\requests\main\27.har

30-05-2024T23:38:11 - [MESSAGE][PASSED] - Send request successfully

30-05-2024T23:38:11 - [TEST_STEP][PASSED] - verifyResponseStatusCode(response, 200): Verify response status code successfully

30-05-2024T23:38:11 - [MESSAGE][PASSED] - Verify response status code successfully]]></system-out>
         <system-err><![CDATA[]]></system-err>
      </testcase>
      <testcase name="Test Cases/API/getLocationAreaByName" time="0.175" classname="Test Cases/API/getLocationAreaByName" status="PASSED">
         <system-out><![CDATA[30-05-2024T23:38:11 - [TEST_CASE][PASSED] - Test Cases/API/getLocationAreaByName: Test Cases/API/getLocationAreaByName

30-05-2024T23:38:12 - [TEST_STEP][PASSED] - response = sendRequest(findTestObject("REST/getLocationArea", ["id":"valley-windworks-area"])): Send request successfully

30-05-2024T23:38:12 - [MESSAGE][INFO] - HAR: G:\Code\pokedex-katalon\Reports\20240530_233758\API Pokedex\20240530_233758\requests\main\28.har

30-05-2024T23:38:12 - [MESSAGE][PASSED] - Send request successfully

30-05-2024T23:38:12 - [TEST_STEP][PASSED] - verifyResponseStatusCode(response, 200): Verify response status code successfully

30-05-2024T23:38:12 - [MESSAGE][PASSED] - Verify response status code successfully]]></system-out>
         <system-err><![CDATA[]]></system-err>
      </testcase>
      <testcase name="Test Cases/API/getLocationById" time="0.173" classname="Test Cases/API/getLocationById" status="PASSED">
         <system-out><![CDATA[30-05-2024T23:38:12 - [TEST_CASE][PASSED] - Test Cases/API/getLocationById: Test Cases/API/getLocationById

30-05-2024T23:38:12 - [TEST_STEP][PASSED] - response = sendRequest(findTestObject("REST/getLocation", ["id":"mt-coronet"])): Send request successfully

30-05-2024T23:38:12 - [MESSAGE][INFO] - HAR: G:\Code\pokedex-katalon\Reports\20240530_233758\API Pokedex\20240530_233758\requests\main\29.har

30-05-2024T23:38:12 - [MESSAGE][PASSED] - Send request successfully

30-05-2024T23:38:12 - [TEST_STEP][PASSED] - verifyResponseStatusCode(response, 200): Verify response status code successfully

30-05-2024T23:38:12 - [MESSAGE][PASSED] - Verify response status code successfully]]></system-out>
         <system-err><![CDATA[]]></system-err>
      </testcase>
      <testcase name="Test Cases/API/getLocationByName" time="0.174" classname="Test Cases/API/getLocationByName" status="PASSED">
         <system-out><![CDATA[30-05-2024T23:38:12 - [TEST_CASE][PASSED] - Test Cases/API/getLocationByName: Test Cases/API/getLocationByName

30-05-2024T23:38:12 - [TEST_STEP][PASSED] - response = sendRequest(findTestObject("REST/getLocation", ["id":"6"])): Send request successfully

30-05-2024T23:38:12 - [MESSAGE][INFO] - HAR: G:\Code\pokedex-katalon\Reports\20240530_233758\API Pokedex\20240530_233758\requests\main\30.har

30-05-2024T23:38:12 - [MESSAGE][PASSED] - Send request successfully

30-05-2024T23:38:12 - [TEST_STEP][PASSED] - verifyResponseStatusCode(response, 200): Verify response status code successfully

30-05-2024T23:38:12 - [MESSAGE][PASSED] - Verify response status code successfully]]></system-out>
         <system-err><![CDATA[]]></system-err>
      </testcase>
      <testcase name="Test Cases/API/getMoveById" time="0.176" classname="Test Cases/API/getMoveById" status="PASSED">
         <system-out><![CDATA[30-05-2024T23:38:12 - [TEST_CASE][PASSED] - Test Cases/API/getMoveById: Test Cases/API/getMoveById

30-05-2024T23:38:12 - [TEST_STEP][PASSED] - response = sendRequest(findTestObject("REST/getMoves", ["id":"6"])): Send request successfully

30-05-2024T23:38:12 - [MESSAGE][INFO] - HAR: G:\Code\pokedex-katalon\Reports\20240530_233758\API Pokedex\20240530_233758\requests\main\31.har

30-05-2024T23:38:12 - [MESSAGE][PASSED] - Send request successfully

30-05-2024T23:38:12 - [TEST_STEP][PASSED] - verifyResponseStatusCode(response, 200): Verify response status code successfully

30-05-2024T23:38:12 - [MESSAGE][PASSED] - Verify response status code successfully]]></system-out>
         <system-err><![CDATA[]]></system-err>
      </testcase>
      <testcase name="Test Cases/API/getMoveByName" time="0.182" classname="Test Cases/API/getMoveByName" status="PASSED">
         <system-out><![CDATA[30-05-2024T23:38:12 - [TEST_CASE][PASSED] - Test Cases/API/getMoveByName: Test Cases/API/getMoveByName

30-05-2024T23:38:12 - [TEST_STEP][PASSED] - response = sendRequest(findTestObject("REST/getMoves", ["id":"pound"])): Send request successfully

30-05-2024T23:38:12 - [MESSAGE][INFO] - HAR: G:\Code\pokedex-katalon\Reports\20240530_233758\API Pokedex\20240530_233758\requests\main\32.har

30-05-2024T23:38:12 - [MESSAGE][PASSED] - Send request successfully

30-05-2024T23:38:12 - [TEST_STEP][PASSED] - verifyResponseStatusCode(response, 200): Verify response status code successfully

30-05-2024T23:38:12 - [MESSAGE][PASSED] - Verify response status code successfully]]></system-out>
         <system-err><![CDATA[]]></system-err>
      </testcase>
      <testcase name="Test Cases/API/getPokedexById" time="0.18" classname="Test Cases/API/getPokedexById" status="PASSED">
         <system-out><![CDATA[30-05-2024T23:38:12 - [TEST_CASE][PASSED] - Test Cases/API/getPokedexById: Test Cases/API/getPokedexById

30-05-2024T23:38:12 - [TEST_STEP][PASSED] - response = sendRequest(findTestObject("REST/getPokedex", ["id":"5"])): Send request successfully

30-05-2024T23:38:13 - [MESSAGE][INFO] - HAR: G:\Code\pokedex-katalon\Reports\20240530_233758\API Pokedex\20240530_233758\requests\main\33.har

30-05-2024T23:38:13 - [MESSAGE][PASSED] - Send request successfully

30-05-2024T23:38:13 - [TEST_STEP][PASSED] - verifyResponseStatusCode(response, 200): Verify response status code successfully

30-05-2024T23:38:13 - [MESSAGE][PASSED] - Verify response status code successfully]]></system-out>
         <system-err><![CDATA[]]></system-err>
      </testcase>
      <testcase name="Test Cases/API/getPokedexByName" time="0.172" classname="Test Cases/API/getPokedexByName" status="PASSED">
         <system-out><![CDATA[30-05-2024T23:38:13 - [TEST_CASE][PASSED] - Test Cases/API/getPokedexByName: Test Cases/API/getPokedexByName

30-05-2024T23:38:13 - [TEST_STEP][PASSED] - response = sendRequest(findTestObject("REST/getPokedex", ["id":"kanto"])): Send request successfully

30-05-2024T23:38:13 - [MESSAGE][INFO] - HAR: G:\Code\pokedex-katalon\Reports\20240530_233758\API Pokedex\20240530_233758\requests\main\34.har

30-05-2024T23:38:13 - [MESSAGE][PASSED] - Send request successfully

30-05-2024T23:38:13 - [TEST_STEP][PASSED] - verifyResponseStatusCode(response, 200): Verify response status code successfully

30-05-2024T23:38:13 - [MESSAGE][PASSED] - Verify response status code successfully]]></system-out>
         <system-err><![CDATA[]]></system-err>
      </testcase>
      <testcase name="Test Cases/API/getRegionById" time="0.237" classname="Test Cases/API/getRegionById" status="PASSED">
         <system-out><![CDATA[30-05-2024T23:38:13 - [TEST_CASE][PASSED] - Test Cases/API/getRegionById: Test Cases/API/getRegionById

30-05-2024T23:38:13 - [TEST_STEP][PASSED] - response = sendRequest(findTestObject("REST/getRegion", ["id":"kanto"])): Send request successfully

30-05-2024T23:38:13 - [MESSAGE][INFO] - HAR: G:\Code\pokedex-katalon\Reports\20240530_233758\API Pokedex\20240530_233758\requests\main\35.har

30-05-2024T23:38:13 - [MESSAGE][PASSED] - Send request successfully

30-05-2024T23:38:13 - [TEST_STEP][PASSED] - verifyResponseStatusCode(response, 200): Verify response status code successfully

30-05-2024T23:38:13 - [MESSAGE][PASSED] - Verify response status code successfully]]></system-out>
         <system-err><![CDATA[]]></system-err>
      </testcase>
      <testcase name="Test Cases/API/getRegionByName" time="0.204" classname="Test Cases/API/getRegionByName" status="PASSED">
         <system-out><![CDATA[30-05-2024T23:38:13 - [TEST_CASE][PASSED] - Test Cases/API/getRegionByName: Test Cases/API/getRegionByName

30-05-2024T23:38:13 - [TEST_STEP][PASSED] - response = sendRequest(findTestObject("REST/getRegion", ["id":"1"])): Send request successfully

30-05-2024T23:38:13 - [MESSAGE][INFO] - HAR: G:\Code\pokedex-katalon\Reports\20240530_233758\API Pokedex\20240530_233758\requests\main\36.har

30-05-2024T23:38:13 - [MESSAGE][PASSED] - Send request successfully

30-05-2024T23:38:13 - [TEST_STEP][PASSED] - verifyResponseStatusCode(response, 200): Verify response status code successfully

30-05-2024T23:38:13 - [MESSAGE][PASSED] - Verify response status code successfully]]></system-out>
         <system-err><![CDATA[]]></system-err>
      </testcase>
      <testcase name="Test Cases/API/getSinglePokemon" time="0.198" classname="Test Cases/API/getSinglePokemon" status="PASSED">
         <system-out><![CDATA[30-05-2024T23:38:13 - [TEST_CASE][PASSED] - Test Cases/API/getSinglePokemon: Test Cases/API/getSinglePokemon

30-05-2024T23:38:13 - [TEST_STEP][PASSED] - response = sendRequest(findTestObject("REST/getSinglePokemon", ["id":"1"])): Send request successfully

30-05-2024T23:38:13 - [MESSAGE][INFO] - HAR: G:\Code\pokedex-katalon\Reports\20240530_233758\API Pokedex\20240530_233758\requests\main\37.har

30-05-2024T23:38:13 - [MESSAGE][PASSED] - Send request successfully

30-05-2024T23:38:13 - [TEST_STEP][PASSED] - verifyResponseStatusCode(response, 200): Verify response status code successfully

30-05-2024T23:38:13 - [MESSAGE][PASSED] - Verify response status code successfully]]></system-out>
         <system-err><![CDATA[]]></system-err>
      </testcase>
      <testcase name="Test Cases/API/getSinglePokemonById" time="0.175" classname="Test Cases/API/getSinglePokemonById" status="PASSED">
         <system-out><![CDATA[30-05-2024T23:38:13 - [TEST_CASE][PASSED] - Test Cases/API/getSinglePokemonById: Test Cases/API/getSinglePokemonById

30-05-2024T23:38:13 - [TEST_STEP][PASSED] - response = sendRequest(findTestObject("REST/getSinglePokemon", ["id":"2"])): Send request successfully

30-05-2024T23:38:14 - [MESSAGE][INFO] - HAR: G:\Code\pokedex-katalon\Reports\20240530_233758\API Pokedex\20240530_233758\requests\main\38.har

30-05-2024T23:38:14 - [MESSAGE][PASSED] - Send request successfully

30-05-2024T23:38:14 - [TEST_STEP][PASSED] - verifyResponseStatusCode(response, 200): Verify response status code successfully

30-05-2024T23:38:14 - [MESSAGE][PASSED] - Verify response status code successfully]]></system-out>
         <system-err><![CDATA[]]></system-err>
      </testcase>
      <testcase name="Test Cases/API/getSinglePokemonByName" time="0.191" classname="Test Cases/API/getSinglePokemonByName" status="PASSED">
         <system-out><![CDATA[30-05-2024T23:38:14 - [TEST_CASE][PASSED] - Test Cases/API/getSinglePokemonByName: Test Cases/API/getSinglePokemonByName

30-05-2024T23:38:14 - [TEST_STEP][PASSED] - response = sendRequest(findTestObject("REST/getSinglePokemon", ["id":"pikachu"])): Send request successfully

30-05-2024T23:38:14 - [MESSAGE][INFO] - HAR: G:\Code\pokedex-katalon\Reports\20240530_233758\API Pokedex\20240530_233758\requests\main\39.har

30-05-2024T23:38:14 - [MESSAGE][PASSED] - Send request successfully

30-05-2024T23:38:14 - [TEST_STEP][PASSED] - verifyResponseStatusCode(response, 200): Verify response status code successfully

30-05-2024T23:38:14 - [MESSAGE][PASSED] - Verify response status code successfully]]></system-out>
         <system-err><![CDATA[]]></system-err>
      </testcase>
      <testcase name="Test Cases/API/getVersionById" time="0.183" classname="Test Cases/API/getVersionById" status="PASSED">
         <system-out><![CDATA[30-05-2024T23:38:14 - [TEST_CASE][PASSED] - Test Cases/API/getVersionById: Test Cases/API/getVersionById

30-05-2024T23:38:14 - [TEST_STEP][PASSED] - response = sendRequest(findTestObject("REST/getVersion", ["id":"1"])): Send request successfully

30-05-2024T23:38:14 - [MESSAGE][INFO] - HAR: G:\Code\pokedex-katalon\Reports\20240530_233758\API Pokedex\20240530_233758\requests\main\40.har

30-05-2024T23:38:14 - [MESSAGE][PASSED] - Send request successfully

30-05-2024T23:38:14 - [TEST_STEP][PASSED] - verifyResponseStatusCode(response, 200): Verify response status code successfully

30-05-2024T23:38:14 - [MESSAGE][PASSED] - Verify response status code successfully]]></system-out>
         <system-err><![CDATA[]]></system-err>
      </testcase>
      <testcase name="Test Cases/API/getVersionByName" time="0.176" classname="Test Cases/API/getVersionByName" status="PASSED">
         <system-out><![CDATA[30-05-2024T23:38:14 - [TEST_CASE][PASSED] - Test Cases/API/getVersionByName: Test Cases/API/getVersionByName

30-05-2024T23:38:14 - [TEST_STEP][PASSED] - response = sendRequest(findTestObject("REST/getVersion", ["id":"red"])): Send request successfully

30-05-2024T23:38:14 - [MESSAGE][INFO] - HAR: G:\Code\pokedex-katalon\Reports\20240530_233758\API Pokedex\20240530_233758\requests\main\41.har

30-05-2024T23:38:14 - [MESSAGE][PASSED] - Send request successfully

30-05-2024T23:38:14 - [TEST_STEP][PASSED] - verifyResponseStatusCode(response, 200): Verify response status code successfully

30-05-2024T23:38:14 - [MESSAGE][PASSED] - Verify response status code successfully]]></system-out>
         <system-err><![CDATA[]]></system-err>
      </testcase>
      <system-out><![CDATA[30-05-2024T23:38:04 - [TEST_SUITE][PASSED] - API Pokedex: Test Cases/API/getVersionByName]]></system-out>
      <system-err><![CDATA[]]></system-err>
   </testsuite>
</testsuites>
