<?xml version="1.0" encoding="UTF-8"?>
<testsuites name="Visual Testing" time="158.002" tests="10" failures="0" errors="0">
   <testsuite name="Visual Testing" tests="10" failures="0" errors="0" time="158.002" skipped="0" timestamp="29-05-2024T14:56:01" hostname="Admin - DESKTOP-K0UR0QI" id="Test Suites/Visual Testing">
      <properties>
         <property name="deviceName" value=""/>
         <property name="devicePlatform" value=""/>
         <property name="logFolder" value="G:\\Code\\pokedex-katalon\\Reports\\20240529_145555\\Visual Testing\\20240529_145555"/>
         <property name="logFiles" value="G:\\Code\\pokedex-katalon\\Reports\\20240529_145555\\Visual Testing\\20240529_145555\\execution0.log"/>
         <property name="attachments" value="keyes\keyes-current_viewport.png, keyes\keyes-current_viewport.png, keyes\keyes-current_viewport.png, keyes\keyes-current_viewport.png, keyes\keyes-current_viewport.png, keyes\keyes-current_viewport.png, keyes\keyes-current_viewport.png, keyes\keyes-current_viewport.png, keyes\keyes-current_viewport.png, keyes\keyes-current_viewport.png"/>
         <property name="hostName" value="Admin - DESKTOP-K0UR0QI"/>
         <property name="os" value="Windows 11 64bit"/>
         <property name="katalonVersion" value="9.4.0.212"/>
         <property name="browser" value="Chrome 125.0.0.0"/>
         <property name="hostAddress" value="192.168.224.26"/>
         <property name="sessionId" value="e11d9e6d2a31ad781225dabc37f645af"/>
         <property name="seleniumVersion" value="3.141.59"/>
         <property name="proxyInformation" value="ProxyInformation { proxyOption=NO_PROXY, proxyServerType=HTTP, username=, password=********, proxyServerAddress=, proxyServerPort=0, executionList=&quot;&quot;, isApplyToDesiredCapabilities=true }"/>
         <property name="platform" value="Windows 11"/>
      </properties>
      <testcase name="Test Cases/Visual Testing/Poke_class" time="8.603" classname="Test Cases/Visual Testing/Poke_class" status="PASSED">
         <system-out><![CDATA[29-05-2024T14:56:01 - [TEST_CASE][PASSED] - Test Cases/Visual Testing/Poke_class: Test Cases/Visual Testing/Poke_class

29-05-2024T14:56:01 - [TEST_STEP][PASSED] - openBrowser(""): Browser is opened with url: ''

29-05-2024T14:56:01 - [MESSAGE][INFO] - Starting 'Chrome' driver

29-05-2024T14:56:01 - [MESSAGE][INFO] - Action delay is set to 0 milliseconds

29-05-2024T14:56:02 - [MESSAGE][PASSED] - Browser is opened with url: ''

29-05-2024T14:56:02 - [TEST_STEP][PASSED] - navigateToUrl("https://pokedex-react-mui.netlify.app/"): Navigate to 'https://pokedex-react-mui.netlify.app/' successfully

29-05-2024T14:56:03 - [MESSAGE][PASSED] - Navigate to 'https://pokedex-react-mui.netlify.app/' successfully

29-05-2024T14:56:03 - [TEST_STEP][PASSED] - selectOptionByValue(findTestObject("Object Repository/Page_PokDex/select_all typesgrassbugdarkdragonelectricf_eb8624"), "grass", true): All options with value 'grass' are selected in object 'Object Repository/Page_PokDex/select_all typesgrassbugdarkdragonelectricf_eb8624'  using regular expression

29-05-2024T14:56:07 - [MESSAGE][PASSED] - All options with value 'grass' are selected in object 'Object Repository/Page_PokDex/select_all typesgrassbugdarkdragonelectricf_eb8624'  using regular expression

29-05-2024T14:56:07 - [TEST_STEP][PASSED] - waitForElementVisible(findTestObject("Object Repository/Page_PokDex/img_Region_poke__logo"), 0): Object 'Object Repository/Page_PokDex/img_Region_poke__logo' is visible

29-05-2024T14:56:07 - [MESSAGE][WARNING] - Timeout '0' is invalid. Using default page load timeout: '30'

29-05-2024T14:56:08 - [MESSAGE][PASSED] - Object 'Object Repository/Page_PokDex/img_Region_poke__logo' is visible

29-05-2024T14:56:08 - [TEST_STEP][PASSED] - takeScreenshotAsCheckpoint("current_viewport"): Taking screenshot successfully

29-05-2024T14:56:08 - [MESSAGE][INFO] - 0 hidden object(s)

29-05-2024T14:56:08 - [MESSAGE][PASSED] - Taking screenshot successfully
[[ATTACHMENT|keyes\keyes-current_viewport.png]]

29-05-2024T14:56:08 - [TEST_STEP][PASSED] - closeBrowser(): Browser is closed

29-05-2024T14:56:09 - [MESSAGE][PASSED] - Browser is closed]]></system-out>
         <system-err><![CDATA[]]></system-err>
      </testcase>
      <testcase name="Test Cases/Visual Testing/Poke_darkmode_search" time="5.582" classname="Test Cases/Visual Testing/Poke_darkmode_search" status="PASSED">
         <system-out><![CDATA[29-05-2024T14:56:10 - [TEST_CASE][PASSED] - Test Cases/Visual Testing/Poke_darkmode_search: Test Cases/Visual Testing/Poke_darkmode_search

29-05-2024T14:56:10 - [TEST_STEP][PASSED] - openBrowser(""): Browser is opened with url: ''

29-05-2024T14:56:10 - [MESSAGE][INFO] - Starting 'Chrome' driver

29-05-2024T14:56:10 - [MESSAGE][INFO] - Action delay is set to 0 milliseconds

29-05-2024T14:56:10 - [MESSAGE][PASSED] - Browser is opened with url: ''

29-05-2024T14:56:10 - [TEST_STEP][PASSED] - navigateToUrl("https://pokedex-react-mui.netlify.app/"): Navigate to 'https://pokedex-react-mui.netlify.app/' successfully

29-05-2024T14:56:11 - [MESSAGE][PASSED] - Navigate to 'https://pokedex-react-mui.netlify.app/' successfully

29-05-2024T14:56:11 - [TEST_STEP][PASSED] - click(findTestObject("Object Repository/Page_PokDex/label")): Object: 'Object Repository/Page_PokDex/label' is clicked on

29-05-2024T14:56:14 - [MESSAGE][PASSED] - Object: 'Object Repository/Page_PokDex/label' is clicked on

29-05-2024T14:56:14 - [TEST_STEP][PASSED] - setText(findTestObject("Object Repository/Page_PokDex/input_text"), "pika"): Text 'pika' is set on object 'Object Repository/Page_PokDex/input_text'

29-05-2024T14:56:14 - [MESSAGE][PASSED] - Text 'pika' is set on object 'Object Repository/Page_PokDex/input_text'

29-05-2024T14:56:14 - [TEST_STEP][PASSED] - takeScreenshotAsCheckpoint("current_viewport"): Taking screenshot successfully

29-05-2024T14:56:15 - [MESSAGE][INFO] - 0 hidden object(s)

29-05-2024T14:56:15 - [MESSAGE][PASSED] - Taking screenshot successfully
[[ATTACHMENT|keyes\keyes-current_viewport.png]]

29-05-2024T14:56:15 - [TEST_STEP][PASSED] - closeBrowser(): Browser is closed

29-05-2024T14:56:15 - [MESSAGE][PASSED] - Browser is closed]]></system-out>
         <system-err><![CDATA[]]></system-err>
      </testcase>
      <testcase name="Test Cases/Visual Testing/Poke_darkmode_sort" time="6.412" classname="Test Cases/Visual Testing/Poke_darkmode_sort" status="PASSED">
         <system-out><![CDATA[29-05-2024T14:56:15 - [TEST_CASE][PASSED] - Test Cases/Visual Testing/Poke_darkmode_sort: Test Cases/Visual Testing/Poke_darkmode_sort

29-05-2024T14:56:15 - [TEST_STEP][PASSED] - openBrowser(""): Browser is opened with url: ''

29-05-2024T14:56:15 - [MESSAGE][INFO] - Starting 'Chrome' driver

29-05-2024T14:56:15 - [MESSAGE][INFO] - Action delay is set to 0 milliseconds

29-05-2024T14:56:16 - [MESSAGE][PASSED] - Browser is opened with url: ''

29-05-2024T14:56:16 - [TEST_STEP][PASSED] - navigateToUrl("https://pokedex-react-mui.netlify.app/"): Navigate to 'https://pokedex-react-mui.netlify.app/' successfully

29-05-2024T14:56:17 - [MESSAGE][PASSED] - Navigate to 'https://pokedex-react-mui.netlify.app/' successfully

29-05-2024T14:56:17 - [TEST_STEP][PASSED] - click(findTestObject("Object Repository/Page_PokDex/label")): Object: 'Object Repository/Page_PokDex/label' is clicked on

29-05-2024T14:56:19 - [MESSAGE][PASSED] - Object: 'Object Repository/Page_PokDex/label' is clicked on

29-05-2024T14:56:19 - [TEST_STEP][PASSED] - selectOptionByValue(findTestObject("Object Repository/Page_PokDex/select_IDName"), "Name", true): All options with value 'Name' are selected in object 'Object Repository/Page_PokDex/select_IDName'  using regular expression

29-05-2024T14:56:20 - [MESSAGE][PASSED] - All options with value 'Name' are selected in object 'Object Repository/Page_PokDex/select_IDName'  using regular expression

29-05-2024T14:56:20 - [TEST_STEP][PASSED] - waitForElementPresent(findTestObject("Object Repository/Page_PokDex/li_063abra"), 0): Object 'Object Repository/Page_PokDex/li_063abra' is present

29-05-2024T14:56:20 - [MESSAGE][WARNING] - Timeout '0' is invalid. Using default page load timeout: '30'

29-05-2024T14:56:21 - [MESSAGE][PASSED] - Object 'Object Repository/Page_PokDex/li_063abra' is present

29-05-2024T14:56:21 - [TEST_STEP][PASSED] - takeScreenshotAsCheckpoint("current_viewport"): Taking screenshot successfully

29-05-2024T14:56:21 - [MESSAGE][INFO] - 0 hidden object(s)

29-05-2024T14:56:21 - [MESSAGE][PASSED] - Taking screenshot successfully
[[ATTACHMENT|keyes\keyes-current_viewport.png]]

29-05-2024T14:56:21 - [TEST_STEP][PASSED] - closeBrowser(): Browser is closed

29-05-2024T14:56:21 - [MESSAGE][PASSED] - Browser is closed]]></system-out>
         <system-err><![CDATA[]]></system-err>
      </testcase>
      <testcase name="Test Cases/Visual Testing/Poke_darkmode_type" time="7.344" classname="Test Cases/Visual Testing/Poke_darkmode_type" status="PASSED">
         <system-out><![CDATA[29-05-2024T14:56:22 - [TEST_CASE][PASSED] - Test Cases/Visual Testing/Poke_darkmode_type: Test Cases/Visual Testing/Poke_darkmode_type

29-05-2024T14:56:22 - [TEST_STEP][PASSED] - openBrowser(""): Browser is opened with url: ''

29-05-2024T14:56:22 - [MESSAGE][INFO] - Starting 'Chrome' driver

29-05-2024T14:56:22 - [MESSAGE][INFO] - Action delay is set to 0 milliseconds

29-05-2024T14:56:22 - [MESSAGE][PASSED] - Browser is opened with url: ''

29-05-2024T14:56:22 - [TEST_STEP][PASSED] - navigateToUrl("https://pokedex-react-mui.netlify.app/"): Navigate to 'https://pokedex-react-mui.netlify.app/' successfully

29-05-2024T14:56:23 - [MESSAGE][PASSED] - Navigate to 'https://pokedex-react-mui.netlify.app/' successfully

29-05-2024T14:56:23 - [TEST_STEP][PASSED] - click(findTestObject("Object Repository/Page_PokDex/label")): Object: 'Object Repository/Page_PokDex/label' is clicked on

29-05-2024T14:56:27 - [MESSAGE][PASSED] - Object: 'Object Repository/Page_PokDex/label' is clicked on

29-05-2024T14:56:27 - [TEST_STEP][PASSED] - selectOptionByValue(findTestObject("Object Repository/Page_PokDex/select_all typesgrassbugdarkdragonelectricf_eb8624"), "electric", true): All options with value 'electric' are selected in object 'Object Repository/Page_PokDex/select_all typesgrassbugdarkdragonelectricf_eb8624'  using regular expression

29-05-2024T14:56:28 - [MESSAGE][PASSED] - All options with value 'electric' are selected in object 'Object Repository/Page_PokDex/select_all typesgrassbugdarkdragonelectricf_eb8624'  using regular expression

29-05-2024T14:56:28 - [TEST_STEP][PASSED] - waitForElementPresent(findTestObject("Object Repository/Page_PokDex/div_025pikachu"), 0): Object 'Object Repository/Page_PokDex/div_025pikachu' is present

29-05-2024T14:56:28 - [MESSAGE][WARNING] - Timeout '0' is invalid. Using default page load timeout: '30'

29-05-2024T14:56:28 - [MESSAGE][PASSED] - Object 'Object Repository/Page_PokDex/div_025pikachu' is present

29-05-2024T14:56:28 - [TEST_STEP][PASSED] - takeScreenshotAsCheckpoint("current_viewport"): Taking screenshot successfully

29-05-2024T14:56:29 - [MESSAGE][INFO] - 0 hidden object(s)

29-05-2024T14:56:29 - [MESSAGE][PASSED] - Taking screenshot successfully
[[ATTACHMENT|keyes\keyes-current_viewport.png]]

29-05-2024T14:56:29 - [TEST_STEP][PASSED] - closeBrowser(): Browser is closed

29-05-2024T14:56:29 - [MESSAGE][PASSED] - Browser is closed]]></system-out>
         <system-err><![CDATA[]]></system-err>
      </testcase>
      <testcase name="Test Cases/Visual Testing/Poke_darkomde" time="4.732" classname="Test Cases/Visual Testing/Poke_darkomde" status="PASSED">
         <system-out><![CDATA[29-05-2024T14:56:29 - [TEST_CASE][PASSED] - Test Cases/Visual Testing/Poke_darkomde: Test Cases/Visual Testing/Poke_darkomde

29-05-2024T14:56:29 - [TEST_STEP][PASSED] - openBrowser(""): Browser is opened with url: ''

29-05-2024T14:56:29 - [MESSAGE][INFO] - Starting 'Chrome' driver

29-05-2024T14:56:29 - [MESSAGE][INFO] - Action delay is set to 0 milliseconds

29-05-2024T14:56:30 - [MESSAGE][PASSED] - Browser is opened with url: ''

29-05-2024T14:56:30 - [TEST_STEP][PASSED] - navigateToUrl("https://pokedex-react-mui.netlify.app/"): Navigate to 'https://pokedex-react-mui.netlify.app/' successfully

29-05-2024T14:56:31 - [MESSAGE][PASSED] - Navigate to 'https://pokedex-react-mui.netlify.app/' successfully

29-05-2024T14:56:31 - [TEST_STEP][PASSED] - click(findTestObject("Object Repository/Page_PokDex/label")): Object: 'Object Repository/Page_PokDex/label' is clicked on

29-05-2024T14:56:33 - [MESSAGE][PASSED] - Object: 'Object Repository/Page_PokDex/label' is clicked on

29-05-2024T14:56:33 - [TEST_STEP][PASSED] - takeScreenshotAsCheckpoint("current_viewport"): Taking screenshot successfully

29-05-2024T14:56:33 - [MESSAGE][INFO] - 0 hidden object(s)

29-05-2024T14:56:33 - [MESSAGE][PASSED] - Taking screenshot successfully
[[ATTACHMENT|keyes\keyes-current_viewport.png]]

29-05-2024T14:56:33 - [TEST_STEP][PASSED] - closeBrowser(): Browser is closed

29-05-2024T14:56:34 - [MESSAGE][PASSED] - Browser is closed]]></system-out>
         <system-err><![CDATA[]]></system-err>
      </testcase>
      <testcase name="Test Cases/Visual Testing/Poke_Home" time="4.641" classname="Test Cases/Visual Testing/Poke_Home" status="PASSED">
         <system-out><![CDATA[29-05-2024T14:56:34 - [TEST_CASE][PASSED] - Test Cases/Visual Testing/Poke_Home: Test Cases/Visual Testing/Poke_Home

29-05-2024T14:56:34 - [TEST_STEP][PASSED] - openBrowser(""): Browser is opened with url: ''

29-05-2024T14:56:34 - [MESSAGE][INFO] - Starting 'Chrome' driver

29-05-2024T14:56:34 - [MESSAGE][INFO] - Action delay is set to 0 milliseconds

29-05-2024T14:56:34 - [MESSAGE][PASSED] - Browser is opened with url: ''

29-05-2024T14:56:34 - [TEST_STEP][PASSED] - navigateToUrl("https://pokedex-react-mui.netlify.app/"): Navigate to 'https://pokedex-react-mui.netlify.app/' successfully

29-05-2024T14:56:35 - [MESSAGE][PASSED] - Navigate to 'https://pokedex-react-mui.netlify.app/' successfully

29-05-2024T14:56:35 - [TEST_STEP][PASSED] - takeScreenshotAsCheckpoint("current_viewport"): Taking screenshot successfully

29-05-2024T14:56:38 - [MESSAGE][INFO] - 0 hidden object(s)

29-05-2024T14:56:38 - [MESSAGE][PASSED] - Taking screenshot successfully
[[ATTACHMENT|keyes\keyes-current_viewport.png]]

29-05-2024T14:56:38 - [TEST_STEP][PASSED] - closeBrowser(): Browser is closed

29-05-2024T14:56:38 - [MESSAGE][PASSED] - Browser is closed]]></system-out>
         <system-err><![CDATA[]]></system-err>
      </testcase>
      <testcase name="Test Cases/Visual Testing/Poke_redirect" time="53.664" classname="Test Cases/Visual Testing/Poke_redirect" status="PASSED">
         <system-out><![CDATA[29-05-2024T14:56:38 - [TEST_CASE][PASSED] - Test Cases/Visual Testing/Poke_redirect: Test Cases/Visual Testing/Poke_redirect

29-05-2024T14:56:38 - [TEST_STEP][PASSED] - openBrowser(""): Browser is opened with url: ''

29-05-2024T14:56:38 - [MESSAGE][INFO] - Starting 'Chrome' driver

29-05-2024T14:56:38 - [MESSAGE][INFO] - Action delay is set to 0 milliseconds

29-05-2024T14:56:39 - [MESSAGE][PASSED] - Browser is opened with url: ''

29-05-2024T14:56:39 - [TEST_STEP][PASSED] - navigateToUrl("https://pokedex-react-mui.netlify.app/"): Navigate to 'https://pokedex-react-mui.netlify.app/' successfully

29-05-2024T14:56:40 - [MESSAGE][PASSED] - Navigate to 'https://pokedex-react-mui.netlify.app/' successfully

29-05-2024T14:56:40 - [TEST_STEP][PASSED] - click(findTestObject("Object Repository/Page_PokDex/svg_Region_MuiSvgIcon-root (1)")): Object: 'Object Repository/Page_PokDex/svg_Region_MuiSvgIcon-root (1)' is clicked on

29-05-2024T14:56:43 - [MESSAGE][PASSED] - Object: 'Object Repository/Page_PokDex/svg_Region_MuiSvgIcon-root (1)' is clicked on

29-05-2024T14:56:43 - [TEST_STEP][PASSED] - switchToWindowTitle("GitHub - s1varam/pokedex: A simple Pokémon catalogue, built with React, Material-UI and PokéAPI."): Switched to window with title: 'GitHub - s1varam/pokedex: A simple Pokémon catalogue, built with React, Material-UI and PokéAPI.'

29-05-2024T14:57:31 - [MESSAGE][PASSED] - Switched to window with title: 'GitHub - s1varam/pokedex: A simple Pokémon catalogue, built with React, Material-UI and PokéAPI.'

29-05-2024T14:57:31 - [TEST_STEP][PASSED] - verifyElementVisible(findTestObject("Object Repository/Page_GitHub - s1varampokedex A simple Pokmo_0820a5/div_s1varam                  pokedex        Public")): Object 'Object Repository/Page_GitHub - s1varampokedex A simple Pokmo_0820a5/div_s1varam                  pokedex        Public' is visible

29-05-2024T14:57:31 - [MESSAGE][PASSED] - Object 'Object Repository/Page_GitHub - s1varampokedex A simple Pokmo_0820a5/div_s1varam                  pokedex        Public' is visible

29-05-2024T14:57:31 - [TEST_STEP][PASSED] - takeScreenshotAsCheckpoint("current_viewport"): Taking screenshot successfully

29-05-2024T14:57:32 - [MESSAGE][INFO] - 0 hidden object(s)

29-05-2024T14:57:32 - [MESSAGE][PASSED] - Taking screenshot successfully
[[ATTACHMENT|keyes\keyes-current_viewport.png]]

29-05-2024T14:57:32 - [TEST_STEP][PASSED] - closeBrowser(): Browser is closed

29-05-2024T14:57:32 - [MESSAGE][PASSED] - Browser is closed]]></system-out>
         <system-err><![CDATA[]]></system-err>
      </testcase>
      <testcase name="Test Cases/Visual Testing/Poke_redirect_darkmode" time="55.844" classname="Test Cases/Visual Testing/Poke_redirect_darkmode" status="PASSED">
         <system-out><![CDATA[29-05-2024T14:57:32 - [TEST_CASE][PASSED] - Test Cases/Visual Testing/Poke_redirect_darkmode: Test Cases/Visual Testing/Poke_redirect_darkmode

29-05-2024T14:57:32 - [TEST_STEP][PASSED] - openBrowser(""): Browser is opened with url: ''

29-05-2024T14:57:32 - [MESSAGE][INFO] - Starting 'Chrome' driver

29-05-2024T14:57:32 - [MESSAGE][INFO] - Action delay is set to 0 milliseconds

29-05-2024T14:57:33 - [MESSAGE][PASSED] - Browser is opened with url: ''

29-05-2024T14:57:33 - [TEST_STEP][PASSED] - navigateToUrl("https://pokedex-react-mui.netlify.app/"): Navigate to 'https://pokedex-react-mui.netlify.app/' successfully

29-05-2024T14:57:34 - [MESSAGE][PASSED] - Navigate to 'https://pokedex-react-mui.netlify.app/' successfully

29-05-2024T14:57:34 - [TEST_STEP][PASSED] - click(findTestObject("Object Repository/Page_PokDex/label (1)")): Object: 'Object Repository/Page_PokDex/label (1)' is clicked on

29-05-2024T14:57:36 - [MESSAGE][WARNING] - [SELF-HEALING] Failed to find element with id 'Object Repository/Page_PokDex/label (1)'. Try using Self-healing.

29-05-2024T14:57:36 - [MESSAGE][WARNING] - [SELF-HEALING] The current locator of test object 'Object Repository/Page_PokDex/label (1)' was broken. Propose an alternative one: '//div[@id='root']/div[2]/div/div/div/label'.

29-05-2024T14:57:36 - [MESSAGE][PASSED] - Object: 'Object Repository/Page_PokDex/label (1)' is clicked on

29-05-2024T14:57:36 - [TEST_STEP][PASSED] - click(findTestObject("Object Repository/Page_PokDex/div_Region_pokeball__box github__icon")): Object: 'Object Repository/Page_PokDex/div_Region_pokeball__box github__icon' is clicked on

29-05-2024T14:57:37 - [MESSAGE][PASSED] - Object: 'Object Repository/Page_PokDex/div_Region_pokeball__box github__icon' is clicked on

29-05-2024T14:57:37 - [TEST_STEP][PASSED] - switchToWindowTitle("GitHub - s1varam/pokedex: A simple Pokémon catalogue, built with React, Material-UI and PokéAPI."): Switched to window with title: 'GitHub - s1varam/pokedex: A simple Pokémon catalogue, built with React, Material-UI and PokéAPI.'

29-05-2024T14:58:26 - [MESSAGE][PASSED] - Switched to window with title: 'GitHub - s1varam/pokedex: A simple Pokémon catalogue, built with React, Material-UI and PokéAPI.'

29-05-2024T14:58:26 - [TEST_STEP][PASSED] - verifyElementVisible(findTestObject("Object Repository/Page_GitHub - s1varampokedex A simple Pokmo_0820a5/div_s1varam                  pokedex        Public (1)")): Object 'Object Repository/Page_GitHub - s1varampokedex A simple Pokmo_0820a5/div_s1varam                  pokedex        Public (1)' is visible

29-05-2024T14:58:26 - [MESSAGE][PASSED] - Object 'Object Repository/Page_GitHub - s1varampokedex A simple Pokmo_0820a5/div_s1varam                  pokedex        Public (1)' is visible

29-05-2024T14:58:26 - [TEST_STEP][PASSED] - takeScreenshotAsCheckpoint("current_viewport"): Taking screenshot successfully

29-05-2024T14:58:26 - [MESSAGE][INFO] - 0 hidden object(s)

29-05-2024T14:58:27 - [MESSAGE][PASSED] - Taking screenshot successfully
[[ATTACHMENT|keyes\keyes-current_viewport.png]]

29-05-2024T14:58:27 - [TEST_STEP][PASSED] - closeBrowser(): Browser is closed

29-05-2024T14:58:28 - [MESSAGE][PASSED] - Browser is closed]]></system-out>
         <system-err><![CDATA[]]></system-err>
      </testcase>
      <testcase name="Test Cases/Visual Testing/Poke_search" time="5.255" classname="Test Cases/Visual Testing/Poke_search" status="PASSED">
         <system-out><![CDATA[29-05-2024T14:58:28 - [TEST_CASE][PASSED] - Test Cases/Visual Testing/Poke_search: Test Cases/Visual Testing/Poke_search

29-05-2024T14:58:28 - [TEST_STEP][PASSED] - openBrowser(""): Browser is opened with url: ''

29-05-2024T14:58:28 - [MESSAGE][INFO] - Starting 'Chrome' driver

29-05-2024T14:58:28 - [MESSAGE][INFO] - Action delay is set to 0 milliseconds

29-05-2024T14:58:28 - [MESSAGE][PASSED] - Browser is opened with url: ''

29-05-2024T14:58:28 - [TEST_STEP][PASSED] - navigateToUrl("https://pokedex-react-mui.netlify.app/"): Navigate to 'https://pokedex-react-mui.netlify.app/' successfully

29-05-2024T14:58:29 - [MESSAGE][PASSED] - Navigate to 'https://pokedex-react-mui.netlify.app/' successfully

29-05-2024T14:58:29 - [TEST_STEP][PASSED] - setText(findTestObject("Object Repository/Page_PokDex/input_text"), "pika"): Text 'pika' is set on object 'Object Repository/Page_PokDex/input_text'

29-05-2024T14:58:32 - [MESSAGE][PASSED] - Text 'pika' is set on object 'Object Repository/Page_PokDex/input_text'

29-05-2024T14:58:32 - [TEST_STEP][PASSED] - takeScreenshotAsCheckpoint("current_viewport"): Taking screenshot successfully

29-05-2024T14:58:33 - [MESSAGE][INFO] - 0 hidden object(s)

29-05-2024T14:58:33 - [MESSAGE][PASSED] - Taking screenshot successfully
[[ATTACHMENT|keyes\keyes-current_viewport.png]]

29-05-2024T14:58:33 - [TEST_STEP][PASSED] - closeBrowser(): Browser is closed

29-05-2024T14:58:33 - [MESSAGE][PASSED] - Browser is closed]]></system-out>
         <system-err><![CDATA[]]></system-err>
      </testcase>
      <testcase name="Test Cases/Visual Testing/Poke_sort" time="5.758" classname="Test Cases/Visual Testing/Poke_sort" status="PASSED">
         <system-out><![CDATA[29-05-2024T14:58:33 - [TEST_CASE][PASSED] - Test Cases/Visual Testing/Poke_sort: Test Cases/Visual Testing/Poke_sort

29-05-2024T14:58:33 - [TEST_STEP][PASSED] - openBrowser(""): Browser is opened with url: ''

29-05-2024T14:58:33 - [MESSAGE][INFO] - Starting 'Chrome' driver

29-05-2024T14:58:33 - [MESSAGE][INFO] - Action delay is set to 0 milliseconds

29-05-2024T14:58:34 - [MESSAGE][PASSED] - Browser is opened with url: ''

29-05-2024T14:58:34 - [TEST_STEP][PASSED] - navigateToUrl("https://pokedex-react-mui.netlify.app/"): Navigate to 'https://pokedex-react-mui.netlify.app/' successfully

29-05-2024T14:58:36 - [MESSAGE][PASSED] - Navigate to 'https://pokedex-react-mui.netlify.app/' successfully

29-05-2024T14:58:36 - [TEST_STEP][PASSED] - selectOptionByValue(findTestObject("Object Repository/Page_PokDex/select_IDName"), "Name", true): All options with value 'Name' are selected in object 'Object Repository/Page_PokDex/select_IDName'  using regular expression

29-05-2024T14:58:38 - [MESSAGE][PASSED] - All options with value 'Name' are selected in object 'Object Repository/Page_PokDex/select_IDName'  using regular expression

29-05-2024T14:58:38 - [TEST_STEP][PASSED] - takeScreenshotAsCheckpoint("current_viewport"): Taking screenshot successfully

29-05-2024T14:58:39 - [MESSAGE][INFO] - 0 hidden object(s)

29-05-2024T14:58:39 - [MESSAGE][PASSED] - Taking screenshot successfully
[[ATTACHMENT|keyes\keyes-current_viewport.png]]

29-05-2024T14:58:39 - [TEST_STEP][PASSED] - closeBrowser(): Browser is closed

29-05-2024T14:58:39 - [MESSAGE][PASSED] - Browser is closed]]></system-out>
         <system-err><![CDATA[]]></system-err>
      </testcase>
      <system-out><![CDATA[29-05-2024T14:56:01 - [TEST_SUITE][PASSED] - Visual Testing: Test Cases/Visual Testing/Poke_sort]]></system-out>
      <system-err><![CDATA[]]></system-err>
   </testsuite>
</testsuites>
