<?xml version="1.0" encoding="UTF-8"?>
<testsuites name="API Pokedex" time="29.083" tests="40" failures="0" errors="0">
   <testsuite name="API Pokedex" tests="40" failures="0" errors="0" time="29.083" skipped="0" timestamp="25-05-2024T11:43:32" hostname="chuas - SonLam" id="Test Suites/API Pokedex">
      <properties>
         <property name="deviceName" value=""/>
         <property name="devicePlatform" value=""/>
         <property name="logFolder" value="F:\\git\\pokedex-katalon\\pokedex-katalon\\Reports\\20240525_114324\\API Pokedex\\20240525_114325"/>
         <property name="logFiles" value="F:\\git\\pokedex-katalon\\pokedex-katalon\\Reports\\20240525_114324\\API Pokedex\\20240525_114325\\execution0.log"/>
         <property name="attachments" value=""/>
         <property name="hostName" value="chuas - SonLam"/>
         <property name="hostAddress" value="192.168.1.133"/>
         <property name="os" value="Windows 10 64bit"/>
         <property name="katalonVersion" value="9.4.0.212"/>
      </properties>
      <testcase name="Test Cases/API/getAbilityById" time="1.967" classname="Test Cases/API/getAbilityById" status="PASSED">
         <system-out><![CDATA[25-05-2024T11:43:32 - [TEST_CASE][PASSED] - Test Cases/API/getAbilityById: Test Cases/API/getAbilityById

25-05-2024T11:43:32 - [TEST_STEP][PASSED] - response = sendRequest(findTestObject("REST/getAbility", ["id":"1"])): Send request successfully

25-05-2024T11:43:34 - [MESSAGE][INFO] - HAR: F:\git\pokedex-katalon\pokedex-katalon\Reports\20240525_114324\API Pokedex\20240525_114325\requests\main\0.har

25-05-2024T11:43:34 - [MESSAGE][PASSED] - Send request successfully

25-05-2024T11:43:34 - [TEST_STEP][PASSED] - verifyResponseStatusCode(response, 200): Verify response status code successfully

25-05-2024T11:43:34 - [MESSAGE][PASSED] - Verify response status code successfully]]></system-out>
         <system-err><![CDATA[]]></system-err>
      </testcase>
      <testcase name="Test Cases/API/getAbilityByName" time="1.241" classname="Test Cases/API/getAbilityByName" status="PASSED">
         <system-out><![CDATA[25-05-2024T11:43:34 - [TEST_CASE][PASSED] - Test Cases/API/getAbilityByName: Test Cases/API/getAbilityByName

25-05-2024T11:43:34 - [TEST_STEP][PASSED] - response = sendRequest(findTestObject("REST/getAbility", ["id":"stench"])): Send request successfully

25-05-2024T11:43:35 - [MESSAGE][INFO] - HAR: F:\git\pokedex-katalon\pokedex-katalon\Reports\20240525_114324\API Pokedex\20240525_114325\requests\main\1.har

25-05-2024T11:43:35 - [MESSAGE][PASSED] - Send request successfully

25-05-2024T11:43:35 - [TEST_STEP][PASSED] - verifyResponseStatusCode(response, 200): Verify response status code successfully

25-05-2024T11:43:35 - [MESSAGE][PASSED] - Verify response status code successfully]]></system-out>
         <system-err><![CDATA[]]></system-err>
      </testcase>
      <testcase name="Test Cases/API/getAllPokemon" time="0.2" classname="Test Cases/API/getAllPokemon" status="PASSED">
         <system-out><![CDATA[25-05-2024T11:43:35 - [TEST_CASE][PASSED] - Test Cases/API/getAllPokemon: Test Cases/API/getAllPokemon

25-05-2024T11:43:35 - [TEST_STEP][PASSED] - response = sendRequest(findTestObject("REST/getAllPokemon", ["limit":"100"])): Send request successfully

25-05-2024T11:43:35 - [MESSAGE][INFO] - HAR: F:\git\pokedex-katalon\pokedex-katalon\Reports\20240525_114324\API Pokedex\20240525_114325\requests\main\2.har

25-05-2024T11:43:35 - [MESSAGE][PASSED] - Send request successfully

25-05-2024T11:43:35 - [TEST_STEP][PASSED] - verifyResponseStatusCode(response, 200): Verify response status code successfully

25-05-2024T11:43:35 - [MESSAGE][PASSED] - Verify response status code successfully]]></system-out>
         <system-err><![CDATA[]]></system-err>
      </testcase>
      <testcase name="Test Cases/API/getAllPokemonLimit100" time="0.243" classname="Test Cases/API/getAllPokemonLimit100" status="PASSED">
         <system-out><![CDATA[25-05-2024T11:43:35 - [TEST_CASE][PASSED] - Test Cases/API/getAllPokemonLimit100: Test Cases/API/getAllPokemonLimit100

25-05-2024T11:43:35 - [TEST_STEP][PASSED] - response = sendRequest(findTestObject("REST/getAllPokemon", ["limit":"10"])): Send request successfully

25-05-2024T11:43:35 - [MESSAGE][INFO] - HAR: F:\git\pokedex-katalon\pokedex-katalon\Reports\20240525_114324\API Pokedex\20240525_114325\requests\main\3.har

25-05-2024T11:43:35 - [MESSAGE][PASSED] - Send request successfully

25-05-2024T11:43:35 - [TEST_STEP][PASSED] - verifyResponseStatusCode(response, 200): Verify response status code successfully

25-05-2024T11:43:35 - [MESSAGE][PASSED] - Verify response status code successfully]]></system-out>
         <system-err><![CDATA[]]></system-err>
      </testcase>
      <testcase name="Test Cases/API/getBerryById" time="1.189" classname="Test Cases/API/getBerryById" status="PASSED">
         <system-out><![CDATA[25-05-2024T11:43:35 - [TEST_CASE][PASSED] - Test Cases/API/getBerryById: Test Cases/API/getBerryById

25-05-2024T11:43:35 - [TEST_STEP][PASSED] - response = sendRequest(findTestObject("REST/getBerry", ["id":"5"])): Send request successfully

25-05-2024T11:43:37 - [MESSAGE][INFO] - HAR: F:\git\pokedex-katalon\pokedex-katalon\Reports\20240525_114324\API Pokedex\20240525_114325\requests\main\4.har

25-05-2024T11:43:37 - [MESSAGE][PASSED] - Send request successfully

25-05-2024T11:43:37 - [TEST_STEP][PASSED] - verifyResponseStatusCode(response, 200): Verify response status code successfully

25-05-2024T11:43:37 - [MESSAGE][PASSED] - Verify response status code successfully]]></system-out>
         <system-err><![CDATA[]]></system-err>
      </testcase>
      <testcase name="Test Cases/API/getBerryByName" time="1.191" classname="Test Cases/API/getBerryByName" status="PASSED">
         <system-out><![CDATA[25-05-2024T11:43:37 - [TEST_CASE][PASSED] - Test Cases/API/getBerryByName: Test Cases/API/getBerryByName

25-05-2024T11:43:37 - [TEST_STEP][PASSED] - response = sendRequest(findTestObject("REST/getBerry", ["id":"cheri"])): Send request successfully

25-05-2024T11:43:38 - [MESSAGE][INFO] - HAR: F:\git\pokedex-katalon\pokedex-katalon\Reports\20240525_114324\API Pokedex\20240525_114325\requests\main\5.har

25-05-2024T11:43:38 - [MESSAGE][PASSED] - Send request successfully

25-05-2024T11:43:38 - [TEST_STEP][PASSED] - verifyResponseStatusCode(response, 200): Verify response status code successfully

25-05-2024T11:43:38 - [MESSAGE][PASSED] - Verify response status code successfully]]></system-out>
         <system-err><![CDATA[]]></system-err>
      </testcase>
      <testcase name="Test Cases/API/getBerryFlavorById" time="1.135" classname="Test Cases/API/getBerryFlavorById" status="PASSED">
         <system-out><![CDATA[25-05-2024T11:43:38 - [TEST_CASE][PASSED] - Test Cases/API/getBerryFlavorById: Test Cases/API/getBerryFlavorById

25-05-2024T11:43:38 - [TEST_STEP][PASSED] - response = sendRequest(findTestObject("REST/getBerryFlavor", ["id":"1"])): Send request successfully

25-05-2024T11:43:39 - [MESSAGE][INFO] - HAR: F:\git\pokedex-katalon\pokedex-katalon\Reports\20240525_114324\API Pokedex\20240525_114325\requests\main\6.har

25-05-2024T11:43:39 - [MESSAGE][PASSED] - Send request successfully

25-05-2024T11:43:39 - [TEST_STEP][PASSED] - verifyResponseStatusCode(response, 200): Verify response status code successfully

25-05-2024T11:43:39 - [MESSAGE][PASSED] - Verify response status code successfully]]></system-out>
         <system-err><![CDATA[]]></system-err>
      </testcase>
      <testcase name="Test Cases/API/getBerryFlavorByName" time="0.187" classname="Test Cases/API/getBerryFlavorByName" status="PASSED">
         <system-out><![CDATA[25-05-2024T11:43:39 - [TEST_CASE][PASSED] - Test Cases/API/getBerryFlavorByName: Test Cases/API/getBerryFlavorByName

25-05-2024T11:43:39 - [TEST_STEP][PASSED] - response = sendRequest(findTestObject("REST/getBerryFlavor", ["id":"spicy"])): Send request successfully

25-05-2024T11:43:39 - [MESSAGE][INFO] - HAR: F:\git\pokedex-katalon\pokedex-katalon\Reports\20240525_114324\API Pokedex\20240525_114325\requests\main\7.har

25-05-2024T11:43:39 - [MESSAGE][PASSED] - Send request successfully

25-05-2024T11:43:39 - [TEST_STEP][PASSED] - verifyResponseStatusCode(response, 200): Verify response status code successfully

25-05-2024T11:43:39 - [MESSAGE][PASSED] - Verify response status code successfully]]></system-out>
         <system-err><![CDATA[]]></system-err>
      </testcase>
      <testcase name="Test Cases/API/getCharacteristicById" time="0.179" classname="Test Cases/API/getCharacteristicById" status="PASSED">
         <system-out><![CDATA[25-05-2024T11:43:39 - [TEST_CASE][PASSED] - Test Cases/API/getCharacteristicById: Test Cases/API/getCharacteristicById

25-05-2024T11:43:39 - [TEST_STEP][PASSED] - response = sendRequest(findTestObject("REST/getCharacteristic", ["id":"1"])): Send request successfully

25-05-2024T11:43:39 - [MESSAGE][INFO] - HAR: F:\git\pokedex-katalon\pokedex-katalon\Reports\20240525_114324\API Pokedex\20240525_114325\requests\main\8.har

25-05-2024T11:43:39 - [MESSAGE][PASSED] - Send request successfully

25-05-2024T11:43:39 - [TEST_STEP][PASSED] - verifyResponseStatusCode(response, 200): Verify response status code successfully

25-05-2024T11:43:39 - [MESSAGE][PASSED] - Verify response status code successfully]]></system-out>
         <system-err><![CDATA[]]></system-err>
      </testcase>
      <testcase name="Test Cases/API/getContestTypesById" time="1.161" classname="Test Cases/API/getContestTypesById" status="PASSED">
         <system-out><![CDATA[25-05-2024T11:43:39 - [TEST_CASE][PASSED] - Test Cases/API/getContestTypesById: Test Cases/API/getContestTypesById

25-05-2024T11:43:39 - [TEST_STEP][PASSED] - response = sendRequest(findTestObject("REST/getContestTypes", ["id":"1"])): Send request successfully

25-05-2024T11:43:40 - [MESSAGE][INFO] - HAR: F:\git\pokedex-katalon\pokedex-katalon\Reports\20240525_114324\API Pokedex\20240525_114325\requests\main\9.har

25-05-2024T11:43:40 - [MESSAGE][PASSED] - Send request successfully

25-05-2024T11:43:40 - [TEST_STEP][PASSED] - verifyResponseStatusCode(response, 200): Verify response status code successfully

25-05-2024T11:43:40 - [MESSAGE][PASSED] - Verify response status code successfully]]></system-out>
         <system-err><![CDATA[]]></system-err>
      </testcase>
      <testcase name="Test Cases/API/getContestTypesByName" time="1.168" classname="Test Cases/API/getContestTypesByName" status="PASSED">
         <system-out><![CDATA[25-05-2024T11:43:40 - [TEST_CASE][PASSED] - Test Cases/API/getContestTypesByName: Test Cases/API/getContestTypesByName

25-05-2024T11:43:40 - [TEST_STEP][PASSED] - response = sendRequest(findTestObject("REST/getContestTypes", ["id":"cool"])): Send request successfully

25-05-2024T11:43:42 - [MESSAGE][INFO] - HAR: F:\git\pokedex-katalon\pokedex-katalon\Reports\20240525_114324\API Pokedex\20240525_114325\requests\main\10.har

25-05-2024T11:43:42 - [MESSAGE][PASSED] - Send request successfully

25-05-2024T11:43:42 - [TEST_STEP][PASSED] - verifyResponseStatusCode(response, 200): Verify response status code successfully

25-05-2024T11:43:42 - [MESSAGE][PASSED] - Verify response status code successfully]]></system-out>
         <system-err><![CDATA[]]></system-err>
      </testcase>
      <testcase name="Test Cases/API/getEggsGroupById" time="0.19" classname="Test Cases/API/getEggsGroupById" status="PASSED">
         <system-out><![CDATA[25-05-2024T11:43:42 - [TEST_CASE][PASSED] - Test Cases/API/getEggsGroupById: Test Cases/API/getEggsGroupById

25-05-2024T11:43:42 - [TEST_STEP][PASSED] - response = sendRequest(findTestObject("REST/getEggsGroup", ["id":"monster"])): Send request successfully

25-05-2024T11:43:42 - [MESSAGE][INFO] - HAR: F:\git\pokedex-katalon\pokedex-katalon\Reports\20240525_114324\API Pokedex\20240525_114325\requests\main\11.har

25-05-2024T11:43:42 - [MESSAGE][PASSED] - Send request successfully

25-05-2024T11:43:42 - [TEST_STEP][PASSED] - verifyResponseStatusCode(response, 200): Verify response status code successfully

25-05-2024T11:43:42 - [MESSAGE][PASSED] - Verify response status code successfully]]></system-out>
         <system-err><![CDATA[]]></system-err>
      </testcase>
      <testcase name="Test Cases/API/getEggsGroupByName" time="0.207" classname="Test Cases/API/getEggsGroupByName" status="PASSED">
         <system-out><![CDATA[25-05-2024T11:43:42 - [TEST_CASE][PASSED] - Test Cases/API/getEggsGroupByName: Test Cases/API/getEggsGroupByName

25-05-2024T11:43:42 - [TEST_STEP][PASSED] - response = sendRequest(findTestObject("REST/getEggsGroup", ["id":"1"])): Send request successfully

25-05-2024T11:43:42 - [MESSAGE][INFO] - HAR: F:\git\pokedex-katalon\pokedex-katalon\Reports\20240525_114324\API Pokedex\20240525_114325\requests\main\12.har

25-05-2024T11:43:42 - [MESSAGE][PASSED] - Send request successfully

25-05-2024T11:43:42 - [TEST_STEP][PASSED] - verifyResponseStatusCode(response, 200): Verify response status code successfully

25-05-2024T11:43:42 - [MESSAGE][PASSED] - Verify response status code successfully]]></system-out>
         <system-err><![CDATA[]]></system-err>
      </testcase>
      <testcase name="Test Cases/API/getEncounterConditionValuesById" time="1.174" classname="Test Cases/API/getEncounterConditionValuesById" status="PASSED">
         <system-out><![CDATA[25-05-2024T11:43:42 - [TEST_CASE][PASSED] - Test Cases/API/getEncounterConditionValuesById: Test Cases/API/getEncounterConditionValuesById

25-05-2024T11:43:42 - [TEST_STEP][PASSED] - response = sendRequest(findTestObject("REST/getEncouterConditionValue", ["id":"swarm-yes"])): Send request successfully

25-05-2024T11:43:43 - [MESSAGE][INFO] - HAR: F:\git\pokedex-katalon\pokedex-katalon\Reports\20240525_114324\API Pokedex\20240525_114325\requests\main\13.har

25-05-2024T11:43:43 - [MESSAGE][PASSED] - Send request successfully

25-05-2024T11:43:43 - [TEST_STEP][PASSED] - verifyResponseStatusCode(response, 200): Verify response status code successfully

25-05-2024T11:43:43 - [MESSAGE][PASSED] - Verify response status code successfully]]></system-out>
         <system-err><![CDATA[]]></system-err>
      </testcase>
      <testcase name="Test Cases/API/getEncounterConditionValuesByName" time="1.11" classname="Test Cases/API/getEncounterConditionValuesByName" status="PASSED">
         <system-out><![CDATA[25-05-2024T11:43:43 - [TEST_CASE][PASSED] - Test Cases/API/getEncounterConditionValuesByName: Test Cases/API/getEncounterConditionValuesByName

25-05-2024T11:43:43 - [TEST_STEP][PASSED] - response = sendRequest(findTestObject("REST/getEncouterConditionValue", ["id":"1"])): Send request successfully

25-05-2024T11:43:44 - [MESSAGE][INFO] - HAR: F:\git\pokedex-katalon\pokedex-katalon\Reports\20240525_114324\API Pokedex\20240525_114325\requests\main\14.har

25-05-2024T11:43:44 - [MESSAGE][PASSED] - Send request successfully

25-05-2024T11:43:44 - [TEST_STEP][PASSED] - verifyResponseStatusCode(response, 200): Verify response status code successfully

25-05-2024T11:43:44 - [MESSAGE][PASSED] - Verify response status code successfully]]></system-out>
         <system-err><![CDATA[]]></system-err>
      </testcase>
      <testcase name="Test Cases/API/getEncouterConditionById" time="0.184" classname="Test Cases/API/getEncouterConditionById" status="PASSED">
         <system-out><![CDATA[25-05-2024T11:43:44 - [TEST_CASE][PASSED] - Test Cases/API/getEncouterConditionById: Test Cases/API/getEncouterConditionById

25-05-2024T11:43:44 - [TEST_STEP][PASSED] - response = sendRequest(findTestObject("REST/getEncounterCondition", ["id":"1"])): Send request successfully

25-05-2024T11:43:44 - [MESSAGE][INFO] - HAR: F:\git\pokedex-katalon\pokedex-katalon\Reports\20240525_114324\API Pokedex\20240525_114325\requests\main\15.har

25-05-2024T11:43:44 - [MESSAGE][PASSED] - Send request successfully

25-05-2024T11:43:44 - [TEST_STEP][PASSED] - verifyResponseStatusCode(response, 200): Verify response status code successfully

25-05-2024T11:43:44 - [MESSAGE][PASSED] - Verify response status code successfully]]></system-out>
         <system-err><![CDATA[]]></system-err>
      </testcase>
      <testcase name="Test Cases/API/getEncouterConditionByName" time="1.15" classname="Test Cases/API/getEncouterConditionByName" status="PASSED">
         <system-out><![CDATA[25-05-2024T11:43:44 - [TEST_CASE][PASSED] - Test Cases/API/getEncouterConditionByName: Test Cases/API/getEncouterConditionByName

25-05-2024T11:43:44 - [TEST_STEP][PASSED] - response = sendRequest(findTestObject("REST/getEncounterCondition", ["id":"swarm"])): Send request successfully

25-05-2024T11:43:46 - [MESSAGE][INFO] - HAR: F:\git\pokedex-katalon\pokedex-katalon\Reports\20240525_114324\API Pokedex\20240525_114325\requests\main\16.har

25-05-2024T11:43:46 - [MESSAGE][PASSED] - Send request successfully

25-05-2024T11:43:46 - [TEST_STEP][PASSED] - verifyResponseStatusCode(response, 200): Verify response status code successfully

25-05-2024T11:43:46 - [MESSAGE][PASSED] - Verify response status code successfully]]></system-out>
         <system-err><![CDATA[]]></system-err>
      </testcase>
      <testcase name="Test Cases/API/getEncouterMethodById" time="1.16" classname="Test Cases/API/getEncouterMethodById" status="PASSED">
         <system-out><![CDATA[25-05-2024T11:43:46 - [TEST_CASE][PASSED] - Test Cases/API/getEncouterMethodById: Test Cases/API/getEncouterMethodById

25-05-2024T11:43:46 - [TEST_STEP][PASSED] - response = sendRequest(findTestObject("REST/getEncounterMethod", ["id":"1"])): Send request successfully

25-05-2024T11:43:47 - [MESSAGE][INFO] - HAR: F:\git\pokedex-katalon\pokedex-katalon\Reports\20240525_114324\API Pokedex\20240525_114325\requests\main\17.har

25-05-2024T11:43:47 - [MESSAGE][PASSED] - Send request successfully

25-05-2024T11:43:47 - [TEST_STEP][PASSED] - verifyResponseStatusCode(response, 200): Verify response status code successfully

25-05-2024T11:43:47 - [MESSAGE][PASSED] - Verify response status code successfully]]></system-out>
         <system-err><![CDATA[]]></system-err>
      </testcase>
      <testcase name="Test Cases/API/getEncouterMethodByName" time="1.152" classname="Test Cases/API/getEncouterMethodByName" status="PASSED">
         <system-out><![CDATA[25-05-2024T11:43:47 - [TEST_CASE][PASSED] - Test Cases/API/getEncouterMethodByName: Test Cases/API/getEncouterMethodByName

25-05-2024T11:43:47 - [TEST_STEP][PASSED] - response = sendRequest(findTestObject("REST/getEncounterMethod", ["id":"walk"])): Send request successfully

25-05-2024T11:43:48 - [MESSAGE][INFO] - HAR: F:\git\pokedex-katalon\pokedex-katalon\Reports\20240525_114324\API Pokedex\20240525_114325\requests\main\18.har

25-05-2024T11:43:48 - [MESSAGE][PASSED] - Send request successfully

25-05-2024T11:43:48 - [TEST_STEP][PASSED] - verifyResponseStatusCode(response, 200): Verify response status code successfully

25-05-2024T11:43:48 - [MESSAGE][PASSED] - Verify response status code successfully]]></system-out>
         <system-err><![CDATA[]]></system-err>
      </testcase>
      <testcase name="Test Cases/API/getEvolutionTriggerById" time="1.099" classname="Test Cases/API/getEvolutionTriggerById" status="PASSED">
         <system-out><![CDATA[25-05-2024T11:43:48 - [TEST_CASE][PASSED] - Test Cases/API/getEvolutionTriggerById: Test Cases/API/getEvolutionTriggerById

25-05-2024T11:43:48 - [TEST_STEP][PASSED] - response = sendRequest(findTestObject("REST/getEvolutionTrigger", ["id":"1"])): Send request successfully

25-05-2024T11:43:49 - [MESSAGE][INFO] - HAR: F:\git\pokedex-katalon\pokedex-katalon\Reports\20240525_114324\API Pokedex\20240525_114325\requests\main\19.har

25-05-2024T11:43:49 - [MESSAGE][PASSED] - Send request successfully

25-05-2024T11:43:49 - [TEST_STEP][PASSED] - verifyResponseStatusCode(response, 200): Verify response status code successfully

25-05-2024T11:43:49 - [MESSAGE][PASSED] - Verify response status code successfully]]></system-out>
         <system-err><![CDATA[]]></system-err>
      </testcase>
      <testcase name="Test Cases/API/getEvolutionTriggerByName" time="1.161" classname="Test Cases/API/getEvolutionTriggerByName" status="PASSED">
         <system-out><![CDATA[25-05-2024T11:43:49 - [TEST_CASE][PASSED] - Test Cases/API/getEvolutionTriggerByName: Test Cases/API/getEvolutionTriggerByName

25-05-2024T11:43:49 - [TEST_STEP][PASSED] - response = sendRequest(findTestObject("REST/getEvolutionTrigger", ["id":"level-up"])): Send request successfully

25-05-2024T11:43:50 - [MESSAGE][INFO] - HAR: F:\git\pokedex-katalon\pokedex-katalon\Reports\20240525_114324\API Pokedex\20240525_114325\requests\main\20.har

25-05-2024T11:43:50 - [MESSAGE][PASSED] - Send request successfully

25-05-2024T11:43:50 - [TEST_STEP][PASSED] - verifyResponseStatusCode(response, 200): Verify response status code successfully

25-05-2024T11:43:50 - [MESSAGE][PASSED] - Verify response status code successfully]]></system-out>
         <system-err><![CDATA[]]></system-err>
      </testcase>
      <testcase name="Test Cases/API/getGenderById" time="1.158" classname="Test Cases/API/getGenderById" status="PASSED">
         <system-out><![CDATA[25-05-2024T11:43:50 - [TEST_CASE][PASSED] - Test Cases/API/getGenderById: Test Cases/API/getGenderById

25-05-2024T11:43:50 - [TEST_STEP][PASSED] - response = sendRequest(findTestObject("REST/getGender", ["id":"1"])): Send request successfully

25-05-2024T11:43:51 - [MESSAGE][INFO] - HAR: F:\git\pokedex-katalon\pokedex-katalon\Reports\20240525_114324\API Pokedex\20240525_114325\requests\main\21.har

25-05-2024T11:43:51 - [MESSAGE][PASSED] - Send request successfully

25-05-2024T11:43:51 - [TEST_STEP][PASSED] - verifyResponseStatusCode(response, 200): Verify response status code successfully

25-05-2024T11:43:51 - [MESSAGE][PASSED] - Verify response status code successfully]]></system-out>
         <system-err><![CDATA[]]></system-err>
      </testcase>
      <testcase name="Test Cases/API/getGenderByName" time="0.171" classname="Test Cases/API/getGenderByName" status="PASSED">
         <system-out><![CDATA[25-05-2024T11:43:51 - [TEST_CASE][PASSED] - Test Cases/API/getGenderByName: Test Cases/API/getGenderByName

25-05-2024T11:43:51 - [TEST_STEP][PASSED] - response = sendRequest(findTestObject("REST/getGender", ["id":"male"])): Send request successfully

25-05-2024T11:43:52 - [MESSAGE][INFO] - HAR: F:\git\pokedex-katalon\pokedex-katalon\Reports\20240525_114324\API Pokedex\20240525_114325\requests\main\22.har

25-05-2024T11:43:52 - [MESSAGE][PASSED] - Send request successfully

25-05-2024T11:43:52 - [TEST_STEP][PASSED] - verifyResponseStatusCode(response, 200): Verify response status code successfully

25-05-2024T11:43:52 - [MESSAGE][PASSED] - Verify response status code successfully]]></system-out>
         <system-err><![CDATA[]]></system-err>
      </testcase>
      <testcase name="Test Cases/API/getGenerationById" time="0.17" classname="Test Cases/API/getGenerationById" status="PASSED">
         <system-out><![CDATA[25-05-2024T11:43:52 - [TEST_CASE][PASSED] - Test Cases/API/getGenerationById: Test Cases/API/getGenerationById

25-05-2024T11:43:52 - [TEST_STEP][PASSED] - response = sendRequest(findTestObject("REST/getGeneration", ["id":"1"])): Send request successfully

25-05-2024T11:43:52 - [MESSAGE][INFO] - HAR: F:\git\pokedex-katalon\pokedex-katalon\Reports\20240525_114324\API Pokedex\20240525_114325\requests\main\23.har

25-05-2024T11:43:52 - [MESSAGE][PASSED] - Send request successfully

25-05-2024T11:43:52 - [TEST_STEP][PASSED] - verifyResponseStatusCode(response, 200): Verify response status code successfully

25-05-2024T11:43:52 - [MESSAGE][PASSED] - Verify response status code successfully]]></system-out>
         <system-err><![CDATA[]]></system-err>
      </testcase>
      <testcase name="Test Cases/API/getGenerationByName" time="0.419" classname="Test Cases/API/getGenerationByName" status="PASSED">
         <system-out><![CDATA[25-05-2024T11:43:52 - [TEST_CASE][PASSED] - Test Cases/API/getGenerationByName: Test Cases/API/getGenerationByName

25-05-2024T11:43:52 - [TEST_STEP][PASSED] - response = sendRequest(findTestObject("REST/getGeneration", ["id":"generation-i"])): Send request successfully

25-05-2024T11:43:52 - [MESSAGE][INFO] - HAR: F:\git\pokedex-katalon\pokedex-katalon\Reports\20240525_114324\API Pokedex\20240525_114325\requests\main\24.har

25-05-2024T11:43:52 - [MESSAGE][PASSED] - Send request successfully

25-05-2024T11:43:52 - [TEST_STEP][PASSED] - verifyResponseStatusCode(response, 200): Verify response status code successfully

25-05-2024T11:43:52 - [MESSAGE][PASSED] - Verify response status code successfully]]></system-out>
         <system-err><![CDATA[]]></system-err>
      </testcase>
      <testcase name="Test Cases/API/getItemById" time="1.125" classname="Test Cases/API/getItemById" status="PASSED">
         <system-out><![CDATA[25-05-2024T11:43:52 - [TEST_CASE][PASSED] - Test Cases/API/getItemById: Test Cases/API/getItemById

25-05-2024T11:43:52 - [TEST_STEP][PASSED] - response = sendRequest(findTestObject("REST/getItem", ["id":"2"])): Send request successfully

25-05-2024T11:43:53 - [MESSAGE][INFO] - HAR: F:\git\pokedex-katalon\pokedex-katalon\Reports\20240525_114324\API Pokedex\20240525_114325\requests\main\25.har

25-05-2024T11:43:53 - [MESSAGE][PASSED] - Send request successfully

25-05-2024T11:43:53 - [TEST_STEP][PASSED] - verifyResponseStatusCode(response, 200): Verify response status code successfully

25-05-2024T11:43:53 - [MESSAGE][PASSED] - Verify response status code successfully]]></system-out>
         <system-err><![CDATA[]]></system-err>
      </testcase>
      <testcase name="Test Cases/API/getItemByName" time="1.127" classname="Test Cases/API/getItemByName" status="PASSED">
         <system-out><![CDATA[25-05-2024T11:43:53 - [TEST_CASE][PASSED] - Test Cases/API/getItemByName: Test Cases/API/getItemByName

25-05-2024T11:43:53 - [TEST_STEP][PASSED] - response = sendRequest(findTestObject("REST/getItem", ["id":"safari-ball"])): Send request successfully

25-05-2024T11:43:54 - [MESSAGE][INFO] - HAR: F:\git\pokedex-katalon\pokedex-katalon\Reports\20240525_114324\API Pokedex\20240525_114325\requests\main\26.har

25-05-2024T11:43:54 - [MESSAGE][PASSED] - Send request successfully

25-05-2024T11:43:54 - [TEST_STEP][PASSED] - verifyResponseStatusCode(response, 200): Verify response status code successfully

25-05-2024T11:43:54 - [MESSAGE][PASSED] - Verify response status code successfully]]></system-out>
         <system-err><![CDATA[]]></system-err>
      </testcase>
      <testcase name="Test Cases/API/getLocationAreaById" time="0.185" classname="Test Cases/API/getLocationAreaById" status="PASSED">
         <system-out><![CDATA[25-05-2024T11:43:54 - [TEST_CASE][PASSED] - Test Cases/API/getLocationAreaById: Test Cases/API/getLocationAreaById

25-05-2024T11:43:54 - [TEST_STEP][PASSED] - response = sendRequest(findTestObject("REST/getLocationArea", ["id":"5"])): Send request successfully

25-05-2024T11:43:55 - [MESSAGE][INFO] - HAR: F:\git\pokedex-katalon\pokedex-katalon\Reports\20240525_114324\API Pokedex\20240525_114325\requests\main\27.har

25-05-2024T11:43:55 - [MESSAGE][PASSED] - Send request successfully

25-05-2024T11:43:55 - [TEST_STEP][PASSED] - verifyResponseStatusCode(response, 200): Verify response status code successfully

25-05-2024T11:43:55 - [MESSAGE][PASSED] - Verify response status code successfully]]></system-out>
         <system-err><![CDATA[]]></system-err>
      </testcase>
      <testcase name="Test Cases/API/getLocationAreaByName" time="0.181" classname="Test Cases/API/getLocationAreaByName" status="PASSED">
         <system-out><![CDATA[25-05-2024T11:43:55 - [TEST_CASE][PASSED] - Test Cases/API/getLocationAreaByName: Test Cases/API/getLocationAreaByName

25-05-2024T11:43:55 - [TEST_STEP][PASSED] - response = sendRequest(findTestObject("REST/getLocationArea", ["id":"valley-windworks-area"])): Send request successfully

25-05-2024T11:43:55 - [MESSAGE][INFO] - HAR: F:\git\pokedex-katalon\pokedex-katalon\Reports\20240525_114324\API Pokedex\20240525_114325\requests\main\28.har

25-05-2024T11:43:55 - [MESSAGE][PASSED] - Send request successfully

25-05-2024T11:43:55 - [TEST_STEP][PASSED] - verifyResponseStatusCode(response, 200): Verify response status code successfully

25-05-2024T11:43:55 - [MESSAGE][PASSED] - Verify response status code successfully]]></system-out>
         <system-err><![CDATA[]]></system-err>
      </testcase>
      <testcase name="Test Cases/API/getLocationById" time="0.191" classname="Test Cases/API/getLocationById" status="PASSED">
         <system-out><![CDATA[25-05-2024T11:43:55 - [TEST_CASE][PASSED] - Test Cases/API/getLocationById: Test Cases/API/getLocationById

25-05-2024T11:43:55 - [TEST_STEP][PASSED] - response = sendRequest(findTestObject("REST/getLocation", ["id":"mt-coronet"])): Send request successfully

25-05-2024T11:43:55 - [MESSAGE][INFO] - HAR: F:\git\pokedex-katalon\pokedex-katalon\Reports\20240525_114324\API Pokedex\20240525_114325\requests\main\29.har

25-05-2024T11:43:55 - [MESSAGE][PASSED] - Send request successfully

25-05-2024T11:43:55 - [TEST_STEP][PASSED] - verifyResponseStatusCode(response, 200): Verify response status code successfully

25-05-2024T11:43:55 - [MESSAGE][PASSED] - Verify response status code successfully]]></system-out>
         <system-err><![CDATA[]]></system-err>
      </testcase>
      <testcase name="Test Cases/API/getLocationByName" time="1.142" classname="Test Cases/API/getLocationByName" status="PASSED">
         <system-out><![CDATA[25-05-2024T11:43:55 - [TEST_CASE][PASSED] - Test Cases/API/getLocationByName: Test Cases/API/getLocationByName

25-05-2024T11:43:55 - [TEST_STEP][PASSED] - response = sendRequest(findTestObject("REST/getLocation", ["id":"6"])): Send request successfully

25-05-2024T11:43:56 - [MESSAGE][INFO] - HAR: F:\git\pokedex-katalon\pokedex-katalon\Reports\20240525_114324\API Pokedex\20240525_114325\requests\main\30.har

25-05-2024T11:43:56 - [MESSAGE][PASSED] - Send request successfully

25-05-2024T11:43:56 - [TEST_STEP][PASSED] - verifyResponseStatusCode(response, 200): Verify response status code successfully

25-05-2024T11:43:56 - [MESSAGE][PASSED] - Verify response status code successfully]]></system-out>
         <system-err><![CDATA[]]></system-err>
      </testcase>
      <testcase name="Test Cases/API/getMoveById" time="1.136" classname="Test Cases/API/getMoveById" status="PASSED">
         <system-out><![CDATA[25-05-2024T11:43:56 - [TEST_CASE][PASSED] - Test Cases/API/getMoveById: Test Cases/API/getMoveById

25-05-2024T11:43:56 - [TEST_STEP][PASSED] - response = sendRequest(findTestObject("REST/getMoves", ["id":"6"])): Send request successfully

25-05-2024T11:43:57 - [MESSAGE][INFO] - HAR: F:\git\pokedex-katalon\pokedex-katalon\Reports\20240525_114324\API Pokedex\20240525_114325\requests\main\31.har

25-05-2024T11:43:57 - [MESSAGE][PASSED] - Send request successfully

25-05-2024T11:43:57 - [TEST_STEP][PASSED] - verifyResponseStatusCode(response, 200): Verify response status code successfully

25-05-2024T11:43:57 - [MESSAGE][PASSED] - Verify response status code successfully]]></system-out>
         <system-err><![CDATA[]]></system-err>
      </testcase>
      <testcase name="Test Cases/API/getMoveByName" time="0.168" classname="Test Cases/API/getMoveByName" status="PASSED">
         <system-out><![CDATA[25-05-2024T11:43:57 - [TEST_CASE][PASSED] - Test Cases/API/getMoveByName: Test Cases/API/getMoveByName

25-05-2024T11:43:57 - [TEST_STEP][PASSED] - response = sendRequest(findTestObject("REST/getMoves", ["id":"pound"])): Send request successfully

25-05-2024T11:43:57 - [MESSAGE][INFO] - HAR: F:\git\pokedex-katalon\pokedex-katalon\Reports\20240525_114324\API Pokedex\20240525_114325\requests\main\32.har

25-05-2024T11:43:57 - [MESSAGE][PASSED] - Send request successfully

25-05-2024T11:43:57 - [TEST_STEP][PASSED] - verifyResponseStatusCode(response, 200): Verify response status code successfully

25-05-2024T11:43:57 - [MESSAGE][PASSED] - Verify response status code successfully]]></system-out>
         <system-err><![CDATA[]]></system-err>
      </testcase>
      <testcase name="Test Cases/API/getPokedexById" time="1.106" classname="Test Cases/API/getPokedexById" status="PASSED">
         <system-out><![CDATA[25-05-2024T11:43:57 - [TEST_CASE][PASSED] - Test Cases/API/getPokedexById: Test Cases/API/getPokedexById

25-05-2024T11:43:57 - [TEST_STEP][PASSED] - response = sendRequest(findTestObject("REST/getPokedex", ["id":"5"])): Send request successfully

25-05-2024T11:43:58 - [MESSAGE][INFO] - HAR: F:\git\pokedex-katalon\pokedex-katalon\Reports\20240525_114324\API Pokedex\20240525_114325\requests\main\33.har

25-05-2024T11:43:58 - [MESSAGE][PASSED] - Send request successfully

25-05-2024T11:43:58 - [TEST_STEP][PASSED] - verifyResponseStatusCode(response, 200): Verify response status code successfully

25-05-2024T11:43:58 - [MESSAGE][PASSED] - Verify response status code successfully]]></system-out>
         <system-err><![CDATA[]]></system-err>
      </testcase>
      <testcase name="Test Cases/API/getPokedexByName" time="0.175" classname="Test Cases/API/getPokedexByName" status="PASSED">
         <system-out><![CDATA[25-05-2024T11:43:58 - [TEST_CASE][PASSED] - Test Cases/API/getPokedexByName: Test Cases/API/getPokedexByName

25-05-2024T11:43:59 - [TEST_STEP][PASSED] - response = sendRequest(findTestObject("REST/getPokedex", ["id":"kanto"])): Send request successfully

25-05-2024T11:43:59 - [MESSAGE][INFO] - HAR: F:\git\pokedex-katalon\pokedex-katalon\Reports\20240525_114324\API Pokedex\20240525_114325\requests\main\34.har

25-05-2024T11:43:59 - [MESSAGE][PASSED] - Send request successfully

25-05-2024T11:43:59 - [TEST_STEP][PASSED] - verifyResponseStatusCode(response, 200): Verify response status code successfully

25-05-2024T11:43:59 - [MESSAGE][PASSED] - Verify response status code successfully]]></system-out>
         <system-err><![CDATA[]]></system-err>
      </testcase>
      <testcase name="Test Cases/API/getRegionById" time="0.176" classname="Test Cases/API/getRegionById" status="PASSED">
         <system-out><![CDATA[25-05-2024T11:43:59 - [TEST_CASE][PASSED] - Test Cases/API/getRegionById: Test Cases/API/getRegionById

25-05-2024T11:43:59 - [TEST_STEP][PASSED] - response = sendRequest(findTestObject("REST/getRegion", ["id":"kanto"])): Send request successfully

25-05-2024T11:43:59 - [MESSAGE][INFO] - HAR: F:\git\pokedex-katalon\pokedex-katalon\Reports\20240525_114324\API Pokedex\20240525_114325\requests\main\35.har

25-05-2024T11:43:59 - [MESSAGE][PASSED] - Send request successfully

25-05-2024T11:43:59 - [TEST_STEP][PASSED] - verifyResponseStatusCode(response, 200): Verify response status code successfully

25-05-2024T11:43:59 - [MESSAGE][PASSED] - Verify response status code successfully]]></system-out>
         <system-err><![CDATA[]]></system-err>
      </testcase>
      <testcase name="Test Cases/API/getRegionByName" time="1.115" classname="Test Cases/API/getRegionByName" status="PASSED">
         <system-out><![CDATA[25-05-2024T11:43:59 - [TEST_CASE][PASSED] - Test Cases/API/getRegionByName: Test Cases/API/getRegionByName

25-05-2024T11:43:59 - [TEST_STEP][PASSED] - response = sendRequest(findTestObject("REST/getRegion", ["id":"1"])): Send request successfully

25-05-2024T11:44:00 - [MESSAGE][INFO] - HAR: F:\git\pokedex-katalon\pokedex-katalon\Reports\20240525_114324\API Pokedex\20240525_114325\requests\main\36.har

25-05-2024T11:44:00 - [MESSAGE][PASSED] - Send request successfully

25-05-2024T11:44:00 - [TEST_STEP][PASSED] - verifyResponseStatusCode(response, 200): Verify response status code successfully

25-05-2024T11:44:00 - [MESSAGE][PASSED] - Verify response status code successfully]]></system-out>
         <system-err><![CDATA[]]></system-err>
      </testcase>
      <testcase name="Test Cases/API/getSinglePokemon" time="0.213" classname="Test Cases/API/getSinglePokemon" status="PASSED">
         <system-out><![CDATA[25-05-2024T11:44:00 - [TEST_CASE][PASSED] - Test Cases/API/getSinglePokemon: Test Cases/API/getSinglePokemon

25-05-2024T11:44:00 - [TEST_STEP][PASSED] - response = sendRequest(findTestObject("REST/getSinglePokemon", ["id":"1"])): Send request successfully

25-05-2024T11:44:00 - [MESSAGE][INFO] - HAR: F:\git\pokedex-katalon\pokedex-katalon\Reports\20240525_114324\API Pokedex\20240525_114325\requests\main\37.har

25-05-2024T11:44:00 - [MESSAGE][PASSED] - Send request successfully

25-05-2024T11:44:00 - [TEST_STEP][PASSED] - verifyResponseStatusCode(response, 200): Verify response status code successfully

25-05-2024T11:44:00 - [MESSAGE][PASSED] - Verify response status code successfully]]></system-out>
         <system-err><![CDATA[]]></system-err>
      </testcase>
      <testcase name="Test Cases/API/getSinglePokemonById" time="0.244" classname="Test Cases/API/getSinglePokemonById" status="PASSED">
         <system-out><![CDATA[25-05-2024T11:44:00 - [TEST_CASE][PASSED] - Test Cases/API/getSinglePokemonById: Test Cases/API/getSinglePokemonById

25-05-2024T11:44:00 - [TEST_STEP][PASSED] - response = sendRequest(findTestObject("REST/getSinglePokemon", ["id":"2"])): Send request successfully

25-05-2024T11:44:00 - [MESSAGE][INFO] - HAR: F:\git\pokedex-katalon\pokedex-katalon\Reports\20240525_114324\API Pokedex\20240525_114325\requests\main\38.har

25-05-2024T11:44:00 - [MESSAGE][PASSED] - Send request successfully

25-05-2024T11:44:00 - [TEST_STEP][PASSED] - verifyResponseStatusCode(response, 200): Verify response status code successfully

25-05-2024T11:44:00 - [MESSAGE][PASSED] - Verify response status code successfully]]></system-out>
         <system-err><![CDATA[]]></system-err>
      </testcase>
      <testcase name="Test Cases/API/getSinglePokemonByName" time="0.191" classname="Test Cases/API/getSinglePokemonByName" status="PASSED">
         <system-out><![CDATA[25-05-2024T11:44:00 - [TEST_CASE][PASSED] - Test Cases/API/getSinglePokemonByName: Test Cases/API/getSinglePokemonByName

25-05-2024T11:44:00 - [TEST_STEP][PASSED] - response = sendRequest(findTestObject("REST/getSinglePokemon", ["id":"pikachu"])): Send request successfully

25-05-2024T11:44:01 - [MESSAGE][INFO] - HAR: F:\git\pokedex-katalon\pokedex-katalon\Reports\20240525_114324\API Pokedex\20240525_114325\requests\main\39.har

25-05-2024T11:44:01 - [MESSAGE][PASSED] - Send request successfully

25-05-2024T11:44:01 - [TEST_STEP][PASSED] - verifyResponseStatusCode(response, 200): Verify response status code successfully

25-05-2024T11:44:01 - [MESSAGE][PASSED] - Verify response status code successfully]]></system-out>
         <system-err><![CDATA[]]></system-err>
      </testcase>
      <system-out><![CDATA[25-05-2024T11:43:32 - [TEST_SUITE][PASSED] - API Pokedex: Test Cases/API/getSinglePokemonByName]]></system-out>
      <system-err><![CDATA[]]></system-err>
   </testsuite>
</testsuites>
