<?xml version="1.0" encoding="UTF-8"?>
<testsuites name="KBB Home" time="132.596" tests="12" failures="0" errors="0">
   <testsuite name="KBB Home" tests="12" failures="0" errors="0" time="132.596" skipped="0" timestamp="23-05-2024T23:58:03" hostname="chuas - SonLam" id="Test Suites/KBB Home">
      <properties>
         <property name="deviceName" value=""/>
         <property name="devicePlatform" value=""/>
         <property name="logFolder" value="C:\\Users\\chuas\\Katalon Studio\\KBB\\Reports\\20240523_235757\\KBB Home\\20240523_235757"/>
         <property name="logFiles" value="C:\\Users\\chuas\\Katalon Studio\\KBB\\Reports\\20240523_235757\\KBB Home\\20240523_235757\\execution0.log"/>
         <property name="attachments" value=""/>
         <property name="hostName" value="chuas - SonLam"/>
         <property name="os" value="Windows 10 64bit"/>
         <property name="katalonVersion" value="9.4.0.212"/>
         <property name="browser" value="Chrome 124.0.0.0"/>
         <property name="hostAddress" value="172.16.0.2"/>
         <property name="sessionId" value="c0dd40707ed87d2e36bea269e5a1376e"/>
         <property name="seleniumVersion" value="3.141.59"/>
         <property name="proxyInformation" value="ProxyInformation { proxyOption=NO_PROXY, proxyServerType=HTTP, username=, password=********, proxyServerAddress=, proxyServerPort=0, executionList=&quot;&quot;, isApplyToDesiredCapabilities=true }"/>
         <property name="platform" value="Windows 10"/>
      </properties>
      <testcase name="Test Cases/KBB Articles" time="11.084" classname="Test Cases/KBB Articles" status="PASSED">
         <system-out><![CDATA[23-05-2024T23:58:03 - [TEST_CASE][PASSED] - Test Cases/KBB Articles: Test Cases/KBB Articles

23-05-2024T23:58:03 - [TEST_STEP][PASSED] - openBrowser(""): Browser is opened with url: ''

23-05-2024T23:58:04 - [MESSAGE][INFO] - Starting 'Chrome' driver

23-05-2024T23:58:04 - [MESSAGE][INFO] - Action delay is set to 0 milliseconds

23-05-2024T23:58:05 - [MESSAGE][PASSED] - Browser is opened with url: ''

23-05-2024T23:58:05 - [TEST_STEP][PASSED] - navigateToUrl("https://www.kbb.com/"): Navigate to 'https://www.kbb.com/' successfully

23-05-2024T23:58:13 - [MESSAGE][PASSED] - Navigate to 'https://www.kbb.com/' successfully

23-05-2024T23:58:13 - [TEST_STEP][PASSED] - verifyElementPresent(findTestObject("Object Repository/Page_Kelley Blue Book  New and Used Car Pri_e90311/div_The Latest from Our ExpertsMore article_d3a796"), 0): Object 'Object Repository/Page_Kelley Blue Book  New and Used Car Pri_e90311/div_The Latest from Our ExpertsMore article_d3a796' is present

23-05-2024T23:58:13 - [MESSAGE][WARNING] - Timeout '0' is invalid. Using default page load timeout: '30'

23-05-2024T23:58:14 - [MESSAGE][PASSED] - Object 'Object Repository/Page_Kelley Blue Book  New and Used Car Pri_e90311/div_The Latest from Our ExpertsMore article_d3a796' is present

23-05-2024T23:58:14 - [TEST_STEP][PASSED] - closeBrowser(): Browser is closed

23-05-2024T23:58:14 - [MESSAGE][PASSED] - Browser is closed]]></system-out>
         <system-err><![CDATA[]]></system-err>
      </testcase>
      <testcase name="Test Cases/KBB Best Car" time="10.639" classname="Test Cases/KBB Best Car" status="PASSED">
         <system-out><![CDATA[23-05-2024T23:58:14 - [TEST_CASE][PASSED] - Test Cases/KBB Best Car: Test Cases/KBB Best Car

23-05-2024T23:58:14 - [TEST_STEP][PASSED] - openBrowser(""): Browser is opened with url: ''

23-05-2024T23:58:14 - [MESSAGE][INFO] - Starting 'Chrome' driver

23-05-2024T23:58:14 - [MESSAGE][INFO] - Action delay is set to 0 milliseconds

23-05-2024T23:58:15 - [MESSAGE][PASSED] - Browser is opened with url: ''

23-05-2024T23:58:15 - [TEST_STEP][PASSED] - navigateToUrl("https://www.kbb.com/"): Navigate to 'https://www.kbb.com/' successfully

23-05-2024T23:58:23 - [MESSAGE][PASSED] - Navigate to 'https://www.kbb.com/' successfully

23-05-2024T23:58:23 - [TEST_STEP][PASSED] - verifyElementPresent(findTestObject("Object Repository/Page_Kelley Blue Book  New and Used Car Pri_e90311/div_Shop Best CarsSponsored2024 Honda Prolo_b0e4cf"), 0): Object 'Object Repository/Page_Kelley Blue Book  New and Used Car Pri_e90311/div_Shop Best CarsSponsored2024 Honda Prolo_b0e4cf' is present

23-05-2024T23:58:23 - [MESSAGE][WARNING] - Timeout '0' is invalid. Using default page load timeout: '30'

23-05-2024T23:58:25 - [MESSAGE][PASSED] - Object 'Object Repository/Page_Kelley Blue Book  New and Used Car Pri_e90311/div_Shop Best CarsSponsored2024 Honda Prolo_b0e4cf' is present

23-05-2024T23:58:25 - [TEST_STEP][PASSED] - closeBrowser(): Browser is closed

23-05-2024T23:58:25 - [MESSAGE][PASSED] - Browser is closed]]></system-out>
         <system-err><![CDATA[]]></system-err>
      </testcase>
      <testcase name="Test Cases/KBB Car 4 Sale" time="9.674" classname="Test Cases/KBB Car 4 Sale" status="PASSED">
         <system-out><![CDATA[23-05-2024T23:58:25 - [TEST_CASE][PASSED] - Test Cases/KBB Car 4 Sale: Test Cases/KBB Car 4 Sale

23-05-2024T23:58:25 - [TEST_STEP][PASSED] - openBrowser(""): Browser is opened with url: ''

23-05-2024T23:58:25 - [MESSAGE][INFO] - Starting 'Chrome' driver

23-05-2024T23:58:25 - [MESSAGE][INFO] - Action delay is set to 0 milliseconds

23-05-2024T23:58:26 - [MESSAGE][PASSED] - Browser is opened with url: ''

23-05-2024T23:58:26 - [TEST_STEP][PASSED] - navigateToUrl("https://www.kbb.com/"): Navigate to 'https://www.kbb.com/' successfully

23-05-2024T23:58:31 - [MESSAGE][PASSED] - Navigate to 'https://www.kbb.com/' successfully

23-05-2024T23:58:31 - [TEST_STEP][PASSED] - verifyElementPresent(findTestObject("Object Repository/Page_Kelley Blue Book  New and Used Car Pri_e90311/div_Search Cars for SaleCheck out cars near_c464ea"), 0): Object 'Object Repository/Page_Kelley Blue Book  New and Used Car Pri_e90311/div_Search Cars for SaleCheck out cars near_c464ea' is present

23-05-2024T23:58:31 - [MESSAGE][WARNING] - Timeout '0' is invalid. Using default page load timeout: '30'

23-05-2024T23:58:35 - [MESSAGE][PASSED] - Object 'Object Repository/Page_Kelley Blue Book  New and Used Car Pri_e90311/div_Search Cars for SaleCheck out cars near_c464ea' is present

23-05-2024T23:58:35 - [TEST_STEP][PASSED] - closeBrowser(): Browser is closed

23-05-2024T23:58:35 - [MESSAGE][PASSED] - Browser is closed]]></system-out>
         <system-err><![CDATA[]]></system-err>
      </testcase>
      <testcase name="Test Cases/KBB Feature Content" time="10.347" classname="Test Cases/KBB Feature Content" status="PASSED">
         <system-out><![CDATA[23-05-2024T23:58:35 - [TEST_CASE][PASSED] - Test Cases/KBB Feature Content: Test Cases/KBB Feature Content

23-05-2024T23:58:35 - [TEST_STEP][PASSED] - openBrowser(""): Browser is opened with url: ''

23-05-2024T23:58:35 - [MESSAGE][INFO] - Starting 'Chrome' driver

23-05-2024T23:58:35 - [MESSAGE][INFO] - Action delay is set to 0 milliseconds

23-05-2024T23:58:35 - [MESSAGE][PASSED] - Browser is opened with url: ''

23-05-2024T23:58:35 - [TEST_STEP][PASSED] - navigateToUrl("https://www.kbb.com/"): Navigate to 'https://www.kbb.com/' successfully

23-05-2024T23:58:40 - [MESSAGE][PASSED] - Navigate to 'https://www.kbb.com/' successfully

23-05-2024T23:58:40 - [TEST_STEP][PASSED] - rightClick(findTestObject("Object Repository/Page_Kelley Blue Book  New and Used Car Pri_e90311/div_Featured Content2024 Ford F150 Super Ca_86f03b")): Object: 'Object Repository/Page_Kelley Blue Book  New and Used Car Pri_e90311/div_Featured Content2024 Ford F150 Super Ca_86f03b' is right clicked on

23-05-2024T23:58:44 - [MESSAGE][PASSED] - Object: 'Object Repository/Page_Kelley Blue Book  New and Used Car Pri_e90311/div_Featured Content2024 Ford F150 Super Ca_86f03b' is right clicked on

23-05-2024T23:58:44 - [TEST_STEP][PASSED] - waitForElementPresent(findTestObject("Object Repository/Page_Kelley Blue Book  New and Used Car Pri_e90311/div_Featured Content2024 Ford F150 Super Ca_80d5f7"), 0): Object 'Object Repository/Page_Kelley Blue Book  New and Used Car Pri_e90311/div_Featured Content2024 Ford F150 Super Ca_80d5f7' is present

23-05-2024T23:58:44 - [MESSAGE][WARNING] - Timeout '0' is invalid. Using default page load timeout: '30'

23-05-2024T23:58:45 - [MESSAGE][PASSED] - Object 'Object Repository/Page_Kelley Blue Book  New and Used Car Pri_e90311/div_Featured Content2024 Ford F150 Super Ca_80d5f7' is present

23-05-2024T23:58:45 - [TEST_STEP][PASSED] - verifyElementPresent(findTestObject("Object Repository/Page_Kelley Blue Book  New and Used Car Pri_e90311/div_Featured Content2024 Ford F150 Super Ca_80d5f7"), 0): Object 'Object Repository/Page_Kelley Blue Book  New and Used Car Pri_e90311/div_Featured Content2024 Ford F150 Super Ca_80d5f7' is present

23-05-2024T23:58:45 - [MESSAGE][WARNING] - Timeout '0' is invalid. Using default page load timeout: '30'

23-05-2024T23:58:45 - [MESSAGE][PASSED] - Object 'Object Repository/Page_Kelley Blue Book  New and Used Car Pri_e90311/div_Featured Content2024 Ford F150 Super Ca_80d5f7' is present

23-05-2024T23:58:45 - [TEST_STEP][PASSED] - closeBrowser(): Browser is closed

23-05-2024T23:58:45 - [MESSAGE][PASSED] - Browser is closed]]></system-out>
         <system-err><![CDATA[]]></system-err>
      </testcase>
      <testcase name="Test Cases/KBB Footer" time="14.916" classname="Test Cases/KBB Footer" status="PASSED">
         <system-out><![CDATA[23-05-2024T23:58:45 - [TEST_CASE][PASSED] - Test Cases/KBB Footer: Test Cases/KBB Footer

23-05-2024T23:58:45 - [TEST_STEP][PASSED] - openBrowser(""): Browser is opened with url: ''

23-05-2024T23:58:45 - [MESSAGE][INFO] - Starting 'Chrome' driver

23-05-2024T23:58:45 - [MESSAGE][INFO] - Action delay is set to 0 milliseconds

23-05-2024T23:58:46 - [MESSAGE][PASSED] - Browser is opened with url: ''

23-05-2024T23:58:46 - [TEST_STEP][PASSED] - navigateToUrl("https://www.kbb.com/"): Navigate to 'https://www.kbb.com/' successfully

23-05-2024T23:58:58 - [MESSAGE][PASSED] - Navigate to 'https://www.kbb.com/' successfully

23-05-2024T23:58:58 - [TEST_STEP][PASSED] - verifyElementPresent(findTestObject("Object Repository/Page_Kelley Blue Book  New and Used Car Pri_e90311/div_FAQContact UsDo Not Sell My Personal In_260b45"), 0): Object 'Object Repository/Page_Kelley Blue Book  New and Used Car Pri_e90311/div_FAQContact UsDo Not Sell My Personal In_260b45' is present

23-05-2024T23:58:58 - [MESSAGE][WARNING] - Timeout '0' is invalid. Using default page load timeout: '30'

23-05-2024T23:59:00 - [MESSAGE][PASSED] - Object 'Object Repository/Page_Kelley Blue Book  New and Used Car Pri_e90311/div_FAQContact UsDo Not Sell My Personal In_260b45' is present

23-05-2024T23:59:00 - [TEST_STEP][PASSED] - closeBrowser(): Browser is closed

23-05-2024T23:59:00 - [MESSAGE][PASSED] - Browser is closed]]></system-out>
         <system-err><![CDATA[]]></system-err>
      </testcase>
      <testcase name="Test Cases/KBB Header" time="8.842" classname="Test Cases/KBB Header" status="PASSED">
         <system-out><![CDATA[23-05-2024T23:59:00 - [TEST_CASE][PASSED] - Test Cases/KBB Header: Test Cases/KBB Header

23-05-2024T23:59:00 - [TEST_STEP][PASSED] - openBrowser(""): Browser is opened with url: ''

23-05-2024T23:59:00 - [MESSAGE][INFO] - Starting 'Chrome' driver

23-05-2024T23:59:00 - [MESSAGE][INFO] - Action delay is set to 0 milliseconds

23-05-2024T23:59:01 - [MESSAGE][PASSED] - Browser is opened with url: ''

23-05-2024T23:59:01 - [TEST_STEP][PASSED] - navigateToUrl("https://www.kbb.com/"): Navigate to 'https://www.kbb.com/' successfully

23-05-2024T23:59:05 - [MESSAGE][PASSED] - Navigate to 'https://www.kbb.com/' successfully

23-05-2024T23:59:05 - [TEST_STEP][PASSED] - verifyElementVisible(findTestObject("Object Repository/Page_Kelley Blue Book  New and Used Car Pri_e90311/header_Accessible Menu - Main MenuCar Value_119c48")): Object 'Object Repository/Page_Kelley Blue Book  New and Used Car Pri_e90311/header_Accessible Menu - Main MenuCar Value_119c48' is visible

23-05-2024T23:59:09 - [MESSAGE][PASSED] - Object 'Object Repository/Page_Kelley Blue Book  New and Used Car Pri_e90311/header_Accessible Menu - Main MenuCar Value_119c48' is visible

23-05-2024T23:59:09 - [TEST_STEP][PASSED] - closeBrowser(): Browser is closed

23-05-2024T23:59:09 - [MESSAGE][PASSED] - Browser is closed]]></system-out>
         <system-err><![CDATA[]]></system-err>
      </testcase>
      <testcase name="Test Cases/KBB Motorscycles" time="8.206" classname="Test Cases/KBB Motorscycles" status="PASSED">
         <system-out><![CDATA[23-05-2024T23:59:09 - [TEST_CASE][PASSED] - Test Cases/KBB Motorscycles: Test Cases/KBB Motorscycles

23-05-2024T23:59:09 - [TEST_STEP][PASSED] - openBrowser(""): Browser is opened with url: ''

23-05-2024T23:59:09 - [MESSAGE][INFO] - Starting 'Chrome' driver

23-05-2024T23:59:09 - [MESSAGE][INFO] - Action delay is set to 0 milliseconds

23-05-2024T23:59:09 - [MESSAGE][PASSED] - Browser is opened with url: ''

23-05-2024T23:59:09 - [TEST_STEP][PASSED] - navigateToUrl("https://www.kbb.com/"): Navigate to 'https://www.kbb.com/' successfully

23-05-2024T23:59:15 - [MESSAGE][PASSED] - Navigate to 'https://www.kbb.com/' successfully

23-05-2024T23:59:15 - [TEST_STEP][PASSED] - verifyElementPresent(findTestObject("Object Repository/Page_Kelley Blue Book  New and Used Car Pri_e90311/div_Kelley Knows Motorcycles, TooWere not e_1b716e"), 0): Object 'Object Repository/Page_Kelley Blue Book  New and Used Car Pri_e90311/div_Kelley Knows Motorcycles, TooWere not e_1b716e' is present

23-05-2024T23:59:15 - [MESSAGE][WARNING] - Timeout '0' is invalid. Using default page load timeout: '30'

23-05-2024T23:59:17 - [MESSAGE][PASSED] - Object 'Object Repository/Page_Kelley Blue Book  New and Used Car Pri_e90311/div_Kelley Knows Motorcycles, TooWere not e_1b716e' is present

23-05-2024T23:59:17 - [TEST_STEP][PASSED] - closeBrowser(): Browser is closed

23-05-2024T23:59:17 - [MESSAGE][PASSED] - Browser is closed]]></system-out>
         <system-err><![CDATA[]]></system-err>
      </testcase>
      <testcase name="Test Cases/KBB New Car By Make" time="6.937" classname="Test Cases/KBB New Car By Make" status="PASSED">
         <system-out><![CDATA[23-05-2024T23:59:17 - [TEST_CASE][PASSED] - Test Cases/KBB New Car By Make: Test Cases/KBB New Car By Make

23-05-2024T23:59:17 - [TEST_STEP][PASSED] - openBrowser(""): Browser is opened with url: ''

23-05-2024T23:59:17 - [MESSAGE][INFO] - Starting 'Chrome' driver

23-05-2024T23:59:17 - [MESSAGE][INFO] - Action delay is set to 0 milliseconds

23-05-2024T23:59:18 - [MESSAGE][PASSED] - Browser is opened with url: ''

23-05-2024T23:59:18 - [TEST_STEP][PASSED] - navigateToUrl("https://www.kbb.com/"): Navigate to 'https://www.kbb.com/' successfully

23-05-2024T23:59:22 - [MESSAGE][PASSED] - Navigate to 'https://www.kbb.com/' successfully

23-05-2024T23:59:22 - [TEST_STEP][PASSED] - verifyElementPresent(findTestObject("Object Repository/Page_Kelley Blue Book  New and Used Car Pri_e90311/div_New Cars by MakeFilter by MakeRecommend_3ab7fc"), 0): Object 'Object Repository/Page_Kelley Blue Book  New and Used Car Pri_e90311/div_New Cars by MakeFilter by MakeRecommend_3ab7fc' is present

23-05-2024T23:59:22 - [MESSAGE][WARNING] - Timeout '0' is invalid. Using default page load timeout: '30'

23-05-2024T23:59:24 - [MESSAGE][PASSED] - Object 'Object Repository/Page_Kelley Blue Book  New and Used Car Pri_e90311/div_New Cars by MakeFilter by MakeRecommend_3ab7fc' is present

23-05-2024T23:59:24 - [TEST_STEP][PASSED] - closeBrowser(): Browser is closed

23-05-2024T23:59:24 - [MESSAGE][PASSED] - Browser is closed]]></system-out>
         <system-err><![CDATA[]]></system-err>
      </testcase>
      <testcase name="Test Cases/KBB Open page" time="9.223" classname="Test Cases/KBB Open page" status="PASSED">
         <system-out><![CDATA[23-05-2024T23:59:24 - [TEST_CASE][PASSED] - Test Cases/KBB Open page: Test Cases/KBB Open page

23-05-2024T23:59:24 - [TEST_STEP][PASSED] - openBrowser(""): Browser is opened with url: ''

23-05-2024T23:59:24 - [MESSAGE][INFO] - Starting 'Chrome' driver

23-05-2024T23:59:24 - [MESSAGE][INFO] - Action delay is set to 0 milliseconds

23-05-2024T23:59:24 - [MESSAGE][PASSED] - Browser is opened with url: ''

23-05-2024T23:59:24 - [TEST_STEP][PASSED] - navigateToUrl("https://www.kbb.com/"): Navigate to 'https://www.kbb.com/' successfully

23-05-2024T23:59:31 - [MESSAGE][PASSED] - Navigate to 'https://www.kbb.com/' successfully

23-05-2024T23:59:31 - [TEST_STEP][PASSED] - verifyElementPresent(findTestObject("Object Repository/Page_Kelley Blue Book  New and Used Car Pri_e90311/div_Kelley Knows CarsFrom values to repairs_2ed6c9"), 0): Object 'Object Repository/Page_Kelley Blue Book  New and Used Car Pri_e90311/div_Kelley Knows CarsFrom values to repairs_2ed6c9' is present

23-05-2024T23:59:31 - [MESSAGE][WARNING] - Timeout '0' is invalid. Using default page load timeout: '30'

23-05-2024T23:59:33 - [MESSAGE][PASSED] - Object 'Object Repository/Page_Kelley Blue Book  New and Used Car Pri_e90311/div_Kelley Knows CarsFrom values to repairs_2ed6c9' is present

23-05-2024T23:59:33 - [TEST_STEP][PASSED] - closeBrowser(): Browser is closed

23-05-2024T23:59:33 - [MESSAGE][PASSED] - Browser is closed]]></system-out>
         <system-err><![CDATA[]]></system-err>
      </testcase>
      <testcase name="Test Cases/KBB Owners Button" time="10.261" classname="Test Cases/KBB Owners Button" status="PASSED">
         <system-out><![CDATA[23-05-2024T23:59:33 - [TEST_CASE][PASSED] - Test Cases/KBB Owners Button: Test Cases/KBB Owners Button

23-05-2024T23:59:33 - [TEST_STEP][PASSED] - openBrowser(""): Browser is opened with url: ''

23-05-2024T23:59:33 - [MESSAGE][INFO] - Starting 'Chrome' driver

23-05-2024T23:59:33 - [MESSAGE][INFO] - Action delay is set to 0 milliseconds

23-05-2024T23:59:34 - [MESSAGE][PASSED] - Browser is opened with url: ''

23-05-2024T23:59:34 - [TEST_STEP][PASSED] - navigateToUrl("https://www.kbb.com/"): Navigate to 'https://www.kbb.com/' successfully

23-05-2024T23:59:39 - [MESSAGE][PASSED] - Navigate to 'https://www.kbb.com/' successfully

23-05-2024T23:59:39 - [TEST_STEP][PASSED] - verifyElementClickable(findTestObject("Object Repository/Page_Kelley Blue Book  New and Used Car Pri_e90311/span_My Cars Value")): Object 'Object Repository/Page_Kelley Blue Book  New and Used Car Pri_e90311/span_My Cars Value' is clickable

23-05-2024T23:59:41 - [MESSAGE][PASSED] - Object 'Object Repository/Page_Kelley Blue Book  New and Used Car Pri_e90311/span_My Cars Value' is clickable

23-05-2024T23:59:41 - [TEST_STEP][PASSED] - verifyElementClickable(findTestObject("Object Repository/Page_Kelley Blue Book  New and Used Car Pri_e90311/span_Shop Cars for Sale")): Object 'Object Repository/Page_Kelley Blue Book  New and Used Car Pri_e90311/span_Shop Cars for Sale' is clickable

23-05-2024T23:59:43 - [MESSAGE][PASSED] - Object 'Object Repository/Page_Kelley Blue Book  New and Used Car Pri_e90311/span_Shop Cars for Sale' is clickable

23-05-2024T23:59:43 - [TEST_STEP][PASSED] - closeBrowser(): Browser is closed

23-05-2024T23:59:43 - [MESSAGE][PASSED] - Browser is closed]]></system-out>
         <system-err><![CDATA[]]></system-err>
      </testcase>
      <testcase name="Test Cases/KBB Shop Smart Section" time="17.942" classname="Test Cases/KBB Shop Smart Section" status="PASSED">
         <system-out><![CDATA[23-05-2024T23:59:43 - [TEST_CASE][PASSED] - Test Cases/KBB Shop Smart Section: Test Cases/KBB Shop Smart Section

23-05-2024T23:59:43 - [TEST_STEP][PASSED] - openBrowser(""): Browser is opened with url: ''

23-05-2024T23:59:43 - [MESSAGE][INFO] - Starting 'Chrome' driver

23-05-2024T23:59:43 - [MESSAGE][INFO] - Action delay is set to 0 milliseconds

23-05-2024T23:59:44 - [MESSAGE][PASSED] - Browser is opened with url: ''

23-05-2024T23:59:44 - [TEST_STEP][PASSED] - navigateToUrl("https://www.kbb.com/"): Navigate to 'https://www.kbb.com/' successfully

23-05-2024T23:59:50 - [MESSAGE][PASSED] - Navigate to 'https://www.kbb.com/' successfully

23-05-2024T23:59:50 - [TEST_STEP][PASSED] - verifyElementPresent(findTestObject("Object Repository/Page_Kelley Blue Book  New and Used Car Pri_e90311/div_Shop SmartLet Kelley Help You Shop Like_3c8d09"), 0): Object 'Object Repository/Page_Kelley Blue Book  New and Used Car Pri_e90311/div_Shop SmartLet Kelley Help You Shop Like_3c8d09' is present

23-05-2024T23:59:50 - [MESSAGE][WARNING] - Timeout '0' is invalid. Using default page load timeout: '30'

23-05-2024T23:59:53 - [MESSAGE][PASSED] - Object 'Object Repository/Page_Kelley Blue Book  New and Used Car Pri_e90311/div_Shop SmartLet Kelley Help You Shop Like_3c8d09' is present

23-05-2024T23:59:53 - [TEST_STEP][PASSED] - verifyElementPresent(findTestObject("Object Repository/Page_Kelley Blue Book  New and Used Car Pri_e90311/div_Start with Your Current Car Get an esti_fc61f8"), 0): Object 'Object Repository/Page_Kelley Blue Book  New and Used Car Pri_e90311/div_Start with Your Current Car Get an esti_fc61f8' is present

23-05-2024T23:59:53 - [MESSAGE][WARNING] - Timeout '0' is invalid. Using default page load timeout: '30'

23-05-2024T23:59:55 - [MESSAGE][PASSED] - Object 'Object Repository/Page_Kelley Blue Book  New and Used Car Pri_e90311/div_Start with Your Current Car Get an esti_fc61f8' is present

23-05-2024T23:59:55 - [TEST_STEP][PASSED] - verifyElementPresent(findTestObject("Object Repository/Page_Kelley Blue Book  New and Used Car Pri_e90311/div_Recommended for You2024 Chevrolet Silve_87628b"), 0): Object 'Object Repository/Page_Kelley Blue Book  New and Used Car Pri_e90311/div_Recommended for You2024 Chevrolet Silve_87628b' is present

23-05-2024T23:59:55 - [MESSAGE][WARNING] - Timeout '0' is invalid. Using default page load timeout: '30'

23-05-2024T23:59:57 - [MESSAGE][PASSED] - Object 'Object Repository/Page_Kelley Blue Book  New and Used Car Pri_e90311/div_Recommended for You2024 Chevrolet Silve_87628b' is present

23-05-2024T23:59:57 - [TEST_STEP][PASSED] - verifyElementPresent(findTestObject("Object Repository/Page_Kelley Blue Book  New and Used Car Pri_e90311/div_Get an Instant Cash OfferUse it to purc_7f8737"), 0): Object 'Object Repository/Page_Kelley Blue Book  New and Used Car Pri_e90311/div_Get an Instant Cash OfferUse it to purc_7f8737' is present

23-05-2024T23:59:57 - [MESSAGE][WARNING] - Timeout '0' is invalid. Using default page load timeout: '30'

23-05-2024T23:59:59 - [MESSAGE][PASSED] - Object 'Object Repository/Page_Kelley Blue Book  New and Used Car Pri_e90311/div_Get an Instant Cash OfferUse it to purc_7f8737' is present

23-05-2024T23:59:59 - [TEST_STEP][PASSED] - verifyElementPresent(findTestObject("Object Repository/Page_Kelley Blue Book  New and Used Car Pri_e90311/div_Know Your ScoreCar shopping Check your _71532d"), 0): Object 'Object Repository/Page_Kelley Blue Book  New and Used Car Pri_e90311/div_Know Your ScoreCar shopping Check your _71532d' is present

23-05-2024T23:59:59 - [MESSAGE][WARNING] - Timeout '0' is invalid. Using default page load timeout: '30'

24-05-2024T00:00:01 - [MESSAGE][PASSED] - Object 'Object Repository/Page_Kelley Blue Book  New and Used Car Pri_e90311/div_Know Your ScoreCar shopping Check your _71532d' is present

24-05-2024T00:00:01 - [TEST_STEP][PASSED] - closeBrowser(): Browser is closed

24-05-2024T00:00:01 - [MESSAGE][PASSED] - Browser is closed]]></system-out>
         <system-err><![CDATA[]]></system-err>
      </testcase>
      <testcase name="Test Cases/KBB Your Car Guide" time="14.373" classname="Test Cases/KBB Your Car Guide" status="PASSED">
         <system-out><![CDATA[24-05-2024T00:00:01 - [TEST_CASE][PASSED] - Test Cases/KBB Your Car Guide: Test Cases/KBB Your Car Guide

24-05-2024T00:00:01 - [TEST_STEP][PASSED] - openBrowser(""): Browser is opened with url: ''

24-05-2024T00:00:01 - [MESSAGE][INFO] - Starting 'Chrome' driver

24-05-2024T00:00:01 - [MESSAGE][INFO] - Action delay is set to 0 milliseconds

24-05-2024T00:00:02 - [MESSAGE][PASSED] - Browser is opened with url: ''

24-05-2024T00:00:02 - [TEST_STEP][PASSED] - navigateToUrl("https://www.kbb.com/"): Navigate to 'https://www.kbb.com/' successfully

24-05-2024T00:00:14 - [MESSAGE][PASSED] - Navigate to 'https://www.kbb.com/' successfully

24-05-2024T00:00:14 - [TEST_STEP][PASSED] - verifyElementPresent(findTestObject("Object Repository/Page_Kelley Blue Book  New and Used Car Pri_e90311/div_Your Car Guide"), 0): Object 'Object Repository/Page_Kelley Blue Book  New and Used Car Pri_e90311/div_Your Car Guide' is present

24-05-2024T00:00:14 - [MESSAGE][WARNING] - Timeout '0' is invalid. Using default page load timeout: '30'

24-05-2024T00:00:16 - [MESSAGE][PASSED] - Object 'Object Repository/Page_Kelley Blue Book  New and Used Car Pri_e90311/div_Your Car Guide' is present

24-05-2024T00:00:16 - [TEST_STEP][PASSED] - closeBrowser(): Browser is closed

24-05-2024T00:00:16 - [MESSAGE][PASSED] - Browser is closed]]></system-out>
         <system-err><![CDATA[]]></system-err>
      </testcase>
      <system-out><![CDATA[23-05-2024T23:58:03 - [TEST_SUITE][PASSED] - KBB Home: Test Cases/KBB Your Car Guide]]></system-out>
      <system-err><![CDATA[]]></system-err>
   </testsuite>
</testsuites>
